###############################################################################
#
# IAR ANSI C/C++ Compiler V8.32.3.193/W32 for ARM         10/Jun/2019  13:47:59
# Copyright 1999-2019 IAR Systems AB.
#
#    Cpu mode     =  
#    Endian       =  little
#    Source file  =  
#        C:\Development\smart_washing_machine_3080\csdk\eng\dev_bind\impl\awss_cmp_mqtt.c
#    Command line =  
#        -f C:\Users\nxf42695\AppData\Local\Temp\1\EW8C06.tmp
#        (C:\Development\smart_washing_machine_3080\csdk\eng\dev_bind\impl\awss_cmp_mqtt.c
#        -D DEBUG -D USE_RTOS -D XIP_EXTERNAL_FLASH=1 -D
#        XIP_BOOT_HEADER_ENABLE=1 -D CPU_MIMXRT1052DVL6B -D FSL_RTOS_FREE_RTOS
#        -D PRINTF_ADVANCED_ENABLE -D
#        "MBEDTLS_CONFIG_FILE=\"ksdk_mbedtls_config.h\"" -lC
#        C:\Development\smart_washing_machine_3080\flexspi_nor_debug\list -lA
#        C:\Development\smart_washing_machine_3080\flexspi_nor_debug\list
#        --diag_suppress Pa082,Pa050 -o
#        C:\Development\smart_washing_machine_3080\flexspi_nor_debug\obj
#        --no_cse --no_unroll --no_inline --no_code_motion --no_tbaa
#        --no_clustering --no_scheduling --debug --endian=little
#        --cpu=Cortex-M7 -e --fpu=VFPv5_d16 --dlib_config "C:\Program Files
#        (x86)\IAR Systems\Embedded Workbench
#        8.2\arm\inc\c\DLib_Config_Normal.h" --preinclude
#        C:\Development\smart_washing_machine_3080/source\app_preinclude.h -I
#        C:\Development\smart_washing_machine_3080/board\ -I
#        C:\Development\smart_washing_machine_3080/source\ -I
#        C:\Development\smart_washing_machine_3080/CMSIS\ -I
#        C:\Development\smart_washing_machine_3080/amazon-freertos/freertos/portable\
#        -I C:\Development\smart_washing_machine_3080/amazon-freertos/include\
#        -I C:\Development\smart_washing_machine_3080/component/lists\ -I
#        C:\Development\smart_washing_machine_3080/component/serial_manager\ -I
#        C:\Development\smart_washing_machine_3080/component/uart\ -I
#        C:\Development\smart_washing_machine_3080/component/kv\ -I
#        C:\Development\smart_washing_machine_3080/component/kv/include\ -I
#        C:\Development\smart_washing_machine_3080/device\ -I
#        C:\Development\smart_washing_machine_3080/doc\ -I
#        C:\Development\smart_washing_machine_3080/drivers\ -I
#        C:\Development\smart_washing_machine_3080/src\ -I
#        C:\Development\smart_washing_machine_3080/startup\ -I
#        C:\Development\smart_washing_machine_3080/utilities\ -I
#        C:\Development\smart_washing_machine_3080/xip\ -I
#        C:\Development\smart_washing_machine_3080\csdk\eng\ -I
#        C:\Development\smart_washing_machine_3080\csdk\eng\atm\ -I
#        C:\Development\smart_washing_machine_3080\csdk\eng\dev_model\ -I
#        C:\Development\smart_washing_machine_3080\csdk\eng\dev_sign\ -I
#        C:\Development\smart_washing_machine_3080\csdk\eng\infra\ -I
#        C:\Development\smart_washing_machine_3080\csdk\eng\mqtt\ -I
#        C:\Development\smart_washing_machine_3080\csdk\eng\wrappers\ -I
#        C:\Development\smart_washing_machine_3080\csdk\eng\wrappers\external_libs\
#        -I C:\Development\smart_washing_machine_3080\csdk\eng\coap_cloud\ -I
#        C:\Development\smart_washing_machine_3080\csdk\eng\coap_server\ -I
#        C:\Development\smart_washing_machine_3080\csdk\eng\coap_server\CoAPPacket\
#        -I
#        C:\Development\smart_washing_machine_3080\csdk\eng\coap_server\server\
#        -I C:\Development\smart_washing_machine_3080\csdk\eng\dev_bind\ -I
#        C:\Development\smart_washing_machine_3080\csdk\eng\dev_bind\impl\ -I
#        C:\Development\smart_washing_machine_3080\csdk\eng\dev_bind\impl\os\
#        -I
#        C:\Development\smart_washing_machine_3080\csdk\eng\dev_bind\impl\awss_reset\
#        -I C:\Development\smart_washing_machine_3080\mbedtls\include\mbedtls\
#        -I C:\Development\smart_washing_machine_3080\mbedtls\include\ -I
#        C:\Development\smart_washing_machine_3080\mbedtls\port\ksdk\ -Om)
#    Locale       =  C
#    List file    =  
#        C:\Development\smart_washing_machine_3080\flexspi_nor_debug\list\awss_cmp_mqtt.lst
#    Object file  =  
#        C:\Development\smart_washing_machine_3080\flexspi_nor_debug\obj\awss_cmp_mqtt.o
#
###############################################################################

C:\Development\smart_washing_machine_3080\csdk\eng\dev_bind\impl\awss_cmp_mqtt.c
      1          /*
      2           * Copyright (C) 2015-2018 Alibaba Group Holding Limited
      3           */
      4          #include "dev_bind_internal.h"

  typedef void *p_HAL_Aes128_t;
                ^
"C:\Development\smart_washing_machine_3080\csdk\eng\dev_bind\impl\os\os.h",49  Warning[Pe301]: 
          typedef name has already been declared (with same type)
      5          
      6          #if defined(__cplusplus)  /* If this is a C++ compiler, use C linkage */
      7          extern "C" {
      8          #endif
      9          

   \                                 In section .bss, align 1
     10          static char online_init = 0;
   \                     online_init:
   \        0x0                      DS8 1
     11          

   \                                 In section .text, align 2, keep-with-next
     12          int awss_cmp_mqtt_register_cb(char *topic, void *cb)
     13          {
   \                     awss_cmp_mqtt_register_cb: (+1)
   \        0x0   0xB580             PUSH     {R7,LR}
   \        0x2   0x460B             MOV      R3,R1
     14              if (topic == NULL) {
   \        0x4   0x2800             CMP      R0,#+0
   \        0x6   0xD102             BNE.N    ??awss_cmp_mqtt_register_cb_0
     15                  return -1;
   \        0x8   0xF04F 0x30FF      MOV      R0,#-1
   \        0xC   0xBD02             POP      {R1,PC}
     16              }
     17          
     18              return IOT_MQTT_Subscribe(NULL, topic, 0, (iotx_mqtt_event_handle_func_fpt)cb, NULL);
                                                            ^
Warning[Pe188]: enumerated type mixed with another type
   \                     ??awss_cmp_mqtt_register_cb_0: (+1)
   \        0xE   0x2100             MOVS     R1,#+0
   \       0x10   0x9100             STR      R1,[SP, #+0]
   \       0x12   0x460A             MOV      R2,R1
   \       0x14   0x4601             MOV      R1,R0
   \       0x16   0x4610             MOV      R0,R2
   \       0x18   0x....'....        BL       IOT_MQTT_Subscribe
   \       0x1C   0xBD02             POP      {R1,PC}          ;; return
     19          }
     20          

   \                                 In section .text, align 2, keep-with-next
     21          int awss_cmp_mqtt_unregister_cb(char *topic)
     22          {
   \                     awss_cmp_mqtt_unregister_cb: (+1)
   \        0x0   0x4601             MOV      R1,R0
     23              return IOT_MQTT_Unsubscribe(NULL, topic);
   \        0x2   0x2000             MOVS     R0,#+0
   \        0x4   0x....'....        B.W      IOT_MQTT_Unsubscribe
     24          }
     25          

   \                                 In section .text, align 2, keep-with-next
     26          int awss_cmp_mqtt_send(char *topic, void *data, int len, int qos)
     27          {
   \                     awss_cmp_mqtt_send: (+1)
   \        0x0   0xB51C             PUSH     {R2-R4,LR}
   \        0x2   0x461C             MOV      R4,R3
     28              return IOT_MQTT_Publish_Simple(NULL, topic, qos, data, len);  /* IOTX_MQTT_QOS1 or IOTX_MQTT_QOS1 */
   \        0x4   0x9200             STR      R2,[SP, #+0]
   \        0x6   0x460B             MOV      R3,R1
   \        0x8   0x4622             MOV      R2,R4
   \        0xA   0x4601             MOV      R1,R0
   \        0xC   0x2000             MOVS     R0,#+0
   \        0xE   0x....'....        BL       IOT_MQTT_Publish_Simple
   \       0x12   0xBD16             POP      {R1,R2,R4,PC}    ;; return
     29          }
     30          

   \                                 In section .rodata, align 4
     31          const struct awss_cmp_couple awss_online_couple[] = {
   \                     awss_online_couple:
   \        0x0   0xFFFF'FFFF        DC32 -1, ?_0, awss_report_token_reply
   \              0x....'....  
   \              0x....'....  
     32              {-1, TOPIC_MATCH_REPORT_REPLY, (void *)awss_report_token_reply},
     33          #ifdef WIFI_PROVISION_ENABLED
     34          #ifndef AWSS_DISABLE_REGISTRAR
     35              {-1, TOPIC_ZC_CHECKIN,         awss_enrollee_checkin},
     36              {-1, TOPIC_ZC_ENROLLEE_REPLY,  awss_report_enrollee_reply},
     37              {-1, TOPIC_ZC_CIPHER_REPLY,    awss_get_cipher_reply},
     38          #endif
     39              {-1, TOPIC_SWITCHAP,           awss_online_switchap}
     40          #endif
     41          };
     42          

   \                                 In section .text, align 2, keep-with-next
     43          int awss_cmp_online_init()
     44          {
   \                     awss_cmp_online_init: (+1)
   \        0x0   0xB538             PUSH     {R3-R5,LR}
   \        0x2   0xB0A0             SUB      SP,SP,#+128
     45              int i;
     46              char topic[TOPIC_LEN_MAX] = {0};
   \        0x4   0x4668             MOV      R0,SP
   \        0x6   0x2180             MOVS     R1,#+128
   \        0x8   0x....'....        BL       __aeabi_memclr4
     47              if (online_init) {
   \        0xC   0x....             LDR.N    R4,??DataTable2
   \        0xE   0x7820             LDRB     R0,[R4, #+0]
   \       0x10   0x2800             CMP      R0,#+0
   \       0x12   0xD001             BEQ.N    ??awss_cmp_online_init_0
     48                  return 0;
   \       0x14   0x2000             MOVS     R0,#+0
   \       0x16   0xE016             B.N      ??awss_cmp_online_init_1
     49              }
     50          
     51          
     52              for (i = 0; i < sizeof(awss_online_couple) / sizeof(awss_online_couple[0]); i ++) {
   \                     ??awss_cmp_online_init_0: (+1)
   \       0x18   0x2000             MOVS     R0,#+0
   \       0x1A   0x....             LDR.N    R5,??DataTable2_1
   \       0x1C   0xE00E             B.N      ??awss_cmp_online_init_2
     53                  int res = -1;
                             ^
Warning[Pe550]: variable "res" was set but never used
     54                  memset(topic, 0, sizeof(topic));
   \                     ??awss_cmp_online_init_3: (+1)
   \       0x1E   0x2200             MOVS     R2,#+0
   \       0x20   0x2180             MOVS     R1,#+128
   \       0x22   0x4668             MOV      R0,SP
   \       0x24   0x....'....        BL       __aeabi_memset4
     55                  awss_build_topic(awss_online_couple[i].topic, topic, TOPIC_LEN_MAX);
   \       0x28   0x2280             MOVS     R2,#+128
   \       0x2A   0x4669             MOV      R1,SP
   \       0x2C   0x6868             LDR      R0,[R5, #+4]
   \       0x2E   0x....'....        BL       awss_build_topic
     56                  res = awss_cmp_mqtt_register_cb(topic, awss_online_couple[i].cb);
   \       0x32   0x68A9             LDR      R1,[R5, #+8]
   \       0x34   0x4668             MOV      R0,SP
   \       0x36   0x....'....        BL       awss_cmp_mqtt_register_cb
     57                  awss_debug("sub %s %s\n", topic, res < 0 ? "fail" : "success");
     58              }
   \       0x3A   0x2001             MOVS     R0,#+1
   \                     ??awss_cmp_online_init_2: (+1)
   \       0x3C   0x2800             CMP      R0,#+0
   \       0x3E   0xD0EE             BEQ.N    ??awss_cmp_online_init_3
     59          
     60              online_init = 1;
   \       0x40   0x2001             MOVS     R0,#+1
   \       0x42   0x7020             STRB     R0,[R4, #+0]
     61          
     62              return 0;
   \       0x44   0x2000             MOVS     R0,#+0
   \                     ??awss_cmp_online_init_1: (+1)
   \       0x46   0xB021             ADD      SP,SP,#+132
   \       0x48   0xBD30             POP      {R4,R5,PC}       ;; return
     63          }
     64          

   \                                 In section .text, align 2, keep-with-next
     65          int awss_cmp_online_deinit()
     66          {
   \                     awss_cmp_online_deinit: (+1)
   \        0x0   0xB510             PUSH     {R4,LR}
   \        0x2   0xB0A0             SUB      SP,SP,#+128
     67              uint8_t i;
     68              char topic[TOPIC_LEN_MAX] = {0};
   \        0x4   0x4668             MOV      R0,SP
   \        0x6   0x2180             MOVS     R1,#+128
   \        0x8   0x....'....        BL       __aeabi_memclr4
     69          
     70              if (!online_init) {
   \        0xC   0x....             LDR.N    R4,??DataTable2
   \        0xE   0x7820             LDRB     R0,[R4, #+0]
   \       0x10   0x2800             CMP      R0,#+0
   \       0x12   0xD101             BNE.N    ??awss_cmp_online_deinit_0
     71                  return 0;
   \       0x14   0x2000             MOVS     R0,#+0
   \       0x16   0xE016             B.N      ??awss_cmp_online_deinit_1
     72              }
     73          
     74              awss_dev_bind_notify_stop();
   \                     ??awss_cmp_online_deinit_0: (+1)
   \       0x18   0x....'....        BL       awss_dev_bind_notify_stop
     75          
     76              for (i = 0; i < sizeof(awss_online_couple) / sizeof(awss_online_couple[0]); i ++) {
   \       0x1C   0x2000             MOVS     R0,#+0
   \       0x1E   0xE00E             B.N      ??awss_cmp_online_deinit_2
     77                  memset(topic, 0, sizeof(topic));
   \                     ??awss_cmp_online_deinit_3: (+1)
   \       0x20   0x2200             MOVS     R2,#+0
   \       0x22   0x2180             MOVS     R1,#+128
   \       0x24   0x4668             MOV      R0,SP
   \       0x26   0x....'....        BL       __aeabi_memset4
     78                  awss_build_topic(awss_online_couple[i].topic, topic, TOPIC_LEN_MAX);
   \       0x2A   0x2280             MOVS     R2,#+128
   \       0x2C   0x4669             MOV      R1,SP
   \       0x2E   0x....             LDR.N    R0,??DataTable2_1
   \       0x30   0x6840             LDR      R0,[R0, #+4]
   \       0x32   0x....'....        BL       awss_build_topic
     79                  awss_cmp_mqtt_unregister_cb(topic);
   \       0x36   0x4668             MOV      R0,SP
   \       0x38   0x....'....        BL       awss_cmp_mqtt_unregister_cb
     80              }
   \       0x3C   0x2001             MOVS     R0,#+1
   \                     ??awss_cmp_online_deinit_2: (+1)
   \       0x3E   0x2800             CMP      R0,#+0
   \       0x40   0xD0EE             BEQ.N    ??awss_cmp_online_deinit_3
     81          
     82              online_init = 0;
   \       0x42   0x2000             MOVS     R0,#+0
   \       0x44   0x7020             STRB     R0,[R4, #+0]
     83          
     84              return 0;
   \                     ??awss_cmp_online_deinit_1: (+1)
   \       0x46   0xB020             ADD      SP,SP,#+128
   \       0x48   0xBD10             POP      {R4,PC}          ;; return
     85          }
     86          

   \                                 In section .text, align 2, keep-with-next
     87          int awss_cmp_mqtt_get_payload(void *mesg, char **payload, uint32_t *playload_len)
     88          {
     89              iotx_mqtt_event_msg_pt msg;
     90              iotx_mqtt_topic_info_pt ptopic_info;
     91              if (mesg == NULL || payload == NULL || playload_len == NULL) {
   \                     awss_cmp_mqtt_get_payload: (+1)
   \        0x0   0x2800             CMP      R0,#+0
   \        0x2   0xD003             BEQ.N    ??awss_cmp_mqtt_get_payload_0
   \        0x4   0x2900             CMP      R1,#+0
   \        0x6   0xD001             BEQ.N    ??awss_cmp_mqtt_get_payload_0
   \        0x8   0x2A00             CMP      R2,#+0
   \        0xA   0xD102             BNE.N    ??awss_cmp_mqtt_get_payload_1
     92                  return - 1;
   \                     ??awss_cmp_mqtt_get_payload_0: (+1)
   \        0xC   0xF04F 0x30FF      MOV      R0,#-1
   \       0x10   0x4770             BX       LR
     93              }
     94          
     95              msg = (iotx_mqtt_event_msg_pt)mesg;
     96              ptopic_info = (iotx_mqtt_topic_info_pt) msg->msg;
   \                     ??awss_cmp_mqtt_get_payload_1: (+1)
   \       0x12   0x6843             LDR      R3,[R0, #+4]
     97          
     98          
     99              switch (msg->event_type) {
   \       0x14   0x7800             LDRB     R0,[R0, #+0]
   \       0x16   0x280C             CMP      R0,#+12
   \       0x18   0xD105             BNE.N    ??awss_cmp_mqtt_get_payload_2
    100                  case IOTX_MQTT_EVENT_PUBLISH_RECEIVED:
    101                      *playload_len = ptopic_info->payload_len;
   \       0x1A   0x6898             LDR      R0,[R3, #+8]
   \       0x1C   0x6010             STR      R0,[R2, #+0]
    102                      *payload = (char *)ptopic_info->payload;
   \       0x1E   0x6918             LDR      R0,[R3, #+16]
   \       0x20   0x6008             STR      R0,[R1, #+0]
    103                      break;
    104                  default:
    105                      return -1;
    106              }
    107              return 0;
   \       0x22   0x2000             MOVS     R0,#+0
   \       0x24   0x4770             BX       LR
   \                     ??awss_cmp_mqtt_get_payload_2: (+1)
   \       0x26   0xF04F 0x30FF      MOV      R0,#-1
   \       0x2A   0x4770             BX       LR               ;; return
    108          }

   \                                 In section .text, align 4, keep-with-next
   \                     ??DataTable2:
   \        0x0   0x....'....        DC32     online_init

   \                                 In section .text, align 4, keep-with-next
   \                     ??DataTable2_1:
   \        0x0   0x....'....        DC32     awss_online_couple

   \                                 In section .rodata, align 4
   \                     ?_0:
   \        0x0   0x2F 0x73          DC8 "/sys/%s/%s/thing/awss/enrollee/match_reply"
   \              0x79 0x73    
   \              0x2F 0x25    
   \              0x73 0x2F    
   \              0x25 0x73    
   \              0x2F 0x74    
   \              0x68 0x69    
   \              0x6E 0x67    
   \              0x2F 0x61    
   \              0x77 0x73    
   \              0x73 0x2F    
   \              0x65 0x6E    
   \              0x72 0x6F    
   \              0x6C 0x6C    
   \              0x65 0x65    
   \              0x2F 0x6D    
   \              0x61 0x74    
   \              0x63 0x68    
   \              0x5F 0x72    
   \              0x65 0x70    
   \              0x6C 0x79    
   \              0x00         
   \       0x2B   0x00               DC8 0

   \                                 In section .rodata, align 4
   \        0x0   0x00 0x00          DC8 0, 0, 0, 0, 0, 0, 0, 0, 0, 0, 0, 0, 0, 0, 0, 0, 0, 0, 0, 0, 0, 0, 0
   \              0x00 0x00    
   \              0x00 0x00    
   \              0x00 0x00    
   \              0x00 0x00    
   \              0x00 0x00    
   \              0x00 0x00    
   \              0x00 0x00    
   \              0x00 0x00    
   \              0x00 0x00    
   \              0x00 0x00    
   \              0x00         
   \       0x17   0x00 0x00          DC8 0, 0, 0, 0, 0, 0, 0, 0, 0, 0, 0, 0, 0, 0, 0, 0, 0, 0, 0, 0, 0, 0, 0
   \              0x00 0x00    
   \              0x00 0x00    
   \              0x00 0x00    
   \              0x00 0x00    
   \              0x00 0x00    
   \              0x00 0x00    
   \              0x00 0x00    
   \              0x00 0x00    
   \              0x00 0x00    
   \              0x00 0x00    
   \              0x00         
   \       0x2E   0x00 0x00          DC8 0, 0, 0, 0, 0, 0, 0, 0, 0, 0, 0, 0, 0, 0, 0, 0, 0, 0, 0, 0, 0, 0, 0
   \              0x00 0x00    
   \              0x00 0x00    
   \              0x00 0x00    
   \              0x00 0x00    
   \              0x00 0x00    
   \              0x00 0x00    
   \              0x00 0x00    
   \              0x00 0x00    
   \              0x00 0x00    
   \              0x00 0x00    
   \              0x00         
   \       0x45   0x00 0x00          DC8 0, 0, 0, 0, 0, 0, 0, 0, 0, 0, 0, 0, 0, 0, 0, 0, 0, 0, 0, 0, 0, 0, 0
   \              0x00 0x00    
   \              0x00 0x00    
   \              0x00 0x00    
   \              0x00 0x00    
   \              0x00 0x00    
   \              0x00 0x00    
   \              0x00 0x00    
   \              0x00 0x00    
   \              0x00 0x00    
   \              0x00 0x00    
   \              0x00         
   \       0x5C   0x00 0x00          DC8 0, 0, 0, 0, 0, 0, 0, 0, 0, 0, 0, 0, 0, 0, 0, 0, 0, 0, 0, 0, 0, 0, 0
   \              0x00 0x00    
   \              0x00 0x00    
   \              0x00 0x00    
   \              0x00 0x00    
   \              0x00 0x00    
   \              0x00 0x00    
   \              0x00 0x00    
   \              0x00 0x00    
   \              0x00 0x00    
   \              0x00 0x00    
   \              0x00         
   \       0x73   0x00 0x00          DC8 0, 0, 0, 0, 0, 0, 0, 0, 0, 0, 0, 0, 0
   \              0x00 0x00    
   \              0x00 0x00    
   \              0x00 0x00    
   \              0x00 0x00    
   \              0x00 0x00    
   \              0x00         

   \                                 In section .rodata, align 4
   \        0x0   0x00 0x00          DC8 0, 0, 0, 0, 0, 0, 0, 0, 0, 0, 0, 0, 0, 0, 0, 0, 0, 0, 0, 0, 0, 0, 0
   \              0x00 0x00    
   \              0x00 0x00    
   \              0x00 0x00    
   \              0x00 0x00    
   \              0x00 0x00    
   \              0x00 0x00    
   \              0x00 0x00    
   \              0x00 0x00    
   \              0x00 0x00    
   \              0x00 0x00    
   \              0x00         
   \       0x17   0x00 0x00          DC8 0, 0, 0, 0, 0, 0, 0, 0, 0, 0, 0, 0, 0, 0, 0, 0, 0, 0, 0, 0, 0, 0, 0
   \              0x00 0x00    
   \              0x00 0x00    
   \              0x00 0x00    
   \              0x00 0x00    
   \              0x00 0x00    
   \              0x00 0x00    
   \              0x00 0x00    
   \              0x00 0x00    
   \              0x00 0x00    
   \              0x00 0x00    
   \              0x00         
   \       0x2E   0x00 0x00          DC8 0, 0, 0, 0, 0, 0, 0, 0, 0, 0, 0, 0, 0, 0, 0, 0, 0, 0, 0, 0, 0, 0, 0
   \              0x00 0x00    
   \              0x00 0x00    
   \              0x00 0x00    
   \              0x00 0x00    
   \              0x00 0x00    
   \              0x00 0x00    
   \              0x00 0x00    
   \              0x00 0x00    
   \              0x00 0x00    
   \              0x00 0x00    
   \              0x00         
   \       0x45   0x00 0x00          DC8 0, 0, 0, 0, 0, 0, 0, 0, 0, 0, 0, 0, 0, 0, 0, 0, 0, 0, 0, 0, 0, 0, 0
   \              0x00 0x00    
   \              0x00 0x00    
   \              0x00 0x00    
   \              0x00 0x00    
   \              0x00 0x00    
   \              0x00 0x00    
   \              0x00 0x00    
   \              0x00 0x00    
   \              0x00 0x00    
   \              0x00 0x00    
   \              0x00         
   \       0x5C   0x00 0x00          DC8 0, 0, 0, 0, 0, 0, 0, 0, 0, 0, 0, 0, 0, 0, 0, 0, 0, 0, 0, 0, 0, 0, 0
   \              0x00 0x00    
   \              0x00 0x00    
   \              0x00 0x00    
   \              0x00 0x00    
   \              0x00 0x00    
   \              0x00 0x00    
   \              0x00 0x00    
   \              0x00 0x00    
   \              0x00 0x00    
   \              0x00 0x00    
   \              0x00         
   \       0x73   0x00 0x00          DC8 0, 0, 0, 0, 0, 0, 0, 0, 0, 0, 0, 0, 0
   \              0x00 0x00    
   \              0x00 0x00    
   \              0x00 0x00    
   \              0x00 0x00    
   \              0x00 0x00    
   \              0x00         
    109          #if defined(__cplusplus)  /* If this is a C++ compiler, use C linkage */
    110          }
    111          #endif

   Maximum stack usage in bytes:

   .cstack Function
   ------- --------
       0   awss_cmp_mqtt_get_payload
       8   awss_cmp_mqtt_register_cb
         8   -> IOT_MQTT_Subscribe
      16   awss_cmp_mqtt_send
        16   -> IOT_MQTT_Publish_Simple
       0   awss_cmp_mqtt_unregister_cb
         0   -> IOT_MQTT_Unsubscribe
     136   awss_cmp_online_deinit
       136   -> __aeabi_memclr4
       136   -> __aeabi_memset4
       136   -> awss_build_topic
       136   -> awss_cmp_mqtt_unregister_cb
       136   -> awss_dev_bind_notify_stop
     144   awss_cmp_online_init
       144   -> __aeabi_memclr4
       144   -> __aeabi_memset4
       144   -> awss_build_topic
       144   -> awss_cmp_mqtt_register_cb


   Section sizes:

   Bytes  Function/Label
   -----  --------------
       4  ??DataTable2
       4  ??DataTable2_1
      44  ?_0
     128  ?_1
     128  ?_2
      44  awss_cmp_mqtt_get_payload
      30  awss_cmp_mqtt_register_cb
      20  awss_cmp_mqtt_send
       8  awss_cmp_mqtt_unregister_cb
      74  awss_cmp_online_deinit
      74  awss_cmp_online_init
      12  awss_online_couple
       1  online_init

 
   1 byte  in section .bss
 312 bytes in section .rodata
 258 bytes in section .text
 
 258 bytes of CODE  memory
 312 bytes of CONST memory
   1 byte  of DATA  memory

Errors: none
Warnings: 3
