###############################################################################
#
# IAR ANSI C/C++ Compiler V8.32.3.193/W32 for ARM         10/Jun/2019  13:47:59
# Copyright 1999-2019 IAR Systems AB.
#
#    Cpu mode     =  
#    Endian       =  little
#    Source file  =  
#        C:\Development\smart_washing_machine_3080\csdk\eng\dev_bind\impl\awss_event.c
#    Command line =  
#        -f C:\Users\nxf42695\AppData\Local\Temp\1\EW8D21.tmp
#        (C:\Development\smart_washing_machine_3080\csdk\eng\dev_bind\impl\awss_event.c
#        -D DEBUG -D USE_RTOS -D XIP_EXTERNAL_FLASH=1 -D
#        XIP_BOOT_HEADER_ENABLE=1 -D CPU_MIMXRT1052DVL6B -D FSL_RTOS_FREE_RTOS
#        -D PRINTF_ADVANCED_ENABLE -D
#        "MBEDTLS_CONFIG_FILE=\"ksdk_mbedtls_config.h\"" -lC
#        C:\Development\smart_washing_machine_3080\flexspi_nor_debug\list -lA
#        C:\Development\smart_washing_machine_3080\flexspi_nor_debug\list
#        --diag_suppress Pa082,Pa050 -o
#        C:\Development\smart_washing_machine_3080\flexspi_nor_debug\obj
#        --no_cse --no_unroll --no_inline --no_code_motion --no_tbaa
#        --no_clustering --no_scheduling --debug --endian=little
#        --cpu=Cortex-M7 -e --fpu=VFPv5_d16 --dlib_config "C:\Program Files
#        (x86)\IAR Systems\Embedded Workbench
#        8.2\arm\inc\c\DLib_Config_Normal.h" --preinclude
#        C:\Development\smart_washing_machine_3080/source\app_preinclude.h -I
#        C:\Development\smart_washing_machine_3080/board\ -I
#        C:\Development\smart_washing_machine_3080/source\ -I
#        C:\Development\smart_washing_machine_3080/CMSIS\ -I
#        C:\Development\smart_washing_machine_3080/amazon-freertos/freertos/portable\
#        -I C:\Development\smart_washing_machine_3080/amazon-freertos/include\
#        -I C:\Development\smart_washing_machine_3080/component/lists\ -I
#        C:\Development\smart_washing_machine_3080/component/serial_manager\ -I
#        C:\Development\smart_washing_machine_3080/component/uart\ -I
#        C:\Development\smart_washing_machine_3080/component/kv\ -I
#        C:\Development\smart_washing_machine_3080/component/kv/include\ -I
#        C:\Development\smart_washing_machine_3080/device\ -I
#        C:\Development\smart_washing_machine_3080/doc\ -I
#        C:\Development\smart_washing_machine_3080/drivers\ -I
#        C:\Development\smart_washing_machine_3080/src\ -I
#        C:\Development\smart_washing_machine_3080/startup\ -I
#        C:\Development\smart_washing_machine_3080/utilities\ -I
#        C:\Development\smart_washing_machine_3080/xip\ -I
#        C:\Development\smart_washing_machine_3080\csdk\eng\ -I
#        C:\Development\smart_washing_machine_3080\csdk\eng\atm\ -I
#        C:\Development\smart_washing_machine_3080\csdk\eng\dev_model\ -I
#        C:\Development\smart_washing_machine_3080\csdk\eng\dev_sign\ -I
#        C:\Development\smart_washing_machine_3080\csdk\eng\infra\ -I
#        C:\Development\smart_washing_machine_3080\csdk\eng\mqtt\ -I
#        C:\Development\smart_washing_machine_3080\csdk\eng\wrappers\ -I
#        C:\Development\smart_washing_machine_3080\csdk\eng\wrappers\external_libs\
#        -I C:\Development\smart_washing_machine_3080\csdk\eng\coap_cloud\ -I
#        C:\Development\smart_washing_machine_3080\csdk\eng\coap_server\ -I
#        C:\Development\smart_washing_machine_3080\csdk\eng\coap_server\CoAPPacket\
#        -I
#        C:\Development\smart_washing_machine_3080\csdk\eng\coap_server\server\
#        -I C:\Development\smart_washing_machine_3080\csdk\eng\dev_bind\ -I
#        C:\Development\smart_washing_machine_3080\csdk\eng\dev_bind\impl\ -I
#        C:\Development\smart_washing_machine_3080\csdk\eng\dev_bind\impl\os\
#        -I
#        C:\Development\smart_washing_machine_3080\csdk\eng\dev_bind\impl\awss_reset\
#        -I C:\Development\smart_washing_machine_3080\mbedtls\include\mbedtls\
#        -I C:\Development\smart_washing_machine_3080\mbedtls\include\ -I
#        C:\Development\smart_washing_machine_3080\mbedtls\port\ksdk\ -Om)
#    Locale       =  C
#    List file    =  
#        C:\Development\smart_washing_machine_3080\flexspi_nor_debug\list\awss_event.lst
#    Object file  =  
#        C:\Development\smart_washing_machine_3080\flexspi_nor_debug\obj\awss_event.o
#
###############################################################################

C:\Development\smart_washing_machine_3080\csdk\eng\dev_bind\impl\awss_event.c
      1          /*
      2           * Copyright (C) 2015-2018 Alibaba Group Holding Limited
      3           */
      4          #include "dev_bind_internal.h"

  typedef void *p_HAL_Aes128_t;
                ^
"C:\Development\smart_washing_machine_3080\csdk\eng\dev_bind\impl\os\os.h",49  Warning[Pe301]: 
          typedef name has already been declared (with same type)
      5          
      6          extern int iotx_event_post(int event);
      7          
      8          #if defined(__cplusplus)  /* If this is a C++ compiler, use C linkage */
      9          extern "C" {
     10          #endif
     11          

   \                                 In section .text, align 2, keep-with-next
     12          int awss_event_post(int event)
     13          {
   \                     awss_event_post: (+1)
   \        0x0   0xB538             PUSH     {R3-R5,LR}
   \        0x2   0x4604             MOV      R4,R0
     14              int ret = 0;
     15              void *cb = NULL;
     16          
     17              ret = iotx_event_post(event);
   \        0x4   0x....'....        BL       iotx_event_post
   \        0x8   0x4605             MOV      R5,R0
     18          
     19              cb = (void *)iotx_event_callback(ITE_AWSS_STATUS);
   \        0xA   0x2000             MOVS     R0,#+0
   \        0xC   0x....'....        BL       iotx_event_callback
   \       0x10   0x0001             MOVS     R1,R0
     20              if (cb) {
   \       0x12   0xD002             BEQ.N    ??awss_event_post_0
     21                  ret = ((int (*)(int))cb)(event);
   \       0x14   0x4620             MOV      R0,R4
   \       0x16   0x4788             BLX      R1
   \       0x18   0x4605             MOV      R5,R0
     22              }
     23          
     24              return ret;
   \                     ??awss_event_post_0: (+1)
   \       0x1A   0x4628             MOV      R0,R5
   \       0x1C   0xBD32             POP      {R1,R4,R5,PC}    ;; return
     25          }
     26          
     27          #if defined(__cplusplus)  /* If this is a C++ compiler, use C linkage */
     28          }
     29          #endif

   Maximum stack usage in bytes:

   .cstack Function
   ------- --------
      16   awss_event_post
        16   -- Indirect call
        16   -> iotx_event_callback
        16   -> iotx_event_post


   Section sizes:

   Bytes  Function/Label
   -----  --------------
      30  awss_event_post

 
 30 bytes in section .text
 
 30 bytes of CODE memory

Errors: none
Warnings: 1
