###############################################################################
#
# IAR ANSI C/C++ Compiler V8.32.3.193/W32 for ARM         10/Jun/2019  13:47:58
# Copyright 1999-2019 IAR Systems AB.
#
#    Cpu mode     =  
#    Endian       =  little
#    Source file  =  
#        C:\Development\smart_washing_machine_3080\csdk\eng\dev_bind\impl\awss_bind.c
#    Command line =  
#        -f C:\Users\nxf42695\AppData\Local\Temp\1\EW8A9C.tmp
#        (C:\Development\smart_washing_machine_3080\csdk\eng\dev_bind\impl\awss_bind.c
#        -D DEBUG -D USE_RTOS -D XIP_EXTERNAL_FLASH=1 -D
#        XIP_BOOT_HEADER_ENABLE=1 -D CPU_MIMXRT1052DVL6B -D FSL_RTOS_FREE_RTOS
#        -D PRINTF_ADVANCED_ENABLE -D
#        "MBEDTLS_CONFIG_FILE=\"ksdk_mbedtls_config.h\"" -lC
#        C:\Development\smart_washing_machine_3080\flexspi_nor_debug\list -lA
#        C:\Development\smart_washing_machine_3080\flexspi_nor_debug\list
#        --diag_suppress Pa082,Pa050 -o
#        C:\Development\smart_washing_machine_3080\flexspi_nor_debug\obj
#        --no_cse --no_unroll --no_inline --no_code_motion --no_tbaa
#        --no_clustering --no_scheduling --debug --endian=little
#        --cpu=Cortex-M7 -e --fpu=VFPv5_d16 --dlib_config "C:\Program Files
#        (x86)\IAR Systems\Embedded Workbench
#        8.2\arm\inc\c\DLib_Config_Normal.h" --preinclude
#        C:\Development\smart_washing_machine_3080/source\app_preinclude.h -I
#        C:\Development\smart_washing_machine_3080/board\ -I
#        C:\Development\smart_washing_machine_3080/source\ -I
#        C:\Development\smart_washing_machine_3080/CMSIS\ -I
#        C:\Development\smart_washing_machine_3080/amazon-freertos/freertos/portable\
#        -I C:\Development\smart_washing_machine_3080/amazon-freertos/include\
#        -I C:\Development\smart_washing_machine_3080/component/lists\ -I
#        C:\Development\smart_washing_machine_3080/component/serial_manager\ -I
#        C:\Development\smart_washing_machine_3080/component/uart\ -I
#        C:\Development\smart_washing_machine_3080/component/kv\ -I
#        C:\Development\smart_washing_machine_3080/component/kv/include\ -I
#        C:\Development\smart_washing_machine_3080/device\ -I
#        C:\Development\smart_washing_machine_3080/doc\ -I
#        C:\Development\smart_washing_machine_3080/drivers\ -I
#        C:\Development\smart_washing_machine_3080/src\ -I
#        C:\Development\smart_washing_machine_3080/startup\ -I
#        C:\Development\smart_washing_machine_3080/utilities\ -I
#        C:\Development\smart_washing_machine_3080/xip\ -I
#        C:\Development\smart_washing_machine_3080\csdk\eng\ -I
#        C:\Development\smart_washing_machine_3080\csdk\eng\atm\ -I
#        C:\Development\smart_washing_machine_3080\csdk\eng\dev_model\ -I
#        C:\Development\smart_washing_machine_3080\csdk\eng\dev_sign\ -I
#        C:\Development\smart_washing_machine_3080\csdk\eng\infra\ -I
#        C:\Development\smart_washing_machine_3080\csdk\eng\mqtt\ -I
#        C:\Development\smart_washing_machine_3080\csdk\eng\wrappers\ -I
#        C:\Development\smart_washing_machine_3080\csdk\eng\wrappers\external_libs\
#        -I C:\Development\smart_washing_machine_3080\csdk\eng\coap_cloud\ -I
#        C:\Development\smart_washing_machine_3080\csdk\eng\coap_server\ -I
#        C:\Development\smart_washing_machine_3080\csdk\eng\coap_server\CoAPPacket\
#        -I
#        C:\Development\smart_washing_machine_3080\csdk\eng\coap_server\server\
#        -I C:\Development\smart_washing_machine_3080\csdk\eng\dev_bind\ -I
#        C:\Development\smart_washing_machine_3080\csdk\eng\dev_bind\impl\ -I
#        C:\Development\smart_washing_machine_3080\csdk\eng\dev_bind\impl\os\
#        -I
#        C:\Development\smart_washing_machine_3080\csdk\eng\dev_bind\impl\awss_reset\
#        -I C:\Development\smart_washing_machine_3080\mbedtls\include\mbedtls\
#        -I C:\Development\smart_washing_machine_3080\mbedtls\include\ -I
#        C:\Development\smart_washing_machine_3080\mbedtls\port\ksdk\ -Om)
#    Locale       =  C
#    List file    =  
#        C:\Development\smart_washing_machine_3080\flexspi_nor_debug\list\awss_bind.lst
#    Object file  =  
#        C:\Development\smart_washing_machine_3080\flexspi_nor_debug\obj\awss_bind.o
#
###############################################################################

C:\Development\smart_washing_machine_3080\csdk\eng\dev_bind\impl\awss_bind.c
      1          /*
      2           * Copyright (C) 2015-2018 Alibaba Group Holding Limited
      3           */
      4          #include "dev_bind_internal.h"

  typedef void *p_HAL_Aes128_t;
                ^
"C:\Development\smart_washing_machine_3080\csdk\eng\dev_bind\impl\os\os.h",49  Warning[Pe301]: 
          typedef name has already been declared (with same type)
      5          #ifdef WIFI_PROVISION_ENABLED
      6          #ifndef AWSS_DISABLE_REGISTRAR
      7          #include "awss_enrollee.h"
      8          #endif
      9          #endif
     10          
     11          #if defined(__cplusplus)  /* If this is a C++ compiler, use C linkage */
     12          extern "C" {
     13          #endif
     14          int awss_start_bind();
     15          

   \                                 In section .bss, align 4
     16          static void *awss_bind_mutex = NULL;
   \                     awss_bind_mutex:
   \        0x0                      DS8 4

   \                                 In section .text, align 2, keep-with-next
     17          int awss_report_cloud()
     18          {
   \                     awss_report_cloud: (+1)
   \        0x0   0xB510             PUSH     {R4,LR}
     19              if (awss_bind_mutex == NULL) {
   \        0x2   0x....             LDR.N    R4,??DataTable2
   \        0x4   0x6820             LDR      R0,[R4, #+0]
   \        0x6   0x2800             CMP      R0,#+0
   \        0x8   0xD107             BNE.N    ??awss_report_cloud_0
     20                  awss_bind_mutex = HAL_MutexCreate();
   \        0xA   0x....'....        BL       HAL_MutexCreate
   \        0xE   0x6020             STR      R0,[R4, #+0]
     21                  if (awss_bind_mutex == NULL) {
   \       0x10   0x2800             CMP      R0,#+0
   \       0x12   0xD102             BNE.N    ??awss_report_cloud_0
     22                      return -1;
   \       0x14   0xF04F 0x30FF      MOV      R0,#-1
   \       0x18   0xBD10             POP      {R4,PC}
     23                  }
     24              }
     25          
     26              HAL_MutexLock(awss_bind_mutex);
   \                     ??awss_report_cloud_0: (+1)
   \       0x1A   0x6820             LDR      R0,[R4, #+0]
   \       0x1C   0x....'....        BL       HAL_MutexLock
     27              awss_cmp_online_init();
   \       0x20   0x....'....        BL       awss_cmp_online_init
     28              HAL_MutexUnlock(awss_bind_mutex);
   \       0x24   0x6820             LDR      R0,[R4, #+0]
   \       0x26   0x....'....        BL       HAL_MutexUnlock
     29              
     30          #ifdef DEVICE_MODEL_ENABLED
     31              if(awss_check_reset()) {
   \       0x2A   0x....'....        BL       awss_check_reset
   \       0x2E   0x2800             CMP      R0,#+0
   \       0x30   0xD003             BEQ.N    ??awss_report_cloud_1
     32                  return awss_report_reset_to_cloud();
   \       0x32   0xE8BD 0x4010      POP      {R4,LR}
   \       0x36   0x....'....        B.W      awss_report_reset_to_cloud
     33              }
     34          #endif
     35              awss_start_bind();
   \                     ??awss_report_cloud_1: (+1)
   \       0x3A   0x....'....        BL       awss_start_bind
     36              return 0;
   \       0x3E   0x2000             MOVS     R0,#+0
   \       0x40   0xBD10             POP      {R4,PC}          ;; return
     37          }
     38          

   \                                 In section .text, align 2, keep-with-next
     39          int awss_start_bind()
     40          {
   \                     awss_start_bind: (+1)
   \        0x0   0xB510             PUSH     {R4,LR}
     41              static int awss_bind_inited = 0;
     42          
     43              if (awss_bind_mutex == NULL) {
   \        0x2   0x....             LDR.N    R4,??DataTable2
   \        0x4   0x6820             LDR      R0,[R4, #+0]
   \        0x6   0x2800             CMP      R0,#+0
   \        0x8   0xD107             BNE.N    ??awss_start_bind_0
     44                  awss_bind_mutex = HAL_MutexCreate();
   \        0xA   0x....'....        BL       HAL_MutexCreate
   \        0xE   0x6020             STR      R0,[R4, #+0]
     45                  if (awss_bind_mutex == NULL)
   \       0x10   0x2800             CMP      R0,#+0
   \       0x12   0xD102             BNE.N    ??awss_start_bind_0
     46                      return -1;
   \       0x14   0xF04F 0x30FF      MOV      R0,#-1
   \       0x18   0xBD10             POP      {R4,PC}
     47              }
     48          
     49              HAL_MutexLock(awss_bind_mutex);
   \                     ??awss_start_bind_0: (+1)
   \       0x1A   0x6820             LDR      R0,[R4, #+0]
   \       0x1C   0x....'....        BL       HAL_MutexLock
     50              if(awss_bind_inited == 1) {
   \       0x20   0x....             LDR.N    R0,??DataTable2_1
   \       0x22   0x6801             LDR      R1,[R0, #+0]
   \       0x24   0x2901             CMP      R1,#+1
   \       0x26   0xD104             BNE.N    ??awss_start_bind_1
     51                  HAL_MutexUnlock(awss_bind_mutex);
   \       0x28   0x6820             LDR      R0,[R4, #+0]
   \       0x2A   0x....'....        BL       HAL_MutexUnlock
     52                  return 0;
   \       0x2E   0x2000             MOVS     R0,#+0
   \       0x30   0xBD10             POP      {R4,PC}
     53              }
     54              awss_bind_inited = 1;
   \                     ??awss_start_bind_1: (+1)
   \       0x32   0x2101             MOVS     R1,#+1
   \       0x34   0x6001             STR      R1,[R0, #+0]
     55          
     56              awss_report_token();
   \       0x36   0x....'....        BL       awss_report_token
     57              awss_cmp_local_init(AWSS_LC_INIT_BIND);
   \       0x3A   0xF44F 0x7080      MOV      R0,#+256
   \       0x3E   0x....'....        BL       awss_cmp_local_init
     58          #ifndef DEV_BIND_DISABLE_NOTIFY
     59              awss_dev_bind_notify_stop();
   \       0x42   0x....'....        BL       awss_dev_bind_notify_stop
     60              awss_dev_bind_notify();
   \       0x46   0x....'....        BL       awss_dev_bind_notify
     61          #endif
     62          #ifdef WIFI_PROVISION_ENABLED
     63          #ifndef AWSS_DISABLE_REGISTRAR
     64              awss_registrar_init();
     65          #endif
     66              AWSS_DISP_STATIS();
     67              AWSS_REPORT_STATIS("dev_bind");
     68          #endif
     69              AWSS_DB_DISP_STATIS();
   \       0x4A   0x....'....        BL       awss_bind_disp_statis
     70              AWSS_DB_REPORT_STATIS("dev_bind");
   \       0x4E   0x....             LDR.N    R0,??DataTable2_2
   \       0x50   0x....'....        BL       awss_bind_report_statis
     71              HAL_MutexUnlock(awss_bind_mutex);
   \       0x54   0x6820             LDR      R0,[R4, #+0]
   \       0x56   0x....'....        BL       HAL_MutexUnlock
     72              return 0;
   \       0x5A   0x2000             MOVS     R0,#+0
   \       0x5C   0xBD10             POP      {R4,PC}          ;; return
     73          }

   \                                 In section .bss, align 4
   \                     `awss_start_bind::awss_bind_inited`:
   \        0x0                      DS8 4
     74          

   \                                 In section .text, align 2, keep-with-next
     75          int awss_bind_deinit()
     76          {
   \                     awss_bind_deinit: (+1)
   \        0x0   0xB510             PUSH     {R4,LR}
     77              if (awss_bind_mutex) {
   \        0x2   0x....             LDR.N    R4,??DataTable2
   \        0x4   0x6820             LDR      R0,[R4, #+0]
   \        0x6   0x2800             CMP      R0,#+0
   \        0x8   0xD001             BEQ.N    ??awss_bind_deinit_0
     78                  HAL_MutexLock(awss_bind_mutex);
   \        0xA   0x....'....        BL       HAL_MutexLock
     79              }
     80          
     81          #ifdef DEVICE_MODEL_ENABLED
     82              awss_stop_report_reset();
   \                     ??awss_bind_deinit_0: (+1)
   \        0xE   0x....'....        BL       awss_stop_report_reset
     83          #endif
     84              awss_stop_report_token();
   \       0x12   0x....'....        BL       awss_stop_report_token
     85              awss_cmp_online_deinit();
   \       0x16   0x....'....        BL       awss_cmp_online_deinit
     86          
     87              awss_dev_bind_notify_stop();
   \       0x1A   0x....'....        BL       awss_dev_bind_notify_stop
     88          
     89              awss_cmp_local_deinit(1);
   \       0x1E   0x2001             MOVS     R0,#+1
   \       0x20   0x....'....        BL       awss_cmp_local_deinit
     90          #ifdef WIFI_PROVISION_ENABLED
     91          #ifndef AWSS_DISABLE_REGISTRAR
     92              awss_registrar_deinit();
     93          #endif
     94              AWSS_CLEAR_STATIS();
     95          #endif
     96              AWSS_DB_CLEAR_STATIS();
   \       0x24   0x....'....        BL       awss_bind_clear_statis
     97          
     98              if (awss_bind_mutex) {
   \       0x28   0x6820             LDR      R0,[R4, #+0]
   \       0x2A   0x2800             CMP      R0,#+0
   \       0x2C   0xD004             BEQ.N    ??awss_bind_deinit_1
     99                  HAL_MutexUnlock(awss_bind_mutex);
   \       0x2E   0x....'....        BL       HAL_MutexUnlock
    100                  HAL_MutexDestroy(awss_bind_mutex);
   \       0x32   0x6820             LDR      R0,[R4, #+0]
   \       0x34   0x....'....        BL       HAL_MutexDestroy
    101              }
    102          
    103              awss_bind_mutex = NULL;
   \                     ??awss_bind_deinit_1: (+1)
   \       0x38   0x2000             MOVS     R0,#+0
   \       0x3A   0x6020             STR      R0,[R4, #+0]
    104          
    105              return 0;
   \       0x3C   0xBD10             POP      {R4,PC}          ;; return
    106          }

   \                                 In section .text, align 4, keep-with-next
   \                     ??DataTable2:
   \        0x0   0x....'....        DC32     awss_bind_mutex

   \                                 In section .text, align 4, keep-with-next
   \                     ??DataTable2_1:
   \        0x0   0x....'....        DC32     `awss_start_bind::awss_bind_inited`

   \                                 In section .text, align 4, keep-with-next
   \                     ??DataTable2_2:
   \        0x0   0x....'....        DC32     ?_0

   \                                 In section .rodata, align 4
   \                     ?_0:
   \        0x0   0x64 0x65          DC8 "dev_bind"
   \              0x76 0x5F    
   \              0x62 0x69    
   \              0x6E 0x64    
   \              0x00         
   \        0x9   0x00 0x00          DC8 0, 0, 0
   \              0x00         
    107          
    108          #if defined(__cplusplus)  /* If this is a C++ compiler, use C linkage */
    109          }
    110          #endif

   Maximum stack usage in bytes:

   .cstack Function
   ------- --------
       8   awss_bind_deinit
         8   -> HAL_MutexDestroy
         8   -> HAL_MutexLock
         8   -> HAL_MutexUnlock
         8   -> awss_bind_clear_statis
         8   -> awss_cmp_local_deinit
         8   -> awss_cmp_online_deinit
         8   -> awss_dev_bind_notify_stop
         8   -> awss_stop_report_reset
         8   -> awss_stop_report_token
       8   awss_report_cloud
         8   -> HAL_MutexCreate
         8   -> HAL_MutexLock
         8   -> HAL_MutexUnlock
         8   -> awss_check_reset
         8   -> awss_cmp_online_init
         0   -> awss_report_reset_to_cloud
         8   -> awss_start_bind
       8   awss_start_bind
         8   -> HAL_MutexCreate
         8   -> HAL_MutexLock
         8   -> HAL_MutexUnlock
         8   -> awss_bind_disp_statis
         8   -> awss_bind_report_statis
         8   -> awss_cmp_local_init
         8   -> awss_dev_bind_notify
         8   -> awss_dev_bind_notify_stop
         8   -> awss_report_token


   Section sizes:

   Bytes  Function/Label
   -----  --------------
       4  ??DataTable2
       4  ??DataTable2_1
       4  ??DataTable2_2
      12  ?_0
      62  awss_bind_deinit
       4  awss_bind_inited
       4  awss_bind_mutex
      66  awss_report_cloud
      94  awss_start_bind

 
   8 bytes in section .bss
  12 bytes in section .rodata
 234 bytes in section .text
 
 234 bytes of CODE  memory
  12 bytes of CONST memory
   8 bytes of DATA  memory

Errors: none
Warnings: 1
