###############################################################################
#
# IAR ANSI C/C++ Compiler V8.32.3.193/W32 for ARM         10/Jun/2019  13:48:09
# Copyright 1999-2019 IAR Systems AB.
#
#    Cpu mode     =  
#    Endian       =  little
#    Source file  =  
#        C:\Development\smart_washing_machine_3080\csdk\eng\coap_server\server\CoAPServer.c
#    Command line =  
#        -f C:\Users\nxf42695\AppData\Local\Temp\1\EWB2A8.tmp
#        (C:\Development\smart_washing_machine_3080\csdk\eng\coap_server\server\CoAPServer.c
#        -D DEBUG -D USE_RTOS -D XIP_EXTERNAL_FLASH=1 -D
#        XIP_BOOT_HEADER_ENABLE=1 -D CPU_MIMXRT1052DVL6B -D FSL_RTOS_FREE_RTOS
#        -D PRINTF_ADVANCED_ENABLE -D
#        "MBEDTLS_CONFIG_FILE=\"ksdk_mbedtls_config.h\"" -lC
#        C:\Development\smart_washing_machine_3080\flexspi_nor_debug\list -lA
#        C:\Development\smart_washing_machine_3080\flexspi_nor_debug\list
#        --diag_suppress Pa082,Pa050 -o
#        C:\Development\smart_washing_machine_3080\flexspi_nor_debug\obj
#        --no_cse --no_unroll --no_inline --no_code_motion --no_tbaa
#        --no_clustering --no_scheduling --debug --endian=little
#        --cpu=Cortex-M7 -e --fpu=VFPv5_d16 --dlib_config "C:\Program Files
#        (x86)\IAR Systems\Embedded Workbench
#        8.2\arm\inc\c\DLib_Config_Normal.h" --preinclude
#        C:\Development\smart_washing_machine_3080/source\app_preinclude.h -I
#        C:\Development\smart_washing_machine_3080/board\ -I
#        C:\Development\smart_washing_machine_3080/source\ -I
#        C:\Development\smart_washing_machine_3080/CMSIS\ -I
#        C:\Development\smart_washing_machine_3080/amazon-freertos/freertos/portable\
#        -I C:\Development\smart_washing_machine_3080/amazon-freertos/include\
#        -I C:\Development\smart_washing_machine_3080/component/lists\ -I
#        C:\Development\smart_washing_machine_3080/component/serial_manager\ -I
#        C:\Development\smart_washing_machine_3080/component/uart\ -I
#        C:\Development\smart_washing_machine_3080/component/kv\ -I
#        C:\Development\smart_washing_machine_3080/component/kv/include\ -I
#        C:\Development\smart_washing_machine_3080/device\ -I
#        C:\Development\smart_washing_machine_3080/doc\ -I
#        C:\Development\smart_washing_machine_3080/drivers\ -I
#        C:\Development\smart_washing_machine_3080/src\ -I
#        C:\Development\smart_washing_machine_3080/startup\ -I
#        C:\Development\smart_washing_machine_3080/utilities\ -I
#        C:\Development\smart_washing_machine_3080/xip\ -I
#        C:\Development\smart_washing_machine_3080\csdk\eng\ -I
#        C:\Development\smart_washing_machine_3080\csdk\eng\atm\ -I
#        C:\Development\smart_washing_machine_3080\csdk\eng\dev_model\ -I
#        C:\Development\smart_washing_machine_3080\csdk\eng\dev_sign\ -I
#        C:\Development\smart_washing_machine_3080\csdk\eng\infra\ -I
#        C:\Development\smart_washing_machine_3080\csdk\eng\mqtt\ -I
#        C:\Development\smart_washing_machine_3080\csdk\eng\wrappers\ -I
#        C:\Development\smart_washing_machine_3080\csdk\eng\wrappers\external_libs\
#        -I C:\Development\smart_washing_machine_3080\csdk\eng\coap_cloud\ -I
#        C:\Development\smart_washing_machine_3080\csdk\eng\coap_server\ -I
#        C:\Development\smart_washing_machine_3080\csdk\eng\coap_server\CoAPPacket\
#        -I
#        C:\Development\smart_washing_machine_3080\csdk\eng\coap_server\server\
#        -I C:\Development\smart_washing_machine_3080\csdk\eng\dev_bind\ -I
#        C:\Development\smart_washing_machine_3080\csdk\eng\dev_bind\impl\ -I
#        C:\Development\smart_washing_machine_3080\csdk\eng\dev_bind\impl\os\
#        -I
#        C:\Development\smart_washing_machine_3080\csdk\eng\dev_bind\impl\awss_reset\
#        -I C:\Development\smart_washing_machine_3080\mbedtls\include\mbedtls\
#        -I C:\Development\smart_washing_machine_3080\mbedtls\include\ -I
#        C:\Development\smart_washing_machine_3080\mbedtls\port\ksdk\ -Om)
#    Locale       =  C
#    List file    =  
#        C:\Development\smart_washing_machine_3080\flexspi_nor_debug\list\CoAPServer.lst
#    Object file  =  
#        C:\Development\smart_washing_machine_3080\flexspi_nor_debug\obj\CoAPServer.o
#
###############################################################################

C:\Development\smart_washing_machine_3080\csdk\eng\coap_server\server\CoAPServer.c
      1          /*
      2           * Copyright (C) 2015-2018 Alibaba Group Holding Limited
      3           */
      4          
      5          
      6          #include <string.h>
      7          #include "CoAPPlatform.h"
      8          #include "CoAPExport.h"
      9          #include "CoAPServer.h"
     10          
     11          #define COAP_INIT_TOKEN     (0x01020304)
     12          

   \                                 In section .bss, align 4
     13          static unsigned int g_coap_running = 0;
   \                     g_coap_running:
   \        0x0                      DS8 4
     14          #ifdef COAP_SERV_MULTITHREAD

   \                                 In section .bss, align 4
     15              static void *g_coap_thread = NULL;
   \                     g_coap_thread:
   \        0x0                      DS8 4

   \                                 In section .bss, align 4
     16              static void *g_semphore    = NULL;
   \                     g_semphore:
   \        0x0                      DS8 4
     17          #endif

   \                                 In section .bss, align 4
     18          static CoAPContext *g_context = NULL;
   \                     g_context:
   \        0x0                      DS8 4
     19          

   \                                 In section .text, align 2, keep-with-next
     20          static unsigned int CoAPServerToken_get(unsigned char *p_encoded_data)
     21          {
     22              static unsigned int value = COAP_INIT_TOKEN;
     23              p_encoded_data[0] = (unsigned char)((value & 0x00FF) >> 0);
   \                     CoAPServerToken_get: (+1)
   \        0x0   0x....'....        LDR.W    R1,??DataTable8
   \        0x4   0x680A             LDR      R2,[R1, #+0]
   \        0x6   0x7002             STRB     R2,[R0, #+0]
     24              p_encoded_data[1] = (unsigned char)((value & 0xFF00) >> 8);
   \        0x8   0x680A             LDR      R2,[R1, #+0]
   \        0xA   0x0A12             LSRS     R2,R2,#+8
   \        0xC   0x7042             STRB     R2,[R0, #+1]
     25              p_encoded_data[2] = (unsigned char)((value & 0xFF0000) >> 16);
   \        0xE   0x680A             LDR      R2,[R1, #+0]
   \       0x10   0x0C12             LSRS     R2,R2,#+16
   \       0x12   0x7082             STRB     R2,[R0, #+2]
     26              p_encoded_data[3] = (unsigned char)((value & 0xFF000000) >> 24);
   \       0x14   0x680A             LDR      R2,[R1, #+0]
   \       0x16   0x0E12             LSRS     R2,R2,#+24
   \       0x18   0x70C2             STRB     R2,[R0, #+3]
     27              value++;
   \       0x1A   0x6808             LDR      R0,[R1, #+0]
   \       0x1C   0x1C40             ADDS     R0,R0,#+1
   \       0x1E   0x6008             STR      R0,[R1, #+0]
     28              return sizeof(unsigned int);
   \       0x20   0x2004             MOVS     R0,#+4
   \       0x22   0x4770             BX       LR               ;; return
     29          }

   \                                 In section .data, align 4
   \                     `CoAPServerToken_get::value`:
   \        0x0   0x0102'0304        DC32 16909060
     30          

   \                                 In section .text, align 2, keep-with-next
     31          static int CoAPServerPath_2_option(char *uri, CoAPMessage *message)
     32          {
   \                     CoAPServerPath_2_option: (+1)
   \        0x0   0xB570             PUSH     {R4-R6,LR}
   \        0x2   0xB0A0             SUB      SP,SP,#+128
   \        0x4   0x4604             MOV      R4,R0
   \        0x6   0x460D             MOV      R5,R1
     33              char *ptr     = NULL;
     34              char *pstr    = NULL;
     35              char  path[COAP_MSG_MAX_PATH_LEN]  = {0};
   \        0x8   0x4668             MOV      R0,SP
   \        0xA   0x2180             MOVS     R1,#+128
   \        0xC   0x....'....        BL       __aeabi_memclr4
     36          
     37              if (NULL == uri || NULL == message) {
   \       0x10   0x2C00             CMP      R4,#+0
   \       0x12   0xD001             BEQ.N    ??CoAPServerPath_2_option_0
   \       0x14   0x2D00             CMP      R5,#+0
   \       0x16   0xD102             BNE.N    ??CoAPServerPath_2_option_1
     38                  COAP_ERR("Invalid paramter p_path %p, p_message %p", uri, message);
     39                  return COAP_ERROR_INVALID_PARAM;
   \                     ??CoAPServerPath_2_option_0: (+1)
   \       0x18   0xF240 0x1001      MOVW     R0,#+257
   \       0x1C   0xE03F             B.N      ??CoAPServerPath_2_option_2
     40              }
     41              if (COAP_MSG_MAX_PATH_LEN <= strlen(uri)) {
   \                     ??CoAPServerPath_2_option_1: (+1)
   \       0x1E   0x4620             MOV      R0,R4
   \       0x20   0x....'....        BL       strlen
   \       0x24   0x2880             CMP      R0,#+128
   \       0x26   0xD302             BCC.N    ??CoAPServerPath_2_option_3
     42                  COAP_ERR("The uri length is too loog,len = %d", (int)strlen(uri));
     43                  return COAP_ERROR_INVALID_LENGTH;
   \       0x28   0xF44F 0x7082      MOV      R0,#+260
   \       0x2C   0xE037             B.N      ??CoAPServerPath_2_option_2
     44              }
     45          
     46              COAP_DEBUG("The uri is %s", uri);
     47          
     48              ptr = pstr = uri;
   \                     ??CoAPServerPath_2_option_3: (+1)
   \       0x2E   0x4626             MOV      R6,R4
   \       0x30   0xE031             B.N      ??CoAPServerPath_2_option_4
     49              while ('\0' != *ptr) {
     50                  if ('/' == *ptr) {
   \                     ??CoAPServerPath_2_option_5: (+1)
   \       0x32   0x282F             CMP      R0,#+47
   \       0x34   0xD115             BNE.N    ??CoAPServerPath_2_option_6
     51                      if (ptr != pstr) {
   \       0x36   0x42A6             CMP      R6,R4
   \       0x38   0xD012             BEQ.N    ??CoAPServerPath_2_option_7
     52                          memset(path, 0x00, sizeof(path));
   \       0x3A   0x2200             MOVS     R2,#+0
   \       0x3C   0x2180             MOVS     R1,#+128
   \       0x3E   0x4668             MOV      R0,SP
   \       0x40   0x....'....        BL       __aeabi_memset4
     53                          strncpy(path, pstr, ptr - pstr);
   \       0x44   0x1B32             SUBS     R2,R6,R4
   \       0x46   0x4621             MOV      R1,R4
   \       0x48   0x4668             MOV      R0,SP
   \       0x4A   0x....'....        BL       strncpy
     54                          CoAPStrOption_add(message, COAP_OPTION_URI_PATH,
     55                                            (unsigned char *)path, (int)strlen(path));
   \       0x4E   0x....'....        BL       strlen
   \       0x52   0x4603             MOV      R3,R0
   \       0x54   0xB29B             UXTH     R3,R3
   \       0x56   0x466A             MOV      R2,SP
   \       0x58   0x210B             MOVS     R1,#+11
   \       0x5A   0x4628             MOV      R0,R5
   \       0x5C   0x....'....        BL       CoAPStrOption_add
     56                      }
     57                      pstr = ptr + 1;
   \                     ??CoAPServerPath_2_option_7: (+1)
   \       0x60   0x1C74             ADDS     R4,R6,#+1
     58          
     59                  }
     60                  if ('\0' == *(ptr + 1) && '\0' != *pstr) {
   \                     ??CoAPServerPath_2_option_6: (+1)
   \       0x62   0x7870             LDRB     R0,[R6, #+1]
   \       0x64   0x2800             CMP      R0,#+0
   \       0x66   0xD115             BNE.N    ??CoAPServerPath_2_option_8
   \       0x68   0x7820             LDRB     R0,[R4, #+0]
   \       0x6A   0x2800             CMP      R0,#+0
   \       0x6C   0xD012             BEQ.N    ??CoAPServerPath_2_option_8
     61                      memset(path, 0x00, sizeof(path));
   \       0x6E   0x2200             MOVS     R2,#+0
   \       0x70   0x2180             MOVS     R1,#+128
   \       0x72   0x4668             MOV      R0,SP
   \       0x74   0x....'....        BL       __aeabi_memset4
     62                      strncpy(path, pstr, sizeof(path) - 1);
   \       0x78   0x227F             MOVS     R2,#+127
   \       0x7A   0x4621             MOV      R1,R4
   \       0x7C   0x4668             MOV      R0,SP
   \       0x7E   0x....'....        BL       strncpy
     63                      CoAPStrOption_add(message, COAP_OPTION_URI_PATH,
     64                                        (unsigned char *)path, (int)strlen(path));
   \       0x82   0x....'....        BL       strlen
   \       0x86   0x4603             MOV      R3,R0
   \       0x88   0xB29B             UXTH     R3,R3
   \       0x8A   0x466A             MOV      R2,SP
   \       0x8C   0x210B             MOVS     R1,#+11
   \       0x8E   0x4628             MOV      R0,R5
   \       0x90   0x....'....        BL       CoAPStrOption_add
     65                  }
     66                  ptr ++;
   \                     ??CoAPServerPath_2_option_8: (+1)
   \       0x94   0x1C76             ADDS     R6,R6,#+1
     67              }
   \                     ??CoAPServerPath_2_option_4: (+1)
   \       0x96   0x7830             LDRB     R0,[R6, #+0]
   \       0x98   0x2800             CMP      R0,#+0
   \       0x9A   0xD1CA             BNE.N    ??CoAPServerPath_2_option_5
     68              return COAP_SUCCESS;
   \       0x9C   0x2000             MOVS     R0,#+0
   \                     ??CoAPServerPath_2_option_2: (+1)
   \       0x9E   0xB020             ADD      SP,SP,#+128
   \       0xA0   0xBD70             POP      {R4-R6,PC}       ;; return
     69          }
     70          

   \                                 In section .text, align 2, keep-with-next
     71          void CoAPServer_thread_leave()
     72          {
     73              g_coap_running = 0;
   \                     CoAPServer_thread_leave: (+1)
   \        0x0   0x2000             MOVS     R0,#+0
   \        0x2   0x....             LDR.N    R1,??DataTable8_1
   \        0x4   0x6008             STR      R0,[R1, #+0]
     74          }
   \        0x6   0x4770             BX       LR               ;; return
     75          

   \                                 In section .bss, align 4
     76          void *coap_yield_mutex = NULL;
   \                     coap_yield_mutex:
   \        0x0                      DS8 4
     77          

   \                                 In section .text, align 2, keep-with-next
     78          static void *CoAPServer_yield(void *param)
     79          {
   \                     CoAPServer_yield: (+1)
   \        0x0   0xB510             PUSH     {R4,LR}
   \        0x2   0x4604             MOV      R4,R0
     80              CoAPContext *context = (CoAPContext *)param;
   \        0x4   0xE002             B.N      ??CoAPServer_yield_0
     81              COAP_DEBUG("Enter to CoAP daemon task");
     82          
     83              while (g_coap_running) {
     84                  CoAPMessage_cycle(context);
   \                     ??CoAPServer_yield_1: (+1)
   \        0x6   0x4620             MOV      R0,R4
   \        0x8   0x....'....        BL       CoAPMessage_cycle
     85              }
   \                     ??CoAPServer_yield_0: (+1)
   \        0xC   0x....             LDR.N    R0,??DataTable8_1
   \        0xE   0x6800             LDR      R0,[R0, #+0]
   \       0x10   0x2800             CMP      R0,#+0
   \       0x12   0xD1F8             BNE.N    ??CoAPServer_yield_1
     86          
     87          #ifdef COAP_SERV_MULTITHREAD
     88              HAL_SemaphorePost(g_semphore);
   \       0x14   0x....             LDR.N    R0,??DataTable8_2
   \       0x16   0x6800             LDR      R0,[R0, #+0]
   \       0x18   0x....'....        BL       HAL_SemaphorePost
     89              COAP_INFO("Exit the CoAP daemon task, Post semphore");
     90          
     91              HAL_ThreadDelete(NULL);
   \       0x1C   0x2000             MOVS     R0,#+0
   \       0x1E   0x....'....        BL       HAL_ThreadDelete
     92              g_coap_thread = NULL;
   \       0x22   0x2000             MOVS     R0,#+0
   \       0x24   0x....             LDR.N    R1,??DataTable8_3
   \       0x26   0x6008             STR      R0,[R1, #+0]
     93          #endif
     94              return NULL;
   \       0x28   0xBD10             POP      {R4,PC}          ;; return
     95          }
     96          
     97          typedef void (*func_v_v)(void *);

   \                                 In section .bss, align 4
     98          static func_v_v coapserver_timer = NULL;
   \                     coapserver_timer:
   \        0x0                      DS8 4

   \                                 In section .text, align 2, keep-with-next
     99          void CoAPServer_add_timer(void (*on_timer)(void *))
    100          {
    101              coapserver_timer = on_timer;
   \                     CoAPServer_add_timer: (+1)
   \        0x0   0x....             LDR.N    R1,??DataTable8_4
   \        0x2   0x6008             STR      R0,[R1, #+0]
    102          }
   \        0x4   0x4770             BX       LR               ;; return
    103          
    104          
    105          

   \                                 In section .text, align 2, keep-with-next
    106          CoAPContext *CoAPServer_init()
    107          {
   \                     CoAPServer_init: (+1)
   \        0x0   0xB578             PUSH     {R3-R6,LR}
   \        0x2   0xB08D             SUB      SP,SP,#+52
    108              CoAPInitParam param = {0};
   \        0x4   0xA802             ADD      R0,SP,#+8
   \        0x6   0x2118             MOVS     R1,#+24
   \        0x8   0x....'....        BL       __aeabi_memclr4
    109          #ifdef COAP_SERV_MULTITHREAD
    110              int stack_used;
    111              hal_os_thread_param_t task_parms = {0};
                                                         ^
Warning[Pe188]: enumerated type mixed with another type

  static func_v_v coapserver_timer = NULL;
                  ^
"C:\Development\smart_washing_machine_3080\csdk\eng\coap_server\server\CoAPServer.c",98  Warning[Pe550]: 
          variable "coapserver_timer" was set but never used
   \        0xC   0xA808             ADD      R0,SP,#+32
   \        0xE   0x2114             MOVS     R1,#+20
   \       0x10   0x....'....        BL       __aeabi_memclr4
    112          #endif
    113          
    114              if (NULL == g_context) {
   \       0x14   0x....             LDR.N    R4,??DataTable8_5
   \       0x16   0x6820             LDR      R0,[R4, #+0]
   \       0x18   0x2800             CMP      R0,#+0
   \       0x1A   0xD148             BNE.N    ??CoAPServer_init_0
    115                  param.appdata = NULL;
   \       0x1C   0x2000             MOVS     R0,#+0
   \       0x1E   0x9006             STR      R0,[SP, #+24]
    116                  param.group = "224.0.1.187";
   \       0x20   0x....             LDR.N    R0,??DataTable8_6
   \       0x22   0x9003             STR      R0,[SP, #+12]
    117                  param.notifier = NULL;
   \       0x24   0x2000             MOVS     R0,#+0
   \       0x26   0x9005             STR      R0,[SP, #+20]
    118                  param.obs_maxcount = 16;
   \       0x28   0x2010             MOVS     R0,#+16
   \       0x2A   0xF88D 0x0009      STRB     R0,[SP, #+9]
    119                  param.res_maxcount = 255;
   \       0x2E   0x20FF             MOVS     R0,#+255
   \       0x30   0xF88D 0x001C      STRB     R0,[SP, #+28]
    120                  param.port = 5683;
   \       0x34   0xF241 0x6033      MOVW     R0,#+5683
   \       0x38   0xF8AD 0x000A      STRH     R0,[SP, #+10]
    121                  param.send_maxcount = 16;
   \       0x3C   0x2010             MOVS     R0,#+16
   \       0x3E   0xF88D 0x0008      STRB     R0,[SP, #+8]
    122                  param.waittime = 50;
   \       0x42   0x2032             MOVS     R0,#+50
   \       0x44   0x9004             STR      R0,[SP, #+16]
    123          
    124          #ifdef COAP_SERV_MULTITHREAD
    125                  g_semphore  = HAL_SemaphoreCreate();
   \       0x46   0x....             LDR.N    R5,??DataTable8_2
   \       0x48   0x....'....        BL       HAL_SemaphoreCreate
   \       0x4C   0x6028             STR      R0,[R5, #+0]
    126                  if (NULL == g_semphore) {
   \       0x4E   0x2800             CMP      R0,#+0
   \       0x50   0xD101             BNE.N    ??CoAPServer_init_1
    127                      COAP_ERR("Semaphore Create failed");
    128                      return NULL;
   \       0x52   0x2000             MOVS     R0,#+0
   \       0x54   0xE02C             B.N      ??CoAPServer_init_2
    129                  }
    130          
    131                  coap_yield_mutex = HAL_MutexCreate();
   \                     ??CoAPServer_init_1: (+1)
   \       0x56   0x....             LDR.N    R6,??DataTable8_7
   \       0x58   0x....'....        BL       HAL_MutexCreate
   \       0x5C   0x6030             STR      R0,[R6, #+0]
    132                  if (NULL == coap_yield_mutex) {
   \       0x5E   0x2800             CMP      R0,#+0
   \       0x60   0xD105             BNE.N    ??CoAPServer_init_3
    133                      COAP_ERR("coap_yield_mutex Create failed");
    134                      HAL_SemaphoreDestroy(g_semphore);
   \       0x62   0x6828             LDR      R0,[R5, #+0]
   \       0x64   0x....'....        BL       HAL_SemaphoreDestroy
    135                      g_semphore = NULL;
   \       0x68   0x2000             MOVS     R0,#+0
   \       0x6A   0x6028             STR      R0,[R5, #+0]
    136                      return NULL;
   \       0x6C   0xE020             B.N      ??CoAPServer_init_2
    137                  }
    138          #endif
    139          
    140                  g_context = CoAPContext_create(&param);
   \                     ??CoAPServer_init_3: (+1)
   \       0x6E   0xA802             ADD      R0,SP,#+8
   \       0x70   0x....'....        BL       CoAPContext_create
   \       0x74   0x6020             STR      R0,[R4, #+0]
    141                  if (NULL == g_context) {
   \       0x76   0x2800             CMP      R0,#+0
   \       0x78   0xD109             BNE.N    ??CoAPServer_init_4
    142          #ifdef COAP_SERV_MULTITHREAD
    143                      HAL_SemaphoreDestroy(g_semphore);
   \       0x7A   0x6828             LDR      R0,[R5, #+0]
   \       0x7C   0x....'....        BL       HAL_SemaphoreDestroy
    144                      HAL_MutexDestroy(coap_yield_mutex);
   \       0x80   0x6830             LDR      R0,[R6, #+0]
   \       0x82   0x....'....        BL       HAL_MutexDestroy
    145                      g_semphore = NULL;
   \       0x86   0x2000             MOVS     R0,#+0
   \       0x88   0x6028             STR      R0,[R5, #+0]
    146                      coap_yield_mutex = NULL;
   \       0x8A   0x6030             STR      R0,[R6, #+0]
    147          #endif
    148                      COAP_ERR("CoAP Context Create failed");
    149                      return NULL;
   \       0x8C   0xE010             B.N      ??CoAPServer_init_2
    150                  }
    151          #ifdef COAP_SERV_MULTITHREAD
    152                  g_coap_running = 1;
   \                     ??CoAPServer_init_4: (+1)
   \       0x8E   0x2001             MOVS     R0,#+1
   \       0x90   0x....             LDR.N    R1,??DataTable8_1
   \       0x92   0x6008             STR      R0,[R1, #+0]
    153                  task_parms.stack_size = 4608;
   \       0x94   0xF44F 0x5090      MOV      R0,#+4608
   \       0x98   0x900A             STR      R0,[SP, #+40]
    154                  task_parms.name = "CoAPServer_yield";
   \       0x9A   0x....             LDR.N    R0,??DataTable8_8
   \       0x9C   0x900C             STR      R0,[SP, #+48]
    155                  HAL_ThreadCreate(&g_coap_thread, CoAPServer_yield, (void *)g_context, &task_parms, &stack_used);
   \       0x9E   0xA801             ADD      R0,SP,#+4
   \       0xA0   0x9000             STR      R0,[SP, #+0]
   \       0xA2   0xAB08             ADD      R3,SP,#+32
   \       0xA4   0x6822             LDR      R2,[R4, #+0]
   \       0xA6   0x....             LDR.N    R1,??DataTable8_9
   \       0xA8   0x....             LDR.N    R0,??DataTable8_3
   \       0xAA   0x....'....        BL       HAL_ThreadCreate
    156          #endif
    157          
    158              } else {
    159                  COAP_INFO("The CoAP Server already init");
    160              }
    161          
    162              return (CoAPContext *)g_context;
   \                     ??CoAPServer_init_0: (+1)
   \       0xAE   0x6820             LDR      R0,[R4, #+0]
   \                     ??CoAPServer_init_2: (+1)
   \       0xB0   0xB00E             ADD      SP,SP,#+56
   \       0xB2   0xBD70             POP      {R4-R6,PC}       ;; return
    163          }

   \                                 In section .rodata, align 4
   \        0x0   0x00 0x00          DC8 0, 0, 0, 0, 0, 0, 0, 0, 0, 0, 0, 0, 0, 0, 0, 0, 0
   \              0x00 0x00    
   \              0x00 0x00    
   \              0x00 0x00    
   \              0x00 0x00    
   \              0x00 0x00    
   \              0x00 0x00    
   \              0x00 0x00    
   \              0x00         
   \       0x11   0x00 0x00          DC8 0, 0, 0, 0, 0, 0, 0
   \              0x00 0x00    
   \              0x00 0x00    
   \              0x00         

   \                                 In section .rodata, align 4
   \        0x0   0x0000             DC16 0
   \        0x2   0x00 0x00          DC8 0, 0, 0, 0, 0, 0, 0, 0, 0, 0, 0, 0, 0, 0, 0, 0, 0, 0
   \              0x00 0x00    
   \              0x00 0x00    
   \              0x00 0x00    
   \              0x00 0x00    
   \              0x00 0x00    
   \              0x00 0x00    
   \              0x00 0x00    
   \              0x00 0x00    
    164          

   \                                 In section .text, align 2, keep-with-next
    165          void CoAPServer_deinit(CoAPContext *context)
    166          {
   \                     CoAPServer_deinit: (+1)
   \        0x0   0xB570             PUSH     {R4-R6,LR}
   \        0x2   0x4604             MOV      R4,R0
    167              if (context != g_context) {
   \        0x4   0x....             LDR.N    R5,??DataTable8_5
   \        0x6   0x6828             LDR      R0,[R5, #+0]
   \        0x8   0x4284             CMP      R4,R0
   \        0xA   0xD11E             BNE.N    ??CoAPServer_deinit_0
    168                  COAP_INFO("Invalid CoAP Server context");
    169                  return;
    170              }
    171          
    172              COAP_INFO("CoAP Server deinit");
    173              g_coap_running = 0;
   \        0xC   0x2000             MOVS     R0,#+0
   \        0xE   0x....             LDR.N    R1,??DataTable8_1
   \       0x10   0x6008             STR      R0,[R1, #+0]
    174          
    175          #ifdef COAP_SERV_MULTITHREAD
    176              if (NULL != g_semphore) {
   \       0x12   0x....             LDR.N    R6,??DataTable8_2
   \       0x14   0x6830             LDR      R0,[R6, #+0]
   \       0x16   0x2800             CMP      R0,#+0
   \       0x18   0xD008             BEQ.N    ??CoAPServer_deinit_1
    177                  HAL_SemaphoreWait(g_semphore, PLATFORM_WAIT_INFINITE);
   \       0x1A   0xF04F 0x31FF      MOV      R1,#-1
   \       0x1E   0x....'....        BL       HAL_SemaphoreWait
    178                  COAP_INFO("Wait Semaphore, will exit task");
    179                  HAL_SemaphoreDestroy(g_semphore);
   \       0x22   0x6830             LDR      R0,[R6, #+0]
   \       0x24   0x....'....        BL       HAL_SemaphoreDestroy
    180                  g_semphore = NULL;
   \       0x28   0x2000             MOVS     R0,#+0
   \       0x2A   0x6030             STR      R0,[R6, #+0]
    181              }
    182              if (NULL != coap_yield_mutex) {
   \                     ??CoAPServer_deinit_1: (+1)
   \       0x2C   0x....             LDR.N    R6,??DataTable8_7
   \       0x2E   0x6830             LDR      R0,[R6, #+0]
   \       0x30   0x2800             CMP      R0,#+0
   \       0x32   0xD003             BEQ.N    ??CoAPServer_deinit_2
    183                  HAL_MutexDestroy(coap_yield_mutex);
   \       0x34   0x....'....        BL       HAL_MutexDestroy
    184                  coap_yield_mutex = NULL;
   \       0x38   0x2000             MOVS     R0,#+0
   \       0x3A   0x6030             STR      R0,[R6, #+0]
    185              }
    186          #endif
    187              if (NULL != context) {
   \                     ??CoAPServer_deinit_2: (+1)
   \       0x3C   0x2C00             CMP      R4,#+0
   \       0x3E   0xD004             BEQ.N    ??CoAPServer_deinit_0
    188                  CoAPContext_free(context);
   \       0x40   0x4620             MOV      R0,R4
   \       0x42   0x....'....        BL       CoAPContext_free
    189                  g_context = NULL;
   \       0x46   0x2000             MOVS     R0,#+0
   \       0x48   0x6028             STR      R0,[R5, #+0]
    190              }
    191          }
   \                     ??CoAPServer_deinit_0: (+1)
   \       0x4A   0xBD70             POP      {R4-R6,PC}       ;; return
    192          

   \                                 In section .text, align 2, keep-with-next
    193          int CoAPServer_register(CoAPContext *context, const char *uri, CoAPRecvMsgHandler callback)
    194          {
   \                     CoAPServer_register: (+1)
   \        0x0   0xB5E0             PUSH     {R5-R7,LR}
    195              if (NULL == context || g_context != context) {
   \        0x2   0x2800             CMP      R0,#+0
   \        0x4   0xD003             BEQ.N    ??CoAPServer_register_0
   \        0x6   0x....             LDR.N    R3,??DataTable8_5
   \        0x8   0x681B             LDR      R3,[R3, #+0]
   \        0xA   0x4283             CMP      R3,R0
   \        0xC   0xD002             BEQ.N    ??CoAPServer_register_1
    196                  return COAP_ERROR_INVALID_PARAM;
   \                     ??CoAPServer_register_0: (+1)
   \        0xE   0xF240 0x1001      MOVW     R0,#+257
   \       0x12   0xBD0E             POP      {R1-R3,PC}
    197              }
    198          
    199              return CoAPResource_register(context, uri, COAP_PERM_GET, COAP_CT_APP_JSON, 60, callback);
   \                     ??CoAPServer_register_1: (+1)
   \       0x14   0x9201             STR      R2,[SP, #+4]
   \       0x16   0x223C             MOVS     R2,#+60
   \       0x18   0x9200             STR      R2,[SP, #+0]
   \       0x1A   0x2332             MOVS     R3,#+50
   \       0x1C   0x2201             MOVS     R2,#+1
   \       0x1E   0x....'....        BL       CoAPResource_register
   \       0x22   0xBD0E             POP      {R1-R3,PC}       ;; return
    200          }
    201          

   \                                 In section .text, align 2, keep-with-next
    202          int CoAPServerMultiCast_send(CoAPContext *context, NetworkAddr *remote, const char *uri, unsigned char *buff,
    203                                       unsigned short len, CoAPSendMsgHandler callback, unsigned short *msgid)
    204          {
   \                     CoAPServerMultiCast_send: (+1)
   \        0x0   0xE92D 0x47F8      PUSH     {R3-R10,LR}
   \        0x4   0xB0A3             SUB      SP,SP,#+140
   \        0x6   0x4605             MOV      R5,R0
   \        0x8   0x460E             MOV      R6,R1
   \        0xA   0x4617             MOV      R7,R2
   \        0xC   0x4698             MOV      R8,R3
    205              int ret = COAP_SUCCESS;
    206              CoAPMessage message;
    207              unsigned char tokenlen;
    208              unsigned char token[COAP_MSG_MAX_TOKEN_LEN] = {0};
   \        0xE   0x4668             MOV      R0,SP
   \       0x10   0x2100             MOVS     R1,#+0
   \       0x12   0x460A             MOV      R2,R1
   \       0x14   0xE9C0 0x1200      STRD     R1,R2,[R0, #+0]
    209          
    210              if (NULL == context || g_context != context || NULL == remote
    211                  || NULL == uri || NULL == buff || NULL == msgid) {
   \       0x18   0x2D00             CMP      R5,#+0
   \       0x1A   0xD00D             BEQ.N    ??CoAPServerMultiCast_send_0
   \       0x1C   0x....             LDR.N    R0,??DataTable8_5
   \       0x1E   0x6800             LDR      R0,[R0, #+0]
   \       0x20   0x42A8             CMP      R0,R5
   \       0x22   0xD109             BNE.N    ??CoAPServerMultiCast_send_0
   \       0x24   0x2E00             CMP      R6,#+0
   \       0x26   0xD007             BEQ.N    ??CoAPServerMultiCast_send_0
   \       0x28   0x2F00             CMP      R7,#+0
   \       0x2A   0xD005             BEQ.N    ??CoAPServerMultiCast_send_0
   \       0x2C   0xF1B8 0x0F00      CMP      R8,#+0
   \       0x30   0xD002             BEQ.N    ??CoAPServerMultiCast_send_0
   \       0x32   0x9C2E             LDR      R4,[SP, #+184]
   \       0x34   0x2C00             CMP      R4,#+0
   \       0x36   0xD102             BNE.N    ??CoAPServerMultiCast_send_1
    212                  return COAP_ERROR_INVALID_PARAM;
   \                     ??CoAPServerMultiCast_send_0: (+1)
   \       0x38   0xF240 0x1001      MOVW     R0,#+257
   \       0x3C   0xE043             B.N      ??CoAPServerMultiCast_send_2
    213              }
   \                     ??CoAPServerMultiCast_send_1: (+1)
   \       0x3E   0xF8DD 0xA0B4      LDR      R10,[SP, #+180]
   \       0x42   0xF8DD 0x90B0      LDR      R9,[SP, #+176]
    214          
    215          
    216              CoAPMessage_init(&message);
   \       0x46   0xA802             ADD      R0,SP,#+8
   \       0x48   0x....'....        BL       CoAPMessage_init
    217              CoAPMessageType_set(&message, COAP_MESSAGE_TYPE_NON);
   \       0x4C   0x2101             MOVS     R1,#+1
   \       0x4E   0xA802             ADD      R0,SP,#+8
   \       0x50   0x....'....        BL       CoAPMessageType_set
    218              CoAPMessageCode_set(&message, COAP_MSG_CODE_POST);
   \       0x54   0x2102             MOVS     R1,#+2
   \       0x56   0xA802             ADD      R0,SP,#+8
   \       0x58   0x....'....        BL       CoAPMessageCode_set
    219              CoAPMessageId_set(&message, CoAPMessageId_gen(context));
   \       0x5C   0x4628             MOV      R0,R5
   \       0x5E   0x....'....        BL       CoAPMessageId_gen
   \       0x62   0x4601             MOV      R1,R0
   \       0x64   0xA802             ADD      R0,SP,#+8
   \       0x66   0x....'....        BL       CoAPMessageId_set
    220              tokenlen = CoAPServerToken_get(token);
   \       0x6A   0x4668             MOV      R0,SP
   \       0x6C   0x....'....        BL       CoAPServerToken_get
    221              CoAPMessageToken_set(&message, token, tokenlen);
   \       0x70   0x4602             MOV      R2,R0
   \       0x72   0xB2D2             UXTB     R2,R2
   \       0x74   0x4669             MOV      R1,SP
   \       0x76   0xA802             ADD      R0,SP,#+8
   \       0x78   0x....'....        BL       CoAPMessageToken_set
    222              CoAPMessageHandler_set(&message, callback);
   \       0x7C   0x4651             MOV      R1,R10
   \       0x7E   0xA802             ADD      R0,SP,#+8
   \       0x80   0x....'....        BL       CoAPMessageHandler_set
    223              CoAPMessageKeep_Set(&message, 1);
   \       0x84   0x2101             MOVS     R1,#+1
   \       0x86   0xA802             ADD      R0,SP,#+8
   \       0x88   0x....'....        BL       CoAPMessageKeep_Set
    224          
    225              CoAPServerPath_2_option((char *)uri, &message);
   \       0x8C   0xA902             ADD      R1,SP,#+8
   \       0x8E   0x4638             MOV      R0,R7
   \       0x90   0x....'....        BL       CoAPServerPath_2_option
    226              CoAPUintOption_add(&message, COAP_OPTION_CONTENT_FORMAT, COAP_CT_APP_JSON);
   \       0x94   0x2232             MOVS     R2,#+50
   \       0x96   0x210C             MOVS     R1,#+12
   \       0x98   0xA802             ADD      R0,SP,#+8
   \       0x9A   0x....'....        BL       CoAPUintOption_add
    227              CoAPMessagePayload_set(&message, buff, len);
   \       0x9E   0x464A             MOV      R2,R9
   \       0xA0   0x4641             MOV      R1,R8
   \       0xA2   0xA802             ADD      R0,SP,#+8
   \       0xA4   0x....'....        BL       CoAPMessagePayload_set
    228              if (msgid) *msgid = message.header.msgid;
   \       0xA8   0x2C00             CMP      R4,#+0
   \       0xAA   0xD002             BEQ.N    ??CoAPServerMultiCast_send_3
   \       0xAC   0xF8BD 0x000A      LDRH     R0,[SP, #+10]
   \       0xB0   0x8020             STRH     R0,[R4, #+0]
    229              ret = CoAPMessage_send(context, remote, &message);
   \                     ??CoAPServerMultiCast_send_3: (+1)
   \       0xB2   0xAA02             ADD      R2,SP,#+8
   \       0xB4   0x4631             MOV      R1,R6
   \       0xB6   0x4628             MOV      R0,R5
   \       0xB8   0x....'....        BL       CoAPMessage_send
   \       0xBC   0x4604             MOV      R4,R0
    230          
    231              CoAPMessage_destory(&message);
   \       0xBE   0xA802             ADD      R0,SP,#+8
   \       0xC0   0x....'....        BL       CoAPMessage_destory
    232          
    233              return ret;
   \       0xC4   0x4620             MOV      R0,R4
   \                     ??CoAPServerMultiCast_send_2: (+1)
   \       0xC6   0xB024             ADD      SP,SP,#+144
   \       0xC8   0xE8BD 0x87F0      POP      {R4-R10,PC}      ;; return
    234          }
    235          

   \                                 In section .text, align 2, keep-with-next
    236          int CoAPServerResp_send(CoAPContext *context, NetworkAddr *remote, unsigned char *buff, unsigned short len, void *req,
    237                                  const char *paths, CoAPSendMsgHandler callback, unsigned short *msgid, char qos)
    238          {
   \                     CoAPServerResp_send: (+1)
   \        0x0   0xE92D 0x4FF0      PUSH     {R4-R11,LR}
   \        0x4   0xB0A3             SUB      SP,SP,#+140
   \        0x6   0x4605             MOV      R5,R0
   \        0x8   0x4699             MOV      R9,R3
    239              int ret = COAP_SUCCESS;
    240              CoAPMessage response;
    241              unsigned int observe = 0;
   \        0xA   0x2000             MOVS     R0,#+0
   \        0xC   0x9000             STR      R0,[SP, #+0]
    242              CoAPMessage *request = (CoAPMessage *)req;
    243          
    244              if (NULL == context || g_context != context || NULL == remote
    245                  || NULL == buff || NULL == paths || NULL == req) {
   \        0xE   0x2D00             CMP      R5,#+0
   \       0x10   0xD00F             BEQ.N    ??CoAPServerResp_send_0
   \       0x12   0x....             LDR.N    R0,??DataTable8_5
   \       0x14   0x6800             LDR      R0,[R0, #+0]
   \       0x16   0x42A8             CMP      R0,R5
   \       0x18   0xD10B             BNE.N    ??CoAPServerResp_send_0
   \       0x1A   0x000C             MOVS     R4,R1
   \       0x1C   0xD009             BEQ.N    ??CoAPServerResp_send_0
   \       0x1E   0x9201             STR      R2,[SP, #+4]
   \       0x20   0x4610             MOV      R0,R2
   \       0x22   0x2800             CMP      R0,#+0
   \       0x24   0xD005             BEQ.N    ??CoAPServerResp_send_0
   \       0x26   0x9F2D             LDR      R7,[SP, #+180]
   \       0x28   0x2F00             CMP      R7,#+0
   \       0x2A   0xD002             BEQ.N    ??CoAPServerResp_send_0
   \       0x2C   0x9E2C             LDR      R6,[SP, #+176]
   \       0x2E   0x2E00             CMP      R6,#+0
   \       0x30   0xD102             BNE.N    ??CoAPServerResp_send_1
    246                  return COAP_ERROR_INVALID_PARAM;
   \                     ??CoAPServerResp_send_0: (+1)
   \       0x32   0xF240 0x1001      MOVW     R0,#+257
   \       0x36   0xE051             B.N      ??CoAPServerResp_send_2
    247              }
   \                     ??CoAPServerResp_send_1: (+1)
   \       0x38   0xF8DD 0xA0C0      LDR      R10,[SP, #+192]
   \       0x3C   0xF8DD 0x80BC      LDR      R8,[SP, #+188]
   \       0x40   0xF8DD 0xB0B8      LDR      R11,[SP, #+184]
    248          
    249              CoAPMessage_init(&response);
   \       0x44   0xA802             ADD      R0,SP,#+8
   \       0x46   0x....'....        BL       CoAPMessage_init
    250              CoAPMessageType_set(&response, qos == 0 ? COAP_MESSAGE_TYPE_NON :COAP_MESSAGE_TYPE_CON);
   \       0x4A   0x4651             MOV      R1,R10
   \       0x4C   0x1E49             SUBS     R1,R1,#+1
   \       0x4E   0x4189             SBCS     R1,R1,R1
   \       0x50   0x0FC9             LSRS     R1,R1,#+31
   \       0x52   0xA802             ADD      R0,SP,#+8
   \       0x54   0x....'....        BL       CoAPMessageType_set
    251              CoAPMessageCode_set(&response, COAP_MSG_CODE_205_CONTENT);
   \       0x58   0x2145             MOVS     R1,#+69
   \       0x5A   0xA802             ADD      R0,SP,#+8
   \       0x5C   0x....'....        BL       CoAPMessageCode_set
    252              CoAPMessageId_set(&response, request->header.msgid);
   \       0x60   0x8871             LDRH     R1,[R6, #+2]
   \       0x62   0xA802             ADD      R0,SP,#+8
   \       0x64   0x....'....        BL       CoAPMessageId_set
    253              CoAPMessageToken_set(&response, request->token, request->header.tokenlen);
   \       0x68   0x7832             LDRB     R2,[R6, #+0]
   \       0x6A   0x0912             LSRS     R2,R2,#+4
   \       0x6C   0x1D31             ADDS     R1,R6,#+4
   \       0x6E   0xA802             ADD      R0,SP,#+8
   \       0x70   0x....'....        BL       CoAPMessageToken_set
    254              CoAPMessageHandler_set(&response, callback);
   \       0x74   0x4659             MOV      R1,R11
   \       0x76   0xA802             ADD      R0,SP,#+8
   \       0x78   0x....'....        BL       CoAPMessageHandler_set
    255              if (msgid) *msgid = response.header.msgid;
   \       0x7C   0xF1B8 0x0F00      CMP      R8,#+0
   \       0x80   0xD003             BEQ.N    ??CoAPServerResp_send_3
   \       0x82   0xF8BD 0x000A      LDRH     R0,[SP, #+10]
   \       0x86   0xF8A8 0x0000      STRH     R0,[R8, #+0]
    256          
    257              ret = CoAPUintOption_get(request, COAP_OPTION_OBSERVE, &observe);
    258              if (COAP_SUCCESS == ret && 0 == observe) {
   \                     ??CoAPServerResp_send_3: (+1)
   \       0x8A   0x466A             MOV      R2,SP
   \       0x8C   0x2106             MOVS     R1,#+6
   \       0x8E   0x4630             MOV      R0,R6
   \       0x90   0x....'....        BL       CoAPUintOption_get
   \       0x94   0x2800             CMP      R0,#+0
   \       0x96   0xD10D             BNE.N    ??CoAPServerResp_send_4
   \       0x98   0x9800             LDR      R0,[SP, #+0]
   \       0x9A   0x2800             CMP      R0,#+0
   \       0x9C   0xD10A             BNE.N    ??CoAPServerResp_send_4
    259                  CoAPObsServer_add(context, paths, remote, request);
   \       0x9E   0x4633             MOV      R3,R6
   \       0xA0   0x4622             MOV      R2,R4
   \       0xA2   0x4639             MOV      R1,R7
   \       0xA4   0x4628             MOV      R0,R5
   \       0xA6   0x....'....        BL       CoAPObsServer_add
    260                  CoAPUintOption_add(&response, COAP_OPTION_OBSERVE, 0);
   \       0xAA   0x2200             MOVS     R2,#+0
   \       0xAC   0x2106             MOVS     R1,#+6
   \       0xAE   0xA802             ADD      R0,SP,#+8
   \       0xB0   0x....'....        BL       CoAPUintOption_add
    261              }
    262          
    263              CoAPUintOption_add(&response, COAP_OPTION_CONTENT_FORMAT, COAP_CT_APP_JSON);
   \                     ??CoAPServerResp_send_4: (+1)
   \       0xB4   0x2232             MOVS     R2,#+50
   \       0xB6   0x210C             MOVS     R1,#+12
   \       0xB8   0xA802             ADD      R0,SP,#+8
   \       0xBA   0x....'....        BL       CoAPUintOption_add
    264              CoAPMessagePayload_set(&response, buff, len);
   \       0xBE   0x464A             MOV      R2,R9
   \       0xC0   0x9901             LDR      R1,[SP, #+4]
   \       0xC2   0xA802             ADD      R0,SP,#+8
   \       0xC4   0x....'....        BL       CoAPMessagePayload_set
    265          
    266              COAP_DEBUG("Send a response message");
    267              ret = CoAPMessage_send(context, remote, &response);
   \       0xC8   0xAA02             ADD      R2,SP,#+8
   \       0xCA   0x4621             MOV      R1,R4
   \       0xCC   0x4628             MOV      R0,R5
   \       0xCE   0x....'....        BL       CoAPMessage_send
   \       0xD2   0x4604             MOV      R4,R0
    268              CoAPMessage_destory(&response);
   \       0xD4   0xA802             ADD      R0,SP,#+8
   \       0xD6   0x....'....        BL       CoAPMessage_destory
    269          
    270              return ret;
   \       0xDA   0x4620             MOV      R0,R4
   \                     ??CoAPServerResp_send_2: (+1)
   \       0xDC   0xB023             ADD      SP,SP,#+140
   \       0xDE   0xE8BD 0x8FF0      POP      {R4-R11,PC}      ;; return
    271          }
    272          

   \                                 In section .text, align 2, keep-with-next
    273          void CoAPServer_loop(CoAPContext *context)
    274          {
    275              if (g_context != context  || 1 == g_coap_running) {
    276                  COAP_INFO("The CoAP Server is already running");
    277                  return;
    278              }
    279          
    280          #ifndef COAP_SERV_MULTITHREAD
    281              g_coap_running = 1;
    282              CoAPServer_yield((void *)context);
    283          #endif
    284          }
   \                     CoAPServer_loop: (+1)
   \        0x0   0x4770             BX       LR               ;; return

   \                                 In section .text, align 4, keep-with-next
   \                     ??DataTable8:
   \        0x0   0x....'....        DC32     `CoAPServerToken_get::value`

   \                                 In section .text, align 4, keep-with-next
   \                     ??DataTable8_1:
   \        0x0   0x....'....        DC32     g_coap_running

   \                                 In section .text, align 4, keep-with-next
   \                     ??DataTable8_2:
   \        0x0   0x....'....        DC32     g_semphore

   \                                 In section .text, align 4, keep-with-next
   \                     ??DataTable8_3:
   \        0x0   0x....'....        DC32     g_coap_thread

   \                                 In section .text, align 4, keep-with-next
   \                     ??DataTable8_4:
   \        0x0   0x....'....        DC32     coapserver_timer

   \                                 In section .text, align 4, keep-with-next
   \                     ??DataTable8_5:
   \        0x0   0x....'....        DC32     g_context

   \                                 In section .text, align 4, keep-with-next
   \                     ??DataTable8_6:
   \        0x0   0x....'....        DC32     ?_1

   \                                 In section .text, align 4, keep-with-next
   \                     ??DataTable8_7:
   \        0x0   0x....'....        DC32     coap_yield_mutex

   \                                 In section .text, align 4, keep-with-next
   \                     ??DataTable8_8:
   \        0x0   0x....'....        DC32     ?_2

   \                                 In section .text, align 4, keep-with-next
   \                     ??DataTable8_9:
   \        0x0   0x....'....        DC32     CoAPServer_yield

   \                                 In section .rodata, align 4
   \        0x0   0x00 0x00          DC8 0, 0, 0, 0, 0, 0, 0, 0, 0, 0, 0, 0, 0, 0, 0, 0, 0, 0, 0, 0, 0, 0, 0
   \              0x00 0x00    
   \              0x00 0x00    
   \              0x00 0x00    
   \              0x00 0x00    
   \              0x00 0x00    
   \              0x00 0x00    
   \              0x00 0x00    
   \              0x00 0x00    
   \              0x00 0x00    
   \              0x00 0x00    
   \              0x00         
   \       0x17   0x00 0x00          DC8 0, 0, 0, 0, 0, 0, 0, 0, 0, 0, 0, 0, 0, 0, 0, 0, 0, 0, 0, 0, 0, 0, 0
   \              0x00 0x00    
   \              0x00 0x00    
   \              0x00 0x00    
   \              0x00 0x00    
   \              0x00 0x00    
   \              0x00 0x00    
   \              0x00 0x00    
   \              0x00 0x00    
   \              0x00 0x00    
   \              0x00 0x00    
   \              0x00         
   \       0x2E   0x00 0x00          DC8 0, 0, 0, 0, 0, 0, 0, 0, 0, 0, 0, 0, 0, 0, 0, 0, 0, 0, 0, 0, 0, 0, 0
   \              0x00 0x00    
   \              0x00 0x00    
   \              0x00 0x00    
   \              0x00 0x00    
   \              0x00 0x00    
   \              0x00 0x00    
   \              0x00 0x00    
   \              0x00 0x00    
   \              0x00 0x00    
   \              0x00 0x00    
   \              0x00         
   \       0x45   0x00 0x00          DC8 0, 0, 0, 0, 0, 0, 0, 0, 0, 0, 0, 0, 0, 0, 0, 0, 0, 0, 0, 0, 0, 0, 0
   \              0x00 0x00    
   \              0x00 0x00    
   \              0x00 0x00    
   \              0x00 0x00    
   \              0x00 0x00    
   \              0x00 0x00    
   \              0x00 0x00    
   \              0x00 0x00    
   \              0x00 0x00    
   \              0x00 0x00    
   \              0x00         
   \       0x5C   0x00 0x00          DC8 0, 0, 0, 0, 0, 0, 0, 0, 0, 0, 0, 0, 0, 0, 0, 0, 0, 0, 0, 0, 0, 0, 0
   \              0x00 0x00    
   \              0x00 0x00    
   \              0x00 0x00    
   \              0x00 0x00    
   \              0x00 0x00    
   \              0x00 0x00    
   \              0x00 0x00    
   \              0x00 0x00    
   \              0x00 0x00    
   \              0x00 0x00    
   \              0x00         
   \       0x73   0x00 0x00          DC8 0, 0, 0, 0, 0, 0, 0, 0, 0, 0, 0, 0, 0
   \              0x00 0x00    
   \              0x00 0x00    
   \              0x00 0x00    
   \              0x00 0x00    
   \              0x00 0x00    
   \              0x00         

   \                                 In section .rodata, align 4
   \                     ?_1:
   \        0x0   0x32 0x32          DC8 "224.0.1.187"
   \              0x34 0x2E    
   \              0x30 0x2E    
   \              0x31 0x2E    
   \              0x31 0x38    
   \              0x37 0x00    

   \                                 In section .rodata, align 4
   \                     ?_2:
   \        0x0   0x43 0x6F          DC8 "CoAPServer_yield"
   \              0x41 0x50    
   \              0x53 0x65    
   \              0x72 0x76    
   \              0x65 0x72    
   \              0x5F 0x79    
   \              0x69 0x65    
   \              0x6C 0x64    
   \              0x00         
   \       0x11   0x00 0x00          DC8 0, 0, 0
   \              0x00         

   \                                 In section .rodata, align 4
   \        0x0   0x00 0x00          DC8 0, 0, 0, 0, 0, 0, 0, 0
   \              0x00 0x00    
   \              0x00 0x00    
   \              0x00 0x00    

   Maximum stack usage in bytes:

   .cstack Function
   ------- --------
     176   CoAPServerMultiCast_send
       176   -> CoAPMessageCode_set
       176   -> CoAPMessageHandler_set
       176   -> CoAPMessageId_gen
       176   -> CoAPMessageId_set
       176   -> CoAPMessageKeep_Set
       176   -> CoAPMessagePayload_set
       176   -> CoAPMessageToken_set
       176   -> CoAPMessageType_set
       176   -> CoAPMessage_destory
       176   -> CoAPMessage_init
       176   -> CoAPMessage_send
       176   -> CoAPServerPath_2_option
       176   -> CoAPServerToken_get
       176   -> CoAPUintOption_add
     144   CoAPServerPath_2_option
       144   -> CoAPStrOption_add
       144   -> __aeabi_memclr4
       144   -> __aeabi_memset4
       144   -> strlen
       144   -> strncpy
     176   CoAPServerResp_send
       176   -> CoAPMessageCode_set
       176   -> CoAPMessageHandler_set
       176   -> CoAPMessageId_set
       176   -> CoAPMessagePayload_set
       176   -> CoAPMessageToken_set
       176   -> CoAPMessageType_set
       176   -> CoAPMessage_destory
       176   -> CoAPMessage_init
       176   -> CoAPMessage_send
       176   -> CoAPObsServer_add
       176   -> CoAPUintOption_add
       176   -> CoAPUintOption_get
       0   CoAPServerToken_get
       0   CoAPServer_add_timer
      16   CoAPServer_deinit
        16   -> CoAPContext_free
        16   -> HAL_MutexDestroy
        16   -> HAL_SemaphoreDestroy
        16   -> HAL_SemaphoreWait
      72   CoAPServer_init
        72   -> CoAPContext_create
        72   -> HAL_MutexCreate
        72   -> HAL_MutexDestroy
        72   -> HAL_SemaphoreCreate
        72   -> HAL_SemaphoreDestroy
        72   -> HAL_ThreadCreate
        72   -> __aeabi_memclr4
       0   CoAPServer_loop
      16   CoAPServer_register
        16   -> CoAPResource_register
       0   CoAPServer_thread_leave
       8   CoAPServer_yield
         8   -> CoAPMessage_cycle
         8   -> HAL_SemaphorePost
         8   -> HAL_ThreadDelete


   Section sizes:

   Bytes  Function/Label
   -----  --------------
       4  ??DataTable8
       4  ??DataTable8_1
       4  ??DataTable8_2
       4  ??DataTable8_3
       4  ??DataTable8_4
       4  ??DataTable8_5
       4  ??DataTable8_6
       4  ??DataTable8_7
       4  ??DataTable8_8
       4  ??DataTable8_9
     128  ?_0
      12  ?_1
      20  ?_2
       8  ?_3
      24  ?_4
      20  ?_5
     204  CoAPServerMultiCast_send
     162  CoAPServerPath_2_option
     226  CoAPServerResp_send
      36  CoAPServerToken_get
       6  CoAPServer_add_timer
      76  CoAPServer_deinit
     180  CoAPServer_init
       2  CoAPServer_loop
      36  CoAPServer_register
       8  CoAPServer_thread_leave
      42  CoAPServer_yield
       4  coap_yield_mutex
       4  coapserver_timer
       4  g_coap_running
       4  g_coap_thread
       4  g_context
       4  g_semphore
       4  value

 
    24 bytes in section .bss
     4 bytes in section .data
   212 bytes in section .rodata
 1 018 bytes in section .text
 
 1 018 bytes of CODE  memory
   212 bytes of CONST memory
    28 bytes of DATA  memory

Errors: none
Warnings: 2
