###############################################################################
#
# IAR ANSI C/C++ Compiler V8.32.3.193/W32 for ARM         10/Jun/2019  13:48:19
# Copyright 1999-2019 IAR Systems AB.
#
#    Cpu mode     =  
#    Endian       =  little
#    Source file  =  
#        C:\Development\smart_washing_machine_3080\xip\evkbimxrt1050_flexspi_nor_config.c
#    Command line =  
#        -f C:\Users\nxf42695\AppData\Local\Temp\1\EWD9C0.tmp
#        (C:\Development\smart_washing_machine_3080\xip\evkbimxrt1050_flexspi_nor_config.c
#        -D DEBUG -D USE_RTOS -D XIP_EXTERNAL_FLASH=1 -D
#        XIP_BOOT_HEADER_ENABLE=1 -D CPU_MIMXRT1052DVL6B -D FSL_RTOS_FREE_RTOS
#        -D PRINTF_ADVANCED_ENABLE -D
#        "MBEDTLS_CONFIG_FILE=\"ksdk_mbedtls_config.h\"" -lC
#        C:\Development\smart_washing_machine_3080\flexspi_nor_debug\list -lA
#        C:\Development\smart_washing_machine_3080\flexspi_nor_debug\list
#        --diag_suppress Pa082,Pa050 -o
#        C:\Development\smart_washing_machine_3080\flexspi_nor_debug\obj
#        --no_cse --no_unroll --no_inline --no_code_motion --no_tbaa
#        --no_clustering --no_scheduling --debug --endian=little
#        --cpu=Cortex-M7 -e --fpu=VFPv5_d16 --dlib_config "C:\Program Files
#        (x86)\IAR Systems\Embedded Workbench
#        8.2\arm\inc\c\DLib_Config_Normal.h" --preinclude
#        C:\Development\smart_washing_machine_3080/source\app_preinclude.h -I
#        C:\Development\smart_washing_machine_3080/board\ -I
#        C:\Development\smart_washing_machine_3080/source\ -I
#        C:\Development\smart_washing_machine_3080/CMSIS\ -I
#        C:\Development\smart_washing_machine_3080/amazon-freertos/freertos/portable\
#        -I C:\Development\smart_washing_machine_3080/amazon-freertos/include\
#        -I C:\Development\smart_washing_machine_3080/component/lists\ -I
#        C:\Development\smart_washing_machine_3080/component/serial_manager\ -I
#        C:\Development\smart_washing_machine_3080/component/uart\ -I
#        C:\Development\smart_washing_machine_3080/component/kv\ -I
#        C:\Development\smart_washing_machine_3080/component/kv/include\ -I
#        C:\Development\smart_washing_machine_3080/device\ -I
#        C:\Development\smart_washing_machine_3080/doc\ -I
#        C:\Development\smart_washing_machine_3080/drivers\ -I
#        C:\Development\smart_washing_machine_3080/src\ -I
#        C:\Development\smart_washing_machine_3080/startup\ -I
#        C:\Development\smart_washing_machine_3080/utilities\ -I
#        C:\Development\smart_washing_machine_3080/xip\ -I
#        C:\Development\smart_washing_machine_3080\csdk\eng\ -I
#        C:\Development\smart_washing_machine_3080\csdk\eng\atm\ -I
#        C:\Development\smart_washing_machine_3080\csdk\eng\dev_model\ -I
#        C:\Development\smart_washing_machine_3080\csdk\eng\dev_sign\ -I
#        C:\Development\smart_washing_machine_3080\csdk\eng\infra\ -I
#        C:\Development\smart_washing_machine_3080\csdk\eng\mqtt\ -I
#        C:\Development\smart_washing_machine_3080\csdk\eng\wrappers\ -I
#        C:\Development\smart_washing_machine_3080\csdk\eng\wrappers\external_libs\
#        -I C:\Development\smart_washing_machine_3080\csdk\eng\coap_cloud\ -I
#        C:\Development\smart_washing_machine_3080\csdk\eng\coap_server\ -I
#        C:\Development\smart_washing_machine_3080\csdk\eng\coap_server\CoAPPacket\
#        -I
#        C:\Development\smart_washing_machine_3080\csdk\eng\coap_server\server\
#        -I C:\Development\smart_washing_machine_3080\csdk\eng\dev_bind\ -I
#        C:\Development\smart_washing_machine_3080\csdk\eng\dev_bind\impl\ -I
#        C:\Development\smart_washing_machine_3080\csdk\eng\dev_bind\impl\os\
#        -I
#        C:\Development\smart_washing_machine_3080\csdk\eng\dev_bind\impl\awss_reset\
#        -I C:\Development\smart_washing_machine_3080\mbedtls\include\mbedtls\
#        -I C:\Development\smart_washing_machine_3080\mbedtls\include\ -I
#        C:\Development\smart_washing_machine_3080\mbedtls\port\ksdk\ -Om)
#    Locale       =  C
#    List file    =  
#        C:\Development\smart_washing_machine_3080\flexspi_nor_debug\list\evkbimxrt1050_flexspi_nor_config.lst
#    Object file  =  
#        C:\Development\smart_washing_machine_3080\flexspi_nor_debug\obj\evkbimxrt1050_flexspi_nor_config.o
#
###############################################################################

C:\Development\smart_washing_machine_3080\xip\evkbimxrt1050_flexspi_nor_config.c
      1          /*
      2           * Copyright 2017 NXP
      3           * All rights reserved.
      4           *
      5           * SPDX-License-Identifier: BSD-3-Clause
      6           */
      7          
      8          #include "evkbimxrt1050_flexspi_nor_config.h"
      9          
     10          /* Component ID definition, used by tools. */
     11          #ifndef FSL_COMPONENT_ID
     12          #define FSL_COMPONENT_ID "platform.drivers.xip_board"
     13          #endif
     14          
     15          /*******************************************************************************
     16           * Code
     17           ******************************************************************************/
     18          #if defined(XIP_BOOT_HEADER_ENABLE) && (XIP_BOOT_HEADER_ENABLE == 1)
     19          #if defined(__CC_ARM) || defined(__ARMCC_VERSION) || defined(__GNUC__)
     20          __attribute__((section(".boot_hdr.conf")))
     21          #elif defined(__ICCARM__)
     22          #pragma location = ".boot_hdr.conf"
     23          #endif
     24          

   \                                 In section .boot_hdr.conf, align 4
     25          const flexspi_nor_config_t hyperflash_config = {
   \                     hyperflash_config:
   \        0x0   0x4246'4346        DC32 1111900998, 1442907136, 0
   \              0x5601'0400  
   \              0x0000'0000  
   \        0xC   0x03 0x03          DC8 3, 3, 3, 3, 0, 0
   \              0x03 0x03    
   \              0x00 0x00    
   \       0x12   0x0000             DC16 0
   \       0x14   0x00 0x00          DC8 0, 0, 0, 0
   \              0x00 0x00    
   \       0x18   0x0000'0000        DC32 0
   \       0x1C   0x00 0x00          DC8 0, 0, 0, 0, 0, 0, 0, 0, 0, 0, 0, 0, 0, 0, 0, 0
   \              0x00 0x00    
   \              0x00 0x00    
   \              0x00 0x00    
   \              0x00 0x00    
   \              0x00 0x00    
   \              0x00 0x00    
   \              0x00 0x00    
   \       0x2C   0x0000'0000        DC32 0, 0
   \              0x0000'0000  
   \       0x34   0x00 0x00          DC8 0, 0, 0, 0, 0, 0, 0, 0
   \              0x00 0x00    
   \              0x00 0x00    
   \              0x00 0x00    
   \       0x3C   0x0000'0000        DC32 0, 89
   \              0x0000'0059  
   \       0x44   0x00 0x08          DC8 0, 8, 7, 0
   \              0x07 0x00    
   \       0x48   0x0000'0000        DC32 0
   \       0x4C   0x00 0x00          DC8 0, 0, 0, 0
   \              0x00 0x00    
   \       0x50   0x0400'0000        DC32 67108864, 0, 0, 0, 0, 0, 0, 0, 0, 0
   \              0x0000'0000  
   \              0x0000'0000  
   \              0x0000'0000  
   \              0x0000'0000  
   \              0x0000'0000  
   \              0x0000'0000  
   \              0x0000'0000  
   \              0x0000'0000  
   \              0x0000'0000  
   \       0x78   0x0010 0x0010      DC16 16, 16, 0, 0
   \               0x0000 0x000
   \              0            
   \       0x80   0x8B18'87A0        DC32 2333640608, 3003551504, 42756
   \              0xB306'8F10  
   \              0x0000'A704  
   \       0x8C   0x00 0x00          DC8 0, 0, 0, 0, 0, 0, 0, 0, 0, 0, 0, 0, 0, 0, 0, 0
   \              0x00 0x00    
   \              0x00 0x00    
   \              0x00 0x00    
   \              0x00 0x00    
   \              0x00 0x00    
   \              0x00 0x00    
   \              0x00 0x00    
   \       0x9C   0x00 0x00          DC8 0, 0, 0, 0, 0, 0, 0, 0, 0, 0, 0, 0, 0, 0, 0, 0
   \              0x00 0x00    
   \              0x00 0x00    
   \              0x00 0x00    
   \              0x00 0x00    
   \              0x00 0x00    
   \              0x00 0x00    
   \              0x00 0x00    
   \       0xAC   0x00 0x00          DC8 0, 0, 0, 0, 0, 0, 0, 0, 0, 0, 0, 0, 0, 0, 0, 0
   \              0x00 0x00    
   \              0x00 0x00    
   \              0x00 0x00    
   \              0x00 0x00    
   \              0x00 0x00    
   \              0x00 0x00    
   \              0x00 0x00    
   \       0xBC   0x00 0x00          DC8 0, 0, 0, 0, 0, 0, 0, 0, 0, 0, 0, 0, 0, 0, 0, 0
   \              0x00 0x00    
   \              0x00 0x00    
   \              0x00 0x00    
   \              0x00 0x00    
   \              0x00 0x00    
   \              0x00 0x00    
   \              0x00 0x00    
   \       0xCC   0x00 0x00          DC8 0, 0, 0, 0, 0, 0, 0, 0, 0, 0, 0, 0, 0, 0, 0, 0
   \              0x00 0x00    
   \              0x00 0x00    
   \              0x00 0x00    
   \              0x00 0x00    
   \              0x00 0x00    
   \              0x00 0x00    
   \              0x00 0x00    
   \       0xDC   0x00 0x00          DC8 0, 0, 0, 0, 0, 0, 0, 0, 0, 0, 0, 0, 0, 0, 0, 0
   \              0x00 0x00    
   \              0x00 0x00    
   \              0x00 0x00    
   \              0x00 0x00    
   \              0x00 0x00    
   \              0x00 0x00    
   \              0x00 0x00    
   \       0xEC   0x00 0x00          DC8 0, 0, 0, 0, 0, 0, 0, 0, 0, 0, 0, 0, 0, 0, 0, 0
   \              0x00 0x00    
   \              0x00 0x00    
   \              0x00 0x00    
   \              0x00 0x00    
   \              0x00 0x00    
   \              0x00 0x00    
   \              0x00 0x00    
   \       0xFC   0x00 0x00          DC8 0, 0, 0, 0, 0, 0, 0, 0, 0, 0, 0, 0, 0, 0, 0, 0
   \              0x00 0x00    
   \              0x00 0x00    
   \              0x00 0x00    
   \              0x00 0x00    
   \              0x00 0x00    
   \              0x00 0x00    
   \              0x00 0x00    
   \      0x10C   0x00 0x00          DC8 0, 0, 0, 0, 0, 0, 0, 0, 0, 0, 0, 0, 0, 0, 0, 0
   \              0x00 0x00    
   \              0x00 0x00    
   \              0x00 0x00    
   \              0x00 0x00    
   \              0x00 0x00    
   \              0x00 0x00    
   \              0x00 0x00    
   \      0x11C   0x00 0x00          DC8 0, 0, 0, 0, 0, 0, 0, 0, 0, 0, 0, 0, 0, 0, 0, 0
   \              0x00 0x00    
   \              0x00 0x00    
   \              0x00 0x00    
   \              0x00 0x00    
   \              0x00 0x00    
   \              0x00 0x00    
   \              0x00 0x00    
   \      0x12C   0x00 0x00          DC8 0, 0, 0, 0, 0, 0, 0, 0, 0, 0, 0, 0, 0, 0, 0, 0
   \              0x00 0x00    
   \              0x00 0x00    
   \              0x00 0x00    
   \              0x00 0x00    
   \              0x00 0x00    
   \              0x00 0x00    
   \              0x00 0x00    
   \      0x13C   0x00 0x00          DC8 0, 0, 0, 0, 0, 0, 0, 0, 0, 0, 0, 0, 0, 0, 0, 0
   \              0x00 0x00    
   \              0x00 0x00    
   \              0x00 0x00    
   \              0x00 0x00    
   \              0x00 0x00    
   \              0x00 0x00    
   \              0x00 0x00    
   \      0x14C   0x00 0x00          DC8 0, 0, 0, 0, 0, 0, 0, 0, 0, 0, 0, 0, 0, 0, 0, 0
   \              0x00 0x00    
   \              0x00 0x00    
   \              0x00 0x00    
   \              0x00 0x00    
   \              0x00 0x00    
   \              0x00 0x00    
   \              0x00 0x00    
   \      0x15C   0x00 0x00          DC8 0, 0, 0, 0, 0, 0, 0, 0, 0, 0, 0, 0, 0, 0, 0, 0
   \              0x00 0x00    
   \              0x00 0x00    
   \              0x00 0x00    
   \              0x00 0x00    
   \              0x00 0x00    
   \              0x00 0x00    
   \              0x00 0x00    
   \      0x16C   0x00 0x00          DC8 0, 0, 0, 0, 0, 0, 0, 0, 0, 0, 0, 0, 0, 0, 0, 0, 0, 0, 0, 0
   \              0x00 0x00    
   \              0x00 0x00    
   \              0x00 0x00    
   \              0x00 0x00    
   \              0x00 0x00    
   \              0x00 0x00    
   \              0x00 0x00    
   \              0x00 0x00    
   \              0x00 0x00    
   \      0x180   0x00 0x00          DC8 0, 0, 0, 0, 0, 0, 0, 0, 0, 0, 0, 0, 0, 0, 0, 0
   \              0x00 0x00    
   \              0x00 0x00    
   \              0x00 0x00    
   \              0x00 0x00    
   \              0x00 0x00    
   \              0x00 0x00    
   \              0x00 0x00    
   \      0x190   0x00 0x00          DC8 0, 0, 0, 0, 0, 0, 0, 0, 0, 0, 0, 0, 0, 0, 0, 0
   \              0x00 0x00    
   \              0x00 0x00    
   \              0x00 0x00    
   \              0x00 0x00    
   \              0x00 0x00    
   \              0x00 0x00    
   \              0x00 0x00    
   \      0x1A0   0x00 0x00          DC8 0, 0, 0, 0, 0, 0, 0, 0, 0, 0, 0, 0, 0, 0, 0, 0
   \              0x00 0x00    
   \              0x00 0x00    
   \              0x00 0x00    
   \              0x00 0x00    
   \              0x00 0x00    
   \              0x00 0x00    
   \              0x00 0x00    
   \      0x1B0   0x00 0x00          DC8 0, 0, 0, 0, 0, 0, 0, 0, 0, 0, 0, 0, 0, 0, 0, 0
   \              0x00 0x00    
   \              0x00 0x00    
   \              0x00 0x00    
   \              0x00 0x00    
   \              0x00 0x00    
   \              0x00 0x00    
   \              0x00 0x00    
   \      0x1C0   0x0000'0200        DC32 512, 262144
   \              0x0004'0000  
   \      0x1C8   0x00 0x01          DC8 0, 1, 0, 0, 0, 0, 0, 0
   \              0x00 0x00    
   \              0x00 0x00    
   \              0x00 0x00    
   \      0x1D0   0x0004'0000        DC32 262144
   \      0x1D4   0x00 0x00          DC8 0, 0, 0, 0, 0, 0, 0, 0, 0, 0, 0, 0, 0, 0, 0, 0
   \              0x00 0x00    
   \              0x00 0x00    
   \              0x00 0x00    
   \              0x00 0x00    
   \              0x00 0x00    
   \              0x00 0x00    
   \              0x00 0x00    
   \      0x1E4   0x00 0x00          DC8 0, 0, 0, 0, 0, 0, 0, 0, 0, 0, 0, 0, 0, 0, 0, 0
   \              0x00 0x00    
   \              0x00 0x00    
   \              0x00 0x00    
   \              0x00 0x00    
   \              0x00 0x00    
   \              0x00 0x00    
   \              0x00 0x00    
   \      0x1F4   0x00 0x00          DC8 0, 0, 0, 0, 0, 0, 0, 0, 0, 0, 0, 0
   \              0x00 0x00    
   \              0x00 0x00    
   \              0x00 0x00    
   \              0x00 0x00    
   \              0x00 0x00    
     26              .memConfig =
     27                  {
     28                      .tag                = FLEXSPI_CFG_BLK_TAG,
     29                      .version            = FLEXSPI_CFG_BLK_VERSION,
     30                      .readSampleClkSrc   = kFlexSPIReadSampleClk_ExternalInputFromDqsPad,
     31                      .csHoldTime         = 3u,
     32                      .csSetupTime        = 3u,
     33                      .columnAddressWidth = 3u,
     34                      // Enable DDR mode, Wordaddassable, Safe configuration, Differential clock
     35                      .controllerMiscOption =
     36                          (1u << kFlexSpiMiscOffset_DdrModeEnable) | (1u << kFlexSpiMiscOffset_WordAddressableEnable) |
     37                          (1u << kFlexSpiMiscOffset_SafeConfigFreqEnable) | (1u << kFlexSpiMiscOffset_DiffClkEnable),
     38                      .sflashPadType = kSerialFlash_8Pads,
     39                      .serialClkFreq = kFlexSpiSerialClk_133MHz,
     40                      .sflashA1Size  = 64u * 1024u * 1024u,
     41                      .dataValidTime = {16u, 16u},
     42                      .lookupTable =
     43                          {
     44                              // Read LUTs
     45                              FLEXSPI_LUT_SEQ(CMD_DDR, FLEXSPI_8PAD, 0xA0, RADDR_DDR, FLEXSPI_8PAD, 0x18),
     46                              FLEXSPI_LUT_SEQ(CADDR_DDR, FLEXSPI_8PAD, 0x10, DUMMY_DDR, FLEXSPI_8PAD, 0x06),
     47                              FLEXSPI_LUT_SEQ(READ_DDR, FLEXSPI_8PAD, 0x04, STOP, FLEXSPI_1PAD, 0x0),
     48                          },
     49                  },
     50              .pageSize           = 512u,
     51              .sectorSize         = 256u * 1024u,
     52              .blockSize          = 256u * 1024u,
     53              .isUniformBlockSize = true,
     54          };
     55          #endif /* XIP_BOOT_HEADER_ENABLE */


   Section sizes:

   Bytes  Function/Label
   -----  --------------
     512  hyperflash_config

 
 512 bytes in section .boot_hdr.conf
 
 512 bytes of CONST memory

Errors: none
Warnings: none
