###############################################################################
#
# IAR ANSI C/C++ Compiler V8.32.3.193/W32 for ARM         10/Jun/2019  13:48:28
# Copyright 1999-2019 IAR Systems AB.
#
#    Cpu mode     =  
#    Endian       =  little
#    Source file  =  
#        C:\Development\smart_washing_machine_3080\csdk\eng\infra\infra_prt_nwk_payload.c
#    Command line =  
#        -f C:\Users\nxf42695\AppData\Local\Temp\1\EWFFAB.tmp
#        (C:\Development\smart_washing_machine_3080\csdk\eng\infra\infra_prt_nwk_payload.c
#        -D DEBUG -D USE_RTOS -D XIP_EXTERNAL_FLASH=1 -D
#        XIP_BOOT_HEADER_ENABLE=1 -D CPU_MIMXRT1052DVL6B -D FSL_RTOS_FREE_RTOS
#        -D PRINTF_ADVANCED_ENABLE -D
#        "MBEDTLS_CONFIG_FILE=\"ksdk_mbedtls_config.h\"" -lC
#        C:\Development\smart_washing_machine_3080\flexspi_nor_debug\list -lA
#        C:\Development\smart_washing_machine_3080\flexspi_nor_debug\list
#        --diag_suppress Pa082,Pa050 -o
#        C:\Development\smart_washing_machine_3080\flexspi_nor_debug\obj
#        --no_cse --no_unroll --no_inline --no_code_motion --no_tbaa
#        --no_clustering --no_scheduling --debug --endian=little
#        --cpu=Cortex-M7 -e --fpu=VFPv5_d16 --dlib_config "C:\Program Files
#        (x86)\IAR Systems\Embedded Workbench
#        8.2\arm\inc\c\DLib_Config_Normal.h" --preinclude
#        C:\Development\smart_washing_machine_3080/source\app_preinclude.h -I
#        C:\Development\smart_washing_machine_3080/board\ -I
#        C:\Development\smart_washing_machine_3080/source\ -I
#        C:\Development\smart_washing_machine_3080/CMSIS\ -I
#        C:\Development\smart_washing_machine_3080/amazon-freertos/freertos/portable\
#        -I C:\Development\smart_washing_machine_3080/amazon-freertos/include\
#        -I C:\Development\smart_washing_machine_3080/component/lists\ -I
#        C:\Development\smart_washing_machine_3080/component/serial_manager\ -I
#        C:\Development\smart_washing_machine_3080/component/uart\ -I
#        C:\Development\smart_washing_machine_3080/component/kv\ -I
#        C:\Development\smart_washing_machine_3080/component/kv/include\ -I
#        C:\Development\smart_washing_machine_3080/device\ -I
#        C:\Development\smart_washing_machine_3080/doc\ -I
#        C:\Development\smart_washing_machine_3080/drivers\ -I
#        C:\Development\smart_washing_machine_3080/src\ -I
#        C:\Development\smart_washing_machine_3080/startup\ -I
#        C:\Development\smart_washing_machine_3080/utilities\ -I
#        C:\Development\smart_washing_machine_3080/xip\ -I
#        C:\Development\smart_washing_machine_3080\csdk\eng\ -I
#        C:\Development\smart_washing_machine_3080\csdk\eng\atm\ -I
#        C:\Development\smart_washing_machine_3080\csdk\eng\dev_model\ -I
#        C:\Development\smart_washing_machine_3080\csdk\eng\dev_sign\ -I
#        C:\Development\smart_washing_machine_3080\csdk\eng\infra\ -I
#        C:\Development\smart_washing_machine_3080\csdk\eng\mqtt\ -I
#        C:\Development\smart_washing_machine_3080\csdk\eng\wrappers\ -I
#        C:\Development\smart_washing_machine_3080\csdk\eng\wrappers\external_libs\
#        -I C:\Development\smart_washing_machine_3080\csdk\eng\coap_cloud\ -I
#        C:\Development\smart_washing_machine_3080\csdk\eng\coap_server\ -I
#        C:\Development\smart_washing_machine_3080\csdk\eng\coap_server\CoAPPacket\
#        -I
#        C:\Development\smart_washing_machine_3080\csdk\eng\coap_server\server\
#        -I C:\Development\smart_washing_machine_3080\csdk\eng\dev_bind\ -I
#        C:\Development\smart_washing_machine_3080\csdk\eng\dev_bind\impl\ -I
#        C:\Development\smart_washing_machine_3080\csdk\eng\dev_bind\impl\os\
#        -I
#        C:\Development\smart_washing_machine_3080\csdk\eng\dev_bind\impl\awss_reset\
#        -I C:\Development\smart_washing_machine_3080\mbedtls\include\mbedtls\
#        -I C:\Development\smart_washing_machine_3080\mbedtls\include\ -I
#        C:\Development\smart_washing_machine_3080\mbedtls\port\ksdk\ -Om)
#    Locale       =  C
#    List file    =  
#        C:\Development\smart_washing_machine_3080\flexspi_nor_debug\list\infra_prt_nwk_payload.lst
#    Object file  =  
#        C:\Development\smart_washing_machine_3080\flexspi_nor_debug\obj\infra_prt_nwk_payload.o
#
###############################################################################

C:\Development\smart_washing_machine_3080\csdk\eng\infra\infra_prt_nwk_payload.c
      1          #include "infra_config.h"
      2          
      3          #ifdef INFRA_LOG_NETWORK_PAYLOAD
      4          #include <string.h>
      5          #include <stdarg.h>
      6          #include "infra_log.h"
      7          #if defined(INFRA_CJSON)
      8              #include "infra_cjson.h"
      9          #endif
     10          
     11          #define JSON_NEWLINE            "\r\n"
     12          #define JSON_INDENT             "    "
     13          
     14          #define JSON_PRINT_NEWSTR       HAL_Printf("%s", newstr);
     15          #define JSON_PRINT_NEWLINE      \
     16              do { \
     17                  HAL_Printf("%s", JSON_NEWLINE); \
     18                  if (mark == '>' || mark == '<' || mark == ':') { \
     19                      HAL_Printf("%c ", mark); \
     20                  } \
     21              } while(0)
     22          
     23          /* 31, red. 32, green. 33, yellow. 34, blue. 35, magenta. 36, cyan. 37, white. */

   \                                 In section .data, align 4
     24          static char *_color[] = {
   \                     _color:
   \        0x0   0x....'....        DC32 ?_0, ?_1, ?_1, ?_2, ?_3, ?_4, ?_5
   \              0x....'....  
   \              0x....'....  
   \              0x....'....  
   \              0x....'....  
   \              0x....'....  
   \              0x....'....  
     25              "[0m", "[1;31m", "[1;31m", "[1;35m", "[1;33m", "[1;36m", "[1;37m"
     26          };
     27          

   \                                 In section .text, align 4, keep-with-next
     28          int iotx_facility_json_print(const char *str, int level, ...)
     29          {
   \                     iotx_facility_json_print: (+1)
   \        0x0   0xB40C             PUSH     {R2,R3}
   \        0x2   0xE92D 0x4FF8      PUSH     {R3-R11,LR}
   \        0x6   0xB08A             SUB      SP,SP,#+40
   \        0x8   0x4605             MOV      R5,R0
   \        0xA   0x460F             MOV      R7,R1
     30              int             length = 0;
     31              char            newstr[2];
     32              int             quoted  = 0;
   \        0xC   0x2400             MOVS     R4,#+0
     33              int             escaped = 0;
     34              int             indent  = 0;
   \        0xE   0x4626             MOV      R6,R4
     35              int             i = 0, j = 0;
   \       0x10   0x46A1             MOV      R9,R4
     36          #if defined(INFRA_CJSON)
     37              int             res = -1;
     38              lite_cjson_t    lite;
     39          #endif
     40              va_list         ap;
     41              int             mark = ' ';
     42          
     43              newstr[0] = 0x00;
   \       0x12   0x4620             MOV      R0,R4
   \       0x14   0xF8AD 0x0000      STRH     R0,[SP, #+0]
     44              newstr[1] = 0x00;
     45          
     46              if (str == NULL || strlen(str) == 0) {
   \       0x18   0x2D00             CMP      R5,#+0
   \       0x1A   0xD004             BEQ.N    ??iotx_facility_json_print_1
   \       0x1C   0x4628             MOV      R0,R5
   \       0x1E   0x....'....        BL       strlen
   \       0x22   0x2800             CMP      R0,#+0
   \       0x24   0xD102             BNE.N    ??iotx_facility_json_print_2
     47                  return -1;
   \                     ??iotx_facility_json_print_1: (+1)
   \       0x26   0xF04F 0x30FF      MOV      R0,#-1
   \       0x2A   0xE114             B.N      ??iotx_facility_json_print_3
     48              }
     49          
     50          #if defined(INFRA_CJSON)
     51              res = lite_cjson_parse(str, strlen(str), &lite);
     52              if (res != SUCCESS_RETURN || !lite_cjson_is_object(&lite)) {
   \                     ??iotx_facility_json_print_2: (+1)
   \       0x2C   0x4628             MOV      R0,R5
   \       0x2E   0x....'....        BL       strlen
   \       0x32   0xAA02             ADD      R2,SP,#+8
   \       0x34   0x4601             MOV      R1,R0
   \       0x36   0x4628             MOV      R0,R5
   \       0x38   0x....'....        BL       lite_cjson_parse
   \       0x3C   0x2800             CMP      R0,#+0
   \       0x3E   0xD104             BNE.N    ??iotx_facility_json_print_4
   \       0x40   0xA802             ADD      R0,SP,#+8
   \       0x42   0x....'....        BL       lite_cjson_is_object
   \       0x46   0x2800             CMP      R0,#+0
   \       0x48   0xD102             BNE.N    ??iotx_facility_json_print_5
     53                  return -2;
   \                     ??iotx_facility_json_print_4: (+1)
   \       0x4A   0xF06F 0x0001      MVN      R0,#+1
   \       0x4E   0xE102             B.N      ??iotx_facility_json_print_3
     54              }
     55          #endif
     56          
     57              length = strlen(str);
   \                     ??iotx_facility_json_print_5: (+1)
   \       0x50   0x4628             MOV      R0,R5
   \       0x52   0x....'....        BL       strlen
   \       0x56   0x9001             STR      R0,[SP, #+4]
     58              HAL_Printf("%s%s", "\033", _color[level]);
   \       0x58   0x488A             LDR.N    R0,??iotx_facility_json_print_0+0x14
   \       0x5A   0xF850 0x2027      LDR      R2,[R0, R7, LSL #+2]
   \       0x5E   0xA184             ADR.N    R1,??iotx_facility_json_print_0  ;; "\033"
   \       0x60   0x4889             LDR.N    R0,??iotx_facility_json_print_0+0x18
   \       0x62   0x....'....        BL       HAL_Printf
     59              va_start(ap, level);
   \       0x66   0xA814             ADD      R0,SP,#+80
     60              mark = va_arg(ap, int);
   \       0x68   0x6807             LDR      R7,[R0, #+0]
     61              JSON_PRINT_NEWLINE;
   \       0x6A   0xF20F 0x2808      ADR.W    R8,??iotx_facility_json_print_0+0x4  ;; 0x25, 0x73, 0x00, 0x00
   \       0x6E   0xA182             ADR.N    R1,??iotx_facility_json_print_0+0x8  ;; 0x0D, 0x0A, 0x00, 0x00
   \       0x70   0x4640             MOV      R0,R8
   \       0x72   0x....'....        BL       HAL_Printf
   \       0x76   0x2F3E             CMP      R7,#+62
   \       0x78   0xD003             BEQ.N    ??iotx_facility_json_print_6
   \       0x7A   0x2F3C             CMP      R7,#+60
   \       0x7C   0xD001             BEQ.N    ??iotx_facility_json_print_6
   \       0x7E   0x2F3A             CMP      R7,#+58
   \       0x80   0xD113             BNE.N    ??iotx_facility_json_print_7
   \                     ??iotx_facility_json_print_6: (+1)
   \       0x82   0x4639             MOV      R1,R7
   \       0x84   0xA07D             ADR.N    R0,??iotx_facility_json_print_0+0xC  ;; "%c "
   \       0x86   0x....'....        BL       HAL_Printf
   \       0x8A   0xE00E             B.N      ??iotx_facility_json_print_7
     62              va_end(ap);
     63          
     64              for (i = 0 ; i < length ; i++) {
     65                  char ch = str[i];
     66                  switch (ch) {
     67                      case '{':
     68                      case '[':
     69                          newstr[0] = ch;
     70                          JSON_PRINT_NEWSTR;
     71          
     72                          if (!quoted) {
     73                              JSON_PRINT_NEWLINE;
     74          
     75                              if (!(str[i + 1] == '}' || str[i + 1] == ']')) {
     76                                  ++indent;
     77          
     78                                  for (j = 0 ; j < indent ; j++) {
     79                                      HAL_Printf("%s", JSON_INDENT);
     80                                  }
     81                              }
     82                          }
     83          
     84                          break;
     85          
     86                      case '}':
     87                      case ']':
     88                          if (!quoted) {
     89                              if ((i > 0) && (!(str[i - 1] == '{' || str[i - 1] == '['))) {
     90                                  JSON_PRINT_NEWLINE;
     91                                  --indent;
     92          
     93                                  for (j = 0 ; j < indent ; j++) {
     94                                      HAL_Printf("%s", JSON_INDENT);
     95                                  }
     96                              } else if ((i > 0) && ((str[i - 1] == '[' && ch == ']') || (str[i - 1] == '{' && ch == '}'))) {
     97                                  for (j = 0 ; j < indent ; j++) {
     98                                      HAL_Printf("%s", JSON_INDENT);
     99                                  }
    100                              }
    101                          }
    102          
    103                          newstr[0] = ch;
    104                          JSON_PRINT_NEWSTR;
    105          
    106                          break;
    107          
    108                      case '"':
    109                          newstr[0] = ch;
    110                          JSON_PRINT_NEWSTR;
    111                          escaped = 1;
    112          
    113                          if (i > 0 && str[i - 1] == '\\') {
    114                              escaped = !escaped;
    115                          }
    116          
    117                          if (!escaped) {
    118                              quoted = !quoted;
    119                          }
    120          
    121                          break;
    122          
    123                      case ',':
    124                          newstr[0] = ch;
    125                          JSON_PRINT_NEWSTR;
    126                          if (!quoted) {
    127                              JSON_PRINT_NEWLINE;
    128          
    129                              for (j = 0 ; j < indent ; j++) {
    130                                  HAL_Printf("%s", JSON_INDENT);
    131                              }
    132                          }
    133          
    134                          break;
    135          
    136                      case ':':
    137                          newstr[0] = ch;
   \                     ??iotx_facility_json_print_8: (+1)
   \       0x8C   0x203A             MOVS     R0,#+58
   \       0x8E   0xF88D 0x0000      STRB     R0,[SP, #+0]
    138                          JSON_PRINT_NEWSTR;
   \       0x92   0x4669             MOV      R1,SP
   \       0x94   0x4640             MOV      R0,R8
   \       0x96   0x....'....        BL       HAL_Printf
    139                          if (!quoted) {
   \       0x9A   0x2C00             CMP      R4,#+0
   \       0x9C   0xD103             BNE.N    ??iotx_facility_json_print_9
    140                              HAL_Printf("%s", " ");
   \       0x9E   0xA178             ADR.N    R1,??iotx_facility_json_print_0+0x10  ;; " "
   \       0xA0   0x4640             MOV      R0,R8
   \       0xA2   0x....'....        BL       HAL_Printf
    141                          }
   \                     ??iotx_facility_json_print_9: (+1)
   \       0xA6   0xF109 0x0901      ADD      R9,R9,#+1
   \                     ??iotx_facility_json_print_7: (+1)
   \       0xAA   0x9801             LDR      R0,[SP, #+4]
   \       0xAC   0x4581             CMP      R9,R0
   \       0xAE   0xF280 0x80C9      BGE.W    ??iotx_facility_json_print_10
   \       0xB2   0xF815 0xA009      LDRB     R10,[R5, R9]
   \       0xB6   0x4650             MOV      R0,R10
   \       0xB8   0x2822             CMP      R0,#+34
   \       0xBA   0xF000 0x8086      BEQ.W    ??iotx_facility_json_print_11
   \       0xBE   0x282C             CMP      R0,#+44
   \       0xC0   0xF000 0x809C      BEQ.W    ??iotx_facility_json_print_12
   \       0xC4   0x283A             CMP      R0,#+58
   \       0xC6   0xD0E1             BEQ.N    ??iotx_facility_json_print_8
   \       0xC8   0x285B             CMP      R0,#+91
   \       0xCA   0xD006             BEQ.N    ??iotx_facility_json_print_13
   \       0xCC   0x285D             CMP      R0,#+93
   \       0xCE   0xD030             BEQ.N    ??iotx_facility_json_print_14
   \       0xD0   0x287B             CMP      R0,#+123
   \       0xD2   0xD002             BEQ.N    ??iotx_facility_json_print_13
   \       0xD4   0x287D             CMP      R0,#+125
   \       0xD6   0xD02C             BEQ.N    ??iotx_facility_json_print_14
   \       0xD8   0xE0C2             B.N      ??iotx_facility_json_print_15
   \                     ??iotx_facility_json_print_13: (+1)
   \       0xDA   0xF88D 0xA000      STRB     R10,[SP, #+0]
   \       0xDE   0x4669             MOV      R1,SP
   \       0xE0   0x4640             MOV      R0,R8
   \       0xE2   0x....'....        BL       HAL_Printf
   \       0xE6   0x2C00             CMP      R4,#+0
   \       0xE8   0xD1DD             BNE.N    ??iotx_facility_json_print_9
   \       0xEA   0xA163             ADR.N    R1,??iotx_facility_json_print_0+0x8  ;; 0x0D, 0x0A, 0x00, 0x00
   \       0xEC   0x4640             MOV      R0,R8
   \       0xEE   0x....'....        BL       HAL_Printf
   \       0xF2   0x2F3E             CMP      R7,#+62
   \       0xF4   0xD003             BEQ.N    ??iotx_facility_json_print_16
   \       0xF6   0x2F3C             CMP      R7,#+60
   \       0xF8   0xD001             BEQ.N    ??iotx_facility_json_print_16
   \       0xFA   0x2F3A             CMP      R7,#+58
   \       0xFC   0xD103             BNE.N    ??iotx_facility_json_print_17
   \                     ??iotx_facility_json_print_16: (+1)
   \       0xFE   0x4639             MOV      R1,R7
   \      0x100   0xA05E             ADR.N    R0,??iotx_facility_json_print_0+0xC  ;; "%c "
   \      0x102   0x....'....        BL       HAL_Printf
   \                     ??iotx_facility_json_print_17: (+1)
   \      0x106   0xEB05 0x0009      ADD      R0,R5,R9
   \      0x10A   0x7840             LDRB     R0,[R0, #+1]
   \      0x10C   0x287D             CMP      R0,#+125
   \      0x10E   0xD0CA             BEQ.N    ??iotx_facility_json_print_9
   \      0x110   0xEB05 0x0009      ADD      R0,R5,R9
   \      0x114   0x7840             LDRB     R0,[R0, #+1]
   \      0x116   0x285D             CMP      R0,#+93
   \      0x118   0xD0C5             BEQ.N    ??iotx_facility_json_print_9
   \      0x11A   0x1C76             ADDS     R6,R6,#+1
   \      0x11C   0xF04F 0x0A00      MOV      R10,#+0
   \                     ??iotx_facility_json_print_18: (+1)
   \      0x120   0x45B2             CMP      R10,R6
   \      0x122   0xDAC0             BGE.N    ??iotx_facility_json_print_9
   \      0x124   0x4959             LDR.N    R1,??iotx_facility_json_print_0+0x1C
   \      0x126   0x4640             MOV      R0,R8
   \      0x128   0x....'....        BL       HAL_Printf
   \      0x12C   0xF10A 0x0A01      ADD      R10,R10,#+1
   \      0x130   0xE7F6             B.N      ??iotx_facility_json_print_18
   \                     ??iotx_facility_json_print_14: (+1)
   \      0x132   0x2C00             CMP      R4,#+0
   \      0x134   0xF040 0x8094      BNE.W    ??iotx_facility_json_print_15
   \      0x138   0xF1B9 0x0F01      CMP      R9,#+1
   \      0x13C   0xDB25             BLT.N    ??iotx_facility_json_print_19
   \      0x13E   0xEB05 0x0009      ADD      R0,R5,R9
   \      0x142   0xF810 0x0C01      LDRB     R0,[R0, #-1]
   \      0x146   0x287B             CMP      R0,#+123
   \      0x148   0xD01F             BEQ.N    ??iotx_facility_json_print_19
   \      0x14A   0xEB05 0x0009      ADD      R0,R5,R9
   \      0x14E   0xF810 0x0C01      LDRB     R0,[R0, #-1]
   \      0x152   0x285B             CMP      R0,#+91
   \      0x154   0xD019             BEQ.N    ??iotx_facility_json_print_19
   \      0x156   0xA148             ADR.N    R1,??iotx_facility_json_print_0+0x8  ;; 0x0D, 0x0A, 0x00, 0x00
   \      0x158   0x4640             MOV      R0,R8
   \      0x15A   0x....'....        BL       HAL_Printf
   \      0x15E   0x2F3E             CMP      R7,#+62
   \      0x160   0xD003             BEQ.N    ??iotx_facility_json_print_20
   \      0x162   0x2F3C             CMP      R7,#+60
   \      0x164   0xD001             BEQ.N    ??iotx_facility_json_print_20
   \      0x166   0x2F3A             CMP      R7,#+58
   \      0x168   0xD103             BNE.N    ??iotx_facility_json_print_21
   \                     ??iotx_facility_json_print_20: (+1)
   \      0x16A   0x4639             MOV      R1,R7
   \      0x16C   0xA043             ADR.N    R0,??iotx_facility_json_print_0+0xC  ;; "%c "
   \      0x16E   0x....'....        BL       HAL_Printf
   \                     ??iotx_facility_json_print_21: (+1)
   \      0x172   0x1E76             SUBS     R6,R6,#+1
   \      0x174   0xF04F 0x0B00      MOV      R11,#+0
   \                     ??iotx_facility_json_print_22: (+1)
   \      0x178   0x45B3             CMP      R11,R6
   \      0x17A   0xDA71             BGE.N    ??iotx_facility_json_print_15
   \      0x17C   0x4943             LDR.N    R1,??iotx_facility_json_print_0+0x1C
   \      0x17E   0x4640             MOV      R0,R8
   \      0x180   0x....'....        BL       HAL_Printf
   \      0x184   0xF10B 0x0B01      ADD      R11,R11,#+1
   \      0x188   0xE7F6             B.N      ??iotx_facility_json_print_22
   \                     ??iotx_facility_json_print_19: (+1)
   \      0x18A   0xF1B9 0x0F01      CMP      R9,#+1
   \      0x18E   0xDB67             BLT.N    ??iotx_facility_json_print_15
   \      0x190   0xEB05 0x0009      ADD      R0,R5,R9
   \      0x194   0xF810 0x0C01      LDRB     R0,[R0, #-1]
   \      0x198   0x285B             CMP      R0,#+91
   \      0x19A   0xD102             BNE.N    ??iotx_facility_json_print_23
   \      0x19C   0xF1BA 0x0F5D      CMP      R10,#+93
   \      0x1A0   0xD008             BEQ.N    ??iotx_facility_json_print_24
   \                     ??iotx_facility_json_print_23: (+1)
   \      0x1A2   0xEB05 0x0009      ADD      R0,R5,R9
   \      0x1A6   0xF810 0x0C01      LDRB     R0,[R0, #-1]
   \      0x1AA   0x287B             CMP      R0,#+123
   \      0x1AC   0xD158             BNE.N    ??iotx_facility_json_print_15
   \      0x1AE   0xF1BA 0x0F7D      CMP      R10,#+125
   \      0x1B2   0xD155             BNE.N    ??iotx_facility_json_print_15
   \                     ??iotx_facility_json_print_24: (+1)
   \      0x1B4   0xF04F 0x0B00      MOV      R11,#+0
   \                     ??iotx_facility_json_print_25: (+1)
   \      0x1B8   0x45B3             CMP      R11,R6
   \      0x1BA   0xDA51             BGE.N    ??iotx_facility_json_print_15
   \      0x1BC   0x4933             LDR.N    R1,??iotx_facility_json_print_0+0x1C
   \      0x1BE   0x4640             MOV      R0,R8
   \      0x1C0   0x....'....        BL       HAL_Printf
   \      0x1C4   0xF10B 0x0B01      ADD      R11,R11,#+1
   \      0x1C8   0xE7F6             B.N      ??iotx_facility_json_print_25
   \                     ??iotx_facility_json_print_11: (+1)
   \      0x1CA   0x2022             MOVS     R0,#+34
   \      0x1CC   0xF88D 0x0000      STRB     R0,[SP, #+0]
   \      0x1D0   0x4669             MOV      R1,SP
   \      0x1D2   0x4640             MOV      R0,R8
   \      0x1D4   0x....'....        BL       HAL_Printf
   \      0x1D8   0x2001             MOVS     R0,#+1
   \      0x1DA   0xF1B9 0x0F01      CMP      R9,#+1
   \      0x1DE   0xDB06             BLT.N    ??iotx_facility_json_print_26
   \      0x1E0   0xEB05 0x0109      ADD      R1,R5,R9
   \      0x1E4   0xF811 0x1C01      LDRB     R1,[R1, #-1]
   \      0x1E8   0x295C             CMP      R1,#+92
   \      0x1EA   0xD100             BNE.N    ??iotx_facility_json_print_26
   \      0x1EC   0x2000             MOVS     R0,#+0
   \                     ??iotx_facility_json_print_26: (+1)
   \      0x1EE   0x2800             CMP      R0,#+0
   \      0x1F0   0xF47F 0xAF59      BNE.W    ??iotx_facility_json_print_9
   \      0x1F4   0x1E64             SUBS     R4,R4,#+1
   \      0x1F6   0x41A4             SBCS     R4,R4,R4
   \      0x1F8   0x0FE4             LSRS     R4,R4,#+31
   \      0x1FA   0xE754             B.N      ??iotx_facility_json_print_9
   \                     ??iotx_facility_json_print_12: (+1)
   \      0x1FC   0x202C             MOVS     R0,#+44
   \      0x1FE   0xF88D 0x0000      STRB     R0,[SP, #+0]
   \      0x202   0x4669             MOV      R1,SP
   \      0x204   0x4640             MOV      R0,R8
   \      0x206   0x....'....        BL       HAL_Printf
   \      0x20A   0x2C00             CMP      R4,#+0
   \      0x20C   0xF47F 0xAF4B      BNE.W    ??iotx_facility_json_print_9
   \      0x210   0xA119             ADR.N    R1,??iotx_facility_json_print_0+0x8  ;; 0x0D, 0x0A, 0x00, 0x00
   \      0x212   0x4640             MOV      R0,R8
   \      0x214   0x....'....        BL       HAL_Printf
   \      0x218   0x2F3E             CMP      R7,#+62
   \      0x21A   0xD003             BEQ.N    ??iotx_facility_json_print_27
   \      0x21C   0x2F3C             CMP      R7,#+60
   \      0x21E   0xD001             BEQ.N    ??iotx_facility_json_print_27
   \      0x220   0x2F3A             CMP      R7,#+58
   \      0x222   0xD103             BNE.N    ??iotx_facility_json_print_28
   \                     ??iotx_facility_json_print_27: (+1)
   \      0x224   0x4639             MOV      R1,R7
   \      0x226   0xA015             ADR.N    R0,??iotx_facility_json_print_0+0xC  ;; "%c "
   \      0x228   0x....'....        BL       HAL_Printf
   \                     ??iotx_facility_json_print_28: (+1)
   \      0x22C   0xF04F 0x0A00      MOV      R10,#+0
   \                     ??iotx_facility_json_print_29: (+1)
   \      0x230   0x45B2             CMP      R10,R6
   \      0x232   0xF6BF 0xAF38      BGE.W    ??iotx_facility_json_print_9
   \      0x236   0x4915             LDR.N    R1,??iotx_facility_json_print_0+0x1C
   \      0x238   0x4640             MOV      R0,R8
   \      0x23A   0x....'....        BL       HAL_Printf
   \      0x23E   0xF10A 0x0A01      ADD      R10,R10,#+1
   \      0x242   0xE7F5             B.N      ??iotx_facility_json_print_29
    142          
    143                          break;
    144          
    145                      default:
    146                          newstr[0] = ch;
    147                          JSON_PRINT_NEWSTR;
    148          
    149                          break;
    150                  }
    151              }
    152          
    153              HAL_Printf("%s", JSON_NEWLINE JSON_NEWLINE);
   \                     ??iotx_facility_json_print_10: (+1)
   \      0x244   0x4912             LDR.N    R1,??iotx_facility_json_print_0+0x20
   \      0x246   0x4640             MOV      R0,R8
   \      0x248   0x....'....        BL       HAL_Printf
    154              HAL_Printf("%s", "\033[0m");
   \      0x24C   0x4911             LDR.N    R1,??iotx_facility_json_print_0+0x24
   \      0x24E   0x4640             MOV      R0,R8
   \      0x250   0x....'....        BL       HAL_Printf
    155              return 0;
   \      0x254   0x2000             MOVS     R0,#+0
   \                     ??iotx_facility_json_print_3: (+1)
   \      0x256   0xB00B             ADD      SP,SP,#+44
   \      0x258   0xE8BD 0x0FF0      POP      {R4-R11}
   \      0x25C   0xF85D 0xFB0C      LDR      PC,[SP], #+12    ;; return
   \                     ??iotx_facility_json_print_15: (+1)
   \      0x260   0xF88D 0xA000      STRB     R10,[SP, #+0]
   \      0x264   0x4669             MOV      R1,SP
   \      0x266   0x4640             MOV      R0,R8
   \      0x268   0x....'....        BL       HAL_Printf
   \      0x26C   0xE71B             B.N      ??iotx_facility_json_print_9
   \      0x26E   0xBF00             Nop      
   \                     ??iotx_facility_json_print_0:
   \      0x270   0x1B 0x00          DC8      "\033",0x0,0x0
   \              0x00 0x00    
   \      0x274   0x25 0x73          DC8      0x25, 0x73, 0x00, 0x00
   \              0x00 0x00    
   \      0x278   0x0D 0x0A          DC8      0x0D, 0x0A, 0x00, 0x00
   \              0x00 0x00    
   \      0x27C   0x25 0x63          DC8      "%c "
   \              0x20 0x00    
   \      0x280   0x20 0x00          DC8      " ",0x0,0x0
   \              0x00 0x00    
   \      0x284   0x....'....        DC32     _color
   \      0x288   0x....'....        DC32     ?_6
   \      0x28C   0x....'....        DC32     ?_11
   \      0x290   0x....'....        DC32     ?_13
   \      0x294   0x....'....        DC32     ?_14
    156          }

   \                                 In section .rodata, align 4
   \                     ?_0:
   \        0x0   0x5B 0x30          DC8 "[0m"
   \              0x6D 0x00    

   \                                 In section .rodata, align 4
   \                     ?_1:
   \        0x0   0x5B 0x31          DC8 "[1;31m"
   \              0x3B 0x33    
   \              0x31 0x6D    
   \              0x00         
   \        0x7   0x00               DC8 0

   \                                 In section .rodata, align 4
   \                     ?_2:
   \        0x0   0x5B 0x31          DC8 "[1;35m"
   \              0x3B 0x33    
   \              0x35 0x6D    
   \              0x00         
   \        0x7   0x00               DC8 0

   \                                 In section .rodata, align 4
   \                     ?_3:
   \        0x0   0x5B 0x31          DC8 "[1;33m"
   \              0x3B 0x33    
   \              0x33 0x6D    
   \              0x00         
   \        0x7   0x00               DC8 0

   \                                 In section .rodata, align 4
   \                     ?_4:
   \        0x0   0x5B 0x31          DC8 "[1;36m"
   \              0x3B 0x33    
   \              0x36 0x6D    
   \              0x00         
   \        0x7   0x00               DC8 0

   \                                 In section .rodata, align 4
   \                     ?_5:
   \        0x0   0x5B 0x31          DC8 "[1;37m"
   \              0x3B 0x33    
   \              0x37 0x6D    
   \              0x00         
   \        0x7   0x00               DC8 0

   \                                 In section .rodata, align 4
   \                     ?_6:
   \        0x0   0x25 0x73          DC8 "%s%s"
   \              0x25 0x73    
   \              0x00         
   \        0x5   0x00 0x00          DC8 0, 0, 0
   \              0x00         

   \                                 In section .rodata, align 2
   \        0x0   0x1B 0x00          DC8 "\033"

   \                                 In section .rodata, align 4
   \        0x0   0x25 0x73          DC8 "%s"
   \              0x00         
   \        0x3   0x00               DC8 0

   \                                 In section .rodata, align 4
   \        0x0   0x0D 0x0A          DC8 "\015\012"
   \              0x00         
   \        0x3   0x00               DC8 0

   \                                 In section .rodata, align 4
   \        0x0   0x25 0x63          DC8 "%c "
   \              0x20 0x00    

   \                                 In section .rodata, align 4
   \                     ?_11:
   \        0x0   0x20 0x20          DC8 "    "
   \              0x20 0x20    
   \              0x00         
   \        0x5   0x00 0x00          DC8 0, 0, 0
   \              0x00         

   \                                 In section .rodata, align 2
   \        0x0   0x20 0x00          DC8 " "

   \                                 In section .rodata, align 4
   \                     ?_13:
   \        0x0   0x0D 0x0A          DC8 "\015\012\015\012"
   \              0x0D 0x0A    
   \              0x00         
   \        0x5   0x00 0x00          DC8 0, 0, 0
   \              0x00         

   \                                 In section .rodata, align 4
   \                     ?_14:
   \        0x0   0x1B 0x5B          DC8 "\033[0m"
   \              0x30 0x6D    
   \              0x00         
   \        0x5   0x00 0x00          DC8 0, 0, 0
   \              0x00         
    157          
    158          #endif  /* #ifdef INFRA_LOG_NETWORK_PAYLOAD */
    159          

   Maximum stack usage in bytes:

   .cstack Function
   ------- --------
      88   iotx_facility_json_print
        88   -> HAL_Printf
        88   -> lite_cjson_is_object
        88   -> lite_cjson_parse
        88   -> strlen


   Section sizes:

   Bytes  Function/Label
   -----  --------------
       4  ?_0
       8  ?_1
       4  ?_10
       8  ?_11
       2  ?_12
       8  ?_13
       8  ?_14
       8  ?_2
       8  ?_3
       8  ?_4
       8  ?_5
       8  ?_6
       2  ?_7
       4  ?_8
       4  ?_9
      28  _color
     664  iotx_facility_json_print

 
  28 bytes in section .data
  92 bytes in section .rodata
 664 bytes in section .text
 
 664 bytes of CODE  memory
  92 bytes of CONST memory
  28 bytes of DATA  memory

Errors: none
Warnings: none
