###############################################################################
#
# IAR ANSI C/C++ Compiler V8.32.3.193/W32 for ARM         10/Jun/2019  13:48:28
# Copyright 1999-2019 IAR Systems AB.
#
#    Cpu mode     =  
#    Endian       =  little
#    Source file  =  
#        C:\Development\smart_washing_machine_3080\csdk\eng\infra\infra_defs.c
#    Command line =  
#        -f C:\Users\nxf42695\AppData\Local\Temp\1\EWFD25.tmp
#        (C:\Development\smart_washing_machine_3080\csdk\eng\infra\infra_defs.c
#        -D DEBUG -D USE_RTOS -D XIP_EXTERNAL_FLASH=1 -D
#        XIP_BOOT_HEADER_ENABLE=1 -D CPU_MIMXRT1052DVL6B -D FSL_RTOS_FREE_RTOS
#        -D PRINTF_ADVANCED_ENABLE -D
#        "MBEDTLS_CONFIG_FILE=\"ksdk_mbedtls_config.h\"" -lC
#        C:\Development\smart_washing_machine_3080\flexspi_nor_debug\list -lA
#        C:\Development\smart_washing_machine_3080\flexspi_nor_debug\list
#        --diag_suppress Pa082,Pa050 -o
#        C:\Development\smart_washing_machine_3080\flexspi_nor_debug\obj
#        --no_cse --no_unroll --no_inline --no_code_motion --no_tbaa
#        --no_clustering --no_scheduling --debug --endian=little
#        --cpu=Cortex-M7 -e --fpu=VFPv5_d16 --dlib_config "C:\Program Files
#        (x86)\IAR Systems\Embedded Workbench
#        8.2\arm\inc\c\DLib_Config_Normal.h" --preinclude
#        C:\Development\smart_washing_machine_3080/source\app_preinclude.h -I
#        C:\Development\smart_washing_machine_3080/board\ -I
#        C:\Development\smart_washing_machine_3080/source\ -I
#        C:\Development\smart_washing_machine_3080/CMSIS\ -I
#        C:\Development\smart_washing_machine_3080/amazon-freertos/freertos/portable\
#        -I C:\Development\smart_washing_machine_3080/amazon-freertos/include\
#        -I C:\Development\smart_washing_machine_3080/component/lists\ -I
#        C:\Development\smart_washing_machine_3080/component/serial_manager\ -I
#        C:\Development\smart_washing_machine_3080/component/uart\ -I
#        C:\Development\smart_washing_machine_3080/component/kv\ -I
#        C:\Development\smart_washing_machine_3080/component/kv/include\ -I
#        C:\Development\smart_washing_machine_3080/device\ -I
#        C:\Development\smart_washing_machine_3080/doc\ -I
#        C:\Development\smart_washing_machine_3080/drivers\ -I
#        C:\Development\smart_washing_machine_3080/src\ -I
#        C:\Development\smart_washing_machine_3080/startup\ -I
#        C:\Development\smart_washing_machine_3080/utilities\ -I
#        C:\Development\smart_washing_machine_3080/xip\ -I
#        C:\Development\smart_washing_machine_3080\csdk\eng\ -I
#        C:\Development\smart_washing_machine_3080\csdk\eng\atm\ -I
#        C:\Development\smart_washing_machine_3080\csdk\eng\dev_model\ -I
#        C:\Development\smart_washing_machine_3080\csdk\eng\dev_sign\ -I
#        C:\Development\smart_washing_machine_3080\csdk\eng\infra\ -I
#        C:\Development\smart_washing_machine_3080\csdk\eng\mqtt\ -I
#        C:\Development\smart_washing_machine_3080\csdk\eng\wrappers\ -I
#        C:\Development\smart_washing_machine_3080\csdk\eng\wrappers\external_libs\
#        -I C:\Development\smart_washing_machine_3080\csdk\eng\coap_cloud\ -I
#        C:\Development\smart_washing_machine_3080\csdk\eng\coap_server\ -I
#        C:\Development\smart_washing_machine_3080\csdk\eng\coap_server\CoAPPacket\
#        -I
#        C:\Development\smart_washing_machine_3080\csdk\eng\coap_server\server\
#        -I C:\Development\smart_washing_machine_3080\csdk\eng\dev_bind\ -I
#        C:\Development\smart_washing_machine_3080\csdk\eng\dev_bind\impl\ -I
#        C:\Development\smart_washing_machine_3080\csdk\eng\dev_bind\impl\os\
#        -I
#        C:\Development\smart_washing_machine_3080\csdk\eng\dev_bind\impl\awss_reset\
#        -I C:\Development\smart_washing_machine_3080\mbedtls\include\mbedtls\
#        -I C:\Development\smart_washing_machine_3080\mbedtls\include\ -I
#        C:\Development\smart_washing_machine_3080\mbedtls\port\ksdk\ -Om)
#    Locale       =  C
#    List file    =  
#        C:\Development\smart_washing_machine_3080\flexspi_nor_debug\list\infra_defs.lst
#    Object file  =  
#        C:\Development\smart_washing_machine_3080\flexspi_nor_debug\obj\infra_defs.o
#
###############################################################################

C:\Development\smart_washing_machine_3080\csdk\eng\infra\infra_defs.c
      1          
      2          #include "infra_config.h"
      3          #include "infra_types.h"
      4          #include "infra_defs.h"
      5          

   \                                 In section .data, align 4
      6          const char * g_infra_mqtt_domain[IOTX_MQTT_DOMAIN_NUMBER] = {
   \                     g_infra_mqtt_domain:
   \        0x0   0x....'....        DC32 ?_0, ?_1, ?_2, ?_3, ?_4, 0H
   \              0x....'....  
   \              0x....'....  
   \              0x....'....  
   \              0x....'....  
   \              0x0000'0000  
      7              "iot-as-mqtt.cn-shanghai.aliyuncs.com",       /* Shanghai */
      8              "iot-as-mqtt.ap-southeast-1.aliyuncs.com",    /* Singapore */
      9              "iot-as-mqtt.ap-northeast-1.aliyuncs.com",    /* Japan */
     10              "iot-as-mqtt.us-west-1.aliyuncs.com",         /* America */
     11              "iot-as-mqtt.eu-central-1.aliyuncs.com",      /* Germany */
     12              NULL,                                           /* Custom */
     13          };
     14          

   \                                 In section .data, align 4
     15          const char *g_infra_http_domain[IOTX_HTTP_DOMAIN_NUMBER] = {
   \                     g_infra_http_domain:
   \        0x0   0x....'....        DC32 ?_5, ?_6, ?_7, ?_8, ?_9, 0H
   \              0x....'....  
   \              0x....'....  
   \              0x....'....  
   \              0x....'....  
   \              0x0000'0000  

   \                                 In section .rodata, align 4
   \                     ?_0:
   \        0x0   0x69 0x6F          DC8 "iot-as-mqtt.cn-shanghai.aliyuncs.com"
   \              0x74 0x2D    
   \              0x61 0x73    
   \              0x2D 0x6D    
   \              0x71 0x74    
   \              0x74 0x2E    
   \              0x63 0x6E    
   \              0x2D 0x73    
   \              0x68 0x61    
   \              0x6E 0x67    
   \              0x68 0x61    
   \              0x69 0x2E    
   \              0x61 0x6C    
   \              0x69 0x79    
   \              0x75 0x6E    
   \              0x63 0x73    
   \              0x2E 0x63    
   \              0x6F 0x6D    
   \              0x00         
   \       0x25   0x00 0x00          DC8 0, 0, 0
   \              0x00         

   \                                 In section .rodata, align 4
   \                     ?_1:
   \        0x0   0x69 0x6F          DC8 "iot-as-mqtt.ap-southeast-1.aliyuncs.com"
   \              0x74 0x2D    
   \              0x61 0x73    
   \              0x2D 0x6D    
   \              0x71 0x74    
   \              0x74 0x2E    
   \              0x61 0x70    
   \              0x2D 0x73    
   \              0x6F 0x75    
   \              0x74 0x68    
   \              0x65 0x61    
   \              0x73 0x74    
   \              0x2D 0x31    
   \              0x2E 0x61    
   \              0x6C 0x69    
   \              0x79 0x75    
   \              0x6E 0x63    
   \              0x73 0x2E    
   \              0x63 0x6F    
   \              0x6D 0x00    

   \                                 In section .rodata, align 4
   \                     ?_2:
   \        0x0   0x69 0x6F          DC8 "iot-as-mqtt.ap-northeast-1.aliyuncs.com"
   \              0x74 0x2D    
   \              0x61 0x73    
   \              0x2D 0x6D    
   \              0x71 0x74    
   \              0x74 0x2E    
   \              0x61 0x70    
   \              0x2D 0x6E    
   \              0x6F 0x72    
   \              0x74 0x68    
   \              0x65 0x61    
   \              0x73 0x74    
   \              0x2D 0x31    
   \              0x2E 0x61    
   \              0x6C 0x69    
   \              0x79 0x75    
   \              0x6E 0x63    
   \              0x73 0x2E    
   \              0x63 0x6F    
   \              0x6D 0x00    

   \                                 In section .rodata, align 4
   \                     ?_3:
   \        0x0   0x69 0x6F          DC8 "iot-as-mqtt.us-west-1.aliyuncs.com"
   \              0x74 0x2D    
   \              0x61 0x73    
   \              0x2D 0x6D    
   \              0x71 0x74    
   \              0x74 0x2E    
   \              0x75 0x73    
   \              0x2D 0x77    
   \              0x65 0x73    
   \              0x74 0x2D    
   \              0x31 0x2E    
   \              0x61 0x6C    
   \              0x69 0x79    
   \              0x75 0x6E    
   \              0x63 0x73    
   \              0x2E 0x63    
   \              0x6F 0x6D    
   \              0x00         
   \       0x23   0x00               DC8 0

   \                                 In section .rodata, align 4
   \                     ?_4:
   \        0x0   0x69 0x6F          DC8 "iot-as-mqtt.eu-central-1.aliyuncs.com"
   \              0x74 0x2D    
   \              0x61 0x73    
   \              0x2D 0x6D    
   \              0x71 0x74    
   \              0x74 0x2E    
   \              0x65 0x75    
   \              0x2D 0x63    
   \              0x65 0x6E    
   \              0x74 0x72    
   \              0x61 0x6C    
   \              0x2D 0x31    
   \              0x2E 0x61    
   \              0x6C 0x69    
   \              0x79 0x75    
   \              0x6E 0x63    
   \              0x73 0x2E    
   \              0x63 0x6F    
   \              0x6D 0x00    
   \       0x26   0x00 0x00          DC8 0, 0

   \                                 In section .rodata, align 4
   \                     ?_5:
   \        0x0   0x69 0x6F          DC8 "iot-auth.cn-shanghai.aliyuncs.com"
   \              0x74 0x2D    
   \              0x61 0x75    
   \              0x74 0x68    
   \              0x2E 0x63    
   \              0x6E 0x2D    
   \              0x73 0x68    
   \              0x61 0x6E    
   \              0x67 0x68    
   \              0x61 0x69    
   \              0x2E 0x61    
   \              0x6C 0x69    
   \              0x79 0x75    
   \              0x6E 0x63    
   \              0x73 0x2E    
   \              0x63 0x6F    
   \              0x6D 0x00    
   \       0x22   0x00 0x00          DC8 0, 0

   \                                 In section .rodata, align 4
   \                     ?_6:
   \        0x0   0x69 0x6F          DC8 "iot-auth.ap-southeast-1.aliyuncs.com"
   \              0x74 0x2D    
   \              0x61 0x75    
   \              0x74 0x68    
   \              0x2E 0x61    
   \              0x70 0x2D    
   \              0x73 0x6F    
   \              0x75 0x74    
   \              0x68 0x65    
   \              0x61 0x73    
   \              0x74 0x2D    
   \              0x31 0x2E    
   \              0x61 0x6C    
   \              0x69 0x79    
   \              0x75 0x6E    
   \              0x63 0x73    
   \              0x2E 0x63    
   \              0x6F 0x6D    
   \              0x00         
   \       0x25   0x00 0x00          DC8 0, 0, 0
   \              0x00         

   \                                 In section .rodata, align 4
   \                     ?_7:
   \        0x0   0x69 0x6F          DC8 "iot-auth.ap-northeast-1.aliyuncs.com"
   \              0x74 0x2D    
   \              0x61 0x75    
   \              0x74 0x68    
   \              0x2E 0x61    
   \              0x70 0x2D    
   \              0x6E 0x6F    
   \              0x72 0x74    
   \              0x68 0x65    
   \              0x61 0x73    
   \              0x74 0x2D    
   \              0x31 0x2E    
   \              0x61 0x6C    
   \              0x69 0x79    
   \              0x75 0x6E    
   \              0x63 0x73    
   \              0x2E 0x63    
   \              0x6F 0x6D    
   \              0x00         
   \       0x25   0x00 0x00          DC8 0, 0, 0
   \              0x00         

   \                                 In section .rodata, align 4
   \                     ?_8:
   \        0x0   0x69 0x6F          DC8 "iot-auth.us-west-1.aliyuncs.com"
   \              0x74 0x2D    
   \              0x61 0x75    
   \              0x74 0x68    
   \              0x2E 0x75    
   \              0x73 0x2D    
   \              0x77 0x65    
   \              0x73 0x74    
   \              0x2D 0x31    
   \              0x2E 0x61    
   \              0x6C 0x69    
   \              0x79 0x75    
   \              0x6E 0x63    
   \              0x73 0x2E    
   \              0x63 0x6F    
   \              0x6D 0x00    

   \                                 In section .rodata, align 4
   \                     ?_9:
   \        0x0   0x69 0x6F          DC8 "iot-auth.eu-central-1.aliyuncs.com"
   \              0x74 0x2D    
   \              0x61 0x75    
   \              0x74 0x68    
   \              0x2E 0x65    
   \              0x75 0x2D    
   \              0x63 0x65    
   \              0x6E 0x74    
   \              0x72 0x61    
   \              0x6C 0x2D    
   \              0x31 0x2E    
   \              0x61 0x6C    
   \              0x69 0x79    
   \              0x75 0x6E    
   \              0x63 0x73    
   \              0x2E 0x63    
   \              0x6F 0x6D    
   \              0x00         
   \       0x23   0x00               DC8 0
     16              "iot-auth.cn-shanghai.aliyuncs.com",         /* Shanghai */
     17              "iot-auth.ap-southeast-1.aliyuncs.com",      /* Singapore */
     18              "iot-auth.ap-northeast-1.aliyuncs.com",      /* Japan */
     19              "iot-auth.us-west-1.aliyuncs.com",           /* America */
     20              "iot-auth.eu-central-1.aliyuncs.com",        /* Germany */
     21              NULL,                                        /* Custom */
     22          };
     23          


   Section sizes:

   Bytes  Function/Label
   -----  --------------
      40  ?_0
      40  ?_1
      40  ?_2
      36  ?_3
      40  ?_4
      36  ?_5
      40  ?_6
      40  ?_7
      32  ?_8
      36  ?_9
      24  g_infra_http_domain
      24  g_infra_mqtt_domain

 
  48 bytes in section .data
 380 bytes in section .rodata
 
 380 bytes of CONST memory
  48 bytes of DATA  memory

Errors: none
Warnings: none
