###############################################################################
#
# IAR ANSI C/C++ Compiler V8.32.3.193/W32 for ARM         10/Jun/2019  13:48:44
# Copyright 1999-2019 IAR Systems AB.
#
#    Cpu mode     =  
#    Endian       =  little
#    Source file  =  
#        C:\Development\smart_washing_machine_3080\csdk\eng\certs\root_ca.c
#    Command line =  
#        -f C:\Users\nxf42695\AppData\Local\Temp\1\EW3DC7.tmp
#        (C:\Development\smart_washing_machine_3080\csdk\eng\certs\root_ca.c -D
#        DEBUG -D USE_RTOS -D XIP_EXTERNAL_FLASH=1 -D XIP_BOOT_HEADER_ENABLE=1
#        -D CPU_MIMXRT1052DVL6B -D FSL_RTOS_FREE_RTOS -D PRINTF_ADVANCED_ENABLE
#        -D "MBEDTLS_CONFIG_FILE=\"ksdk_mbedtls_config.h\"" -lC
#        C:\Development\smart_washing_machine_3080\flexspi_nor_debug\list -lA
#        C:\Development\smart_washing_machine_3080\flexspi_nor_debug\list
#        --diag_suppress Pa082,Pa050 -o
#        C:\Development\smart_washing_machine_3080\flexspi_nor_debug\obj
#        --no_cse --no_unroll --no_inline --no_code_motion --no_tbaa
#        --no_clustering --no_scheduling --debug --endian=little
#        --cpu=Cortex-M7 -e --fpu=VFPv5_d16 --dlib_config "C:\Program Files
#        (x86)\IAR Systems\Embedded Workbench
#        8.2\arm\inc\c\DLib_Config_Normal.h" --preinclude
#        C:\Development\smart_washing_machine_3080/source\app_preinclude.h -I
#        C:\Development\smart_washing_machine_3080/board\ -I
#        C:\Development\smart_washing_machine_3080/source\ -I
#        C:\Development\smart_washing_machine_3080/CMSIS\ -I
#        C:\Development\smart_washing_machine_3080/amazon-freertos/freertos/portable\
#        -I C:\Development\smart_washing_machine_3080/amazon-freertos/include\
#        -I C:\Development\smart_washing_machine_3080/component/lists\ -I
#        C:\Development\smart_washing_machine_3080/component/serial_manager\ -I
#        C:\Development\smart_washing_machine_3080/component/uart\ -I
#        C:\Development\smart_washing_machine_3080/component/kv\ -I
#        C:\Development\smart_washing_machine_3080/component/kv/include\ -I
#        C:\Development\smart_washing_machine_3080/device\ -I
#        C:\Development\smart_washing_machine_3080/doc\ -I
#        C:\Development\smart_washing_machine_3080/drivers\ -I
#        C:\Development\smart_washing_machine_3080/src\ -I
#        C:\Development\smart_washing_machine_3080/startup\ -I
#        C:\Development\smart_washing_machine_3080/utilities\ -I
#        C:\Development\smart_washing_machine_3080/xip\ -I
#        C:\Development\smart_washing_machine_3080\csdk\eng\ -I
#        C:\Development\smart_washing_machine_3080\csdk\eng\atm\ -I
#        C:\Development\smart_washing_machine_3080\csdk\eng\dev_model\ -I
#        C:\Development\smart_washing_machine_3080\csdk\eng\dev_sign\ -I
#        C:\Development\smart_washing_machine_3080\csdk\eng\infra\ -I
#        C:\Development\smart_washing_machine_3080\csdk\eng\mqtt\ -I
#        C:\Development\smart_washing_machine_3080\csdk\eng\wrappers\ -I
#        C:\Development\smart_washing_machine_3080\csdk\eng\wrappers\external_libs\
#        -I C:\Development\smart_washing_machine_3080\csdk\eng\coap_cloud\ -I
#        C:\Development\smart_washing_machine_3080\csdk\eng\coap_server\ -I
#        C:\Development\smart_washing_machine_3080\csdk\eng\coap_server\CoAPPacket\
#        -I
#        C:\Development\smart_washing_machine_3080\csdk\eng\coap_server\server\
#        -I C:\Development\smart_washing_machine_3080\csdk\eng\dev_bind\ -I
#        C:\Development\smart_washing_machine_3080\csdk\eng\dev_bind\impl\ -I
#        C:\Development\smart_washing_machine_3080\csdk\eng\dev_bind\impl\os\
#        -I
#        C:\Development\smart_washing_machine_3080\csdk\eng\dev_bind\impl\awss_reset\
#        -I C:\Development\smart_washing_machine_3080\mbedtls\include\mbedtls\
#        -I C:\Development\smart_washing_machine_3080\mbedtls\include\ -I
#        C:\Development\smart_washing_machine_3080\mbedtls\port\ksdk\ -Om)
#    Locale       =  C
#    List file    =  
#        C:\Development\smart_washing_machine_3080\flexspi_nor_debug\list\root_ca.lst
#    Object file  =  
#        C:\Development\smart_washing_machine_3080\flexspi_nor_debug\obj\root_ca.o
#
###############################################################################

C:\Development\smart_washing_machine_3080\csdk\eng\certs\root_ca.c
      1          /*
      2           * Copyright (C) 2015-2018 Alibaba Group Holding Limited
      3           */
      4          
      5          #include <stdlib.h>
      6          

   \                                 In section .data, align 4
      7          const char *iotx_ca_crt = \
   \                     iotx_ca_crt:
   \        0x0   0x....'....        DC32 ?_0

   \                                 In section .rodata, align 4
   \                     ?_0:
   \        0x0   0x2D 0x2D          DC8 2DH, 2DH, 2DH, 2DH, 2DH, 42H, 45H, 47H
   \              0x2D 0x2D    
   \              0x2D 0x42    
   \              0x45 0x47    
   \        0x8   0x49 0x4E          DC8 49H, 4EH, 20H, 43H, 45H, 52H, 54H, 49H
   \              0x20 0x43    
   \              0x45 0x52    
   \              0x54 0x49    
   \       0x10   0x46 0x49          DC8 46H, 49H, 43H, 41H, 54H, 45H, 2DH, 2DH
   \              0x43 0x41    
   \              0x54 0x45    
   \              0x2D 0x2D    
   \       0x18   0x2D 0x2D          DC8 2DH, 2DH, 2DH, 0DH, 0AH, 4DH, 49H, 49H
   \              0x2D 0x0D    
   \              0x0A 0x4D    
   \              0x49 0x49    
   \       0x20   0x44 0x64          DC8 44H, 64H, 54H, 43H, 43H, 41H, 6CH, 32H
   \              0x54 0x43    
   \              0x43 0x41    
   \              0x6C 0x32    
   \       0x28   0x67 0x41          DC8 67H, 41H, 77H, 49H, 42H, 41H, 67H, 49H
   \              0x77 0x49    
   \              0x42 0x41    
   \              0x67 0x49    
   \       0x30   0x4C 0x42          DC8 4CH, 42H, 41H, 41H, 41H, 41H, 41H, 41H
   \              0x41 0x41    
   \              0x41 0x41    
   \              0x41 0x41    
   \       0x38   0x42 0x46          DC8 42H, 46H, 55H, 74H, 61H, 77H, 35H, 51H
   \              0x55 0x74    
   \              0x61 0x77    
   \              0x35 0x51    
   \       0x40   0x77 0x44          DC8 77H, 44H, 51H, 59H, 4AH, 4BH, 6FH, 5AH
   \              0x51 0x59    
   \              0x4A 0x4B    
   \              0x6F 0x5A    
   \       0x48   0x49 0x68          DC8 49H, 68H, 76H, 63H, 4EH, 41H, 51H, 45H
   \              0x76 0x63    
   \              0x4E 0x41    
   \              0x51 0x45    
   \       0x50   0x46 0x42          DC8 46H, 42H, 51H, 41H, 77H, 56H, 7AH, 45H
   \              0x51 0x41    
   \              0x77 0x56    
   \              0x7A 0x45    
   \       0x58   0x4C 0x4D          DC8 4CH, 4DH, 41H, 6BH, 47H, 0DH, 0AH, 41H
   \              0x41 0x6B    
   \              0x47 0x0D    
   \              0x0A 0x41    
   \       0x60   0x31 0x55          DC8 31H, 55H, 45H, 42H, 68H, 4DH, 43H, 51H
   \              0x45 0x42    
   \              0x68 0x4D    
   \              0x43 0x51    
   \       0x68   0x6B 0x55          DC8 6BH, 55H, 78H, 47H, 54H, 41H, 58H, 42H
   \              0x78 0x47    
   \              0x54 0x41    
   \              0x58 0x42    
   \       0x70   0x67 0x4E          DC8 67H, 4EH, 56H, 42H, 41H, 6FH, 54H, 45H
   \              0x56 0x42    
   \              0x41 0x6F    
   \              0x54 0x45    
   \       0x78   0x45 0x64          DC8 45H, 64H, 73H, 62H, 32H, 4AH, 68H, 62H
   \              0x73 0x62    
   \              0x32 0x4A    
   \              0x68 0x62    
   \       0x80   0x46 0x4E          DC8 46H, 4EH, 70H, 5AH, 32H, 34H, 67H, 62H
   \              0x70 0x5A    
   \              0x32 0x34    
   \              0x67 0x62    
   \       0x88   0x6E 0x59          DC8 6EH, 59H, 74H, 63H, 32H, 45H, 78H, 45H
   \              0x74 0x63    
   \              0x32 0x45    
   \              0x78 0x45    
   \       0x90   0x44 0x41          DC8 44H, 41H, 4FH, 42H, 67H, 4EH, 56H, 42H
   \              0x4F 0x42    
   \              0x67 0x4E    
   \              0x56 0x42    
   \       0x98   0x41 0x73          DC8 41H, 73H, 54H, 42H, 31H, 4AH, 76H, 0DH
   \              0x54 0x42    
   \              0x31 0x4A    
   \              0x76 0x0D    
   \       0xA0   0x0A 0x62          DC8 0AH, 62H, 33H, 51H, 67H, 51H, 30H, 45H
   \              0x33 0x51    
   \              0x67 0x51    
   \              0x30 0x45    
   \       0xA8   0x78 0x47          DC8 78H, 47H, 7AH, 41H, 5AH, 42H, 67H, 4EH
   \              0x7A 0x41    
   \              0x5A 0x42    
   \              0x67 0x4E    
   \       0xB0   0x56 0x42          DC8 56H, 42H, 41H, 4DH, 54H, 45H, 6BH, 64H
   \              0x41 0x4D    
   \              0x54 0x45    
   \              0x6B 0x64    
   \       0xB8   0x73 0x62          DC8 73H, 62H, 32H, 4AH, 68H, 62H, 46H, 4EH
   \              0x32 0x4A    
   \              0x68 0x62    
   \              0x46 0x4E    
   \       0xC0   0x70 0x5A          DC8 70H, 5AH, 32H, 34H, 67H, 55H, 6DH, 39H
   \              0x32 0x34    
   \              0x67 0x55    
   \              0x6D 0x39    
   \       0xC8   0x76 0x64          DC8 76H, 64H, 43H, 42H, 44H, 51H, 54H, 41H
   \              0x43 0x42    
   \              0x44 0x51    
   \              0x54 0x41    
   \       0xD0   0x65 0x46          DC8 65H, 46H, 77H, 30H, 35H, 4FH, 44H, 41H
   \              0x77 0x30    
   \              0x35 0x4F    
   \              0x44 0x41    
   \       0xD8   0x35 0x4D          DC8 35H, 4DH, 44H, 45H, 78H, 4DH, 6AH, 41H
   \              0x44 0x45    
   \              0x78 0x4D    
   \              0x6A 0x41    
   \       0xE0   0x77 0x0D          DC8 77H, 0DH, 0AH, 4DH, 44H, 42H, 61H, 46H
   \              0x0A 0x4D    
   \              0x44 0x42    
   \              0x61 0x46    
   \       0xE8   0x77 0x30          DC8 77H, 30H, 79H, 4FH, 44H, 41H, 78H, 4DH
   \              0x79 0x4F    
   \              0x44 0x41    
   \              0x78 0x4D    
   \       0xF0   0x6A 0x67          DC8 6AH, 67H, 78H, 4DH, 6AH, 41H, 77H, 4DH
   \              0x78 0x4D    
   \              0x6A 0x41    
   \              0x77 0x4D    
   \       0xF8   0x44 0x42          DC8 44H, 42H, 61H, 4DH, 46H, 63H, 78H, 43H
   \              0x61 0x4D    
   \              0x46 0x63    
   \              0x78 0x43    
   \      0x100   0x7A 0x41          DC8 7AH, 41H, 4AH, 42H, 67H, 4EH, 56H, 42H
   \              0x4A 0x42    
   \              0x67 0x4E    
   \              0x56 0x42    
   \      0x108   0x41 0x59          DC8 41H, 59H, 54H, 41H, 6BH, 4AH, 46H, 4DH
   \              0x54 0x41    
   \              0x6B 0x4A    
   \              0x46 0x4D    
   \      0x110   0x52 0x6B          DC8 52H, 6BH, 77H, 46H, 77H, 59H, 44H, 56H
   \              0x77 0x46    
   \              0x77 0x59    
   \              0x44 0x56    
   \      0x118   0x51 0x51          DC8 51H, 51H, 4BH, 45H, 78H, 42H, 48H, 62H
   \              0x4B 0x45    
   \              0x78 0x42    
   \              0x48 0x62    
   \      0x120   0x47 0x39          DC8 47H, 39H, 69H, 0DH, 0AH, 59H, 57H, 78H
   \              0x69 0x0D    
   \              0x0A 0x59    
   \              0x57 0x78    
   \      0x128   0x54 0x61          DC8 54H, 61H, 57H, 64H, 75H, 49H, 47H, 35H
   \              0x57 0x64    
   \              0x75 0x49    
   \              0x47 0x35    
   \      0x130   0x32 0x4C          DC8 32H, 4CH, 58H, 4EH, 68H, 4DH, 52H, 41H
   \              0x58 0x4E    
   \              0x68 0x4D    
   \              0x52 0x41    
   \      0x138   0x77 0x44          DC8 77H, 44H, 67H, 59H, 44H, 56H, 51H, 51H
   \              0x67 0x59    
   \              0x44 0x56    
   \              0x51 0x51    
   \      0x140   0x4C 0x45          DC8 4CH, 45H, 77H, 64H, 53H, 62H, 32H, 39H
   \              0x77 0x64    
   \              0x53 0x62    
   \              0x32 0x39    
   \      0x148   0x30 0x49          DC8 30H, 49H, 45H, 4EH, 42H, 4DH, 52H, 73H
   \              0x45 0x4E    
   \              0x42 0x4D    
   \              0x52 0x73    
   \      0x150   0x77 0x47          DC8 77H, 47H, 51H, 59H, 44H, 56H, 51H, 51H
   \              0x51 0x59    
   \              0x44 0x56    
   \              0x51 0x51    
   \      0x158   0x44 0x45          DC8 44H, 45H, 78H, 4AH, 48H, 62H, 47H, 39H
   \              0x78 0x4A    
   \              0x48 0x62    
   \              0x47 0x39    
   \      0x160   0x69 0x59          DC8 69H, 59H, 57H, 78H, 54H, 0DH, 0AH, 61H
   \              0x57 0x78    
   \              0x54 0x0D    
   \              0x0A 0x61    
   \      0x168   0x57 0x64          DC8 57H, 64H, 75H, 49H, 46H, 4AH, 76H, 62H
   \              0x75 0x49    
   \              0x46 0x4A    
   \              0x76 0x62    
   \      0x170   0x33 0x51          DC8 33H, 51H, 67H, 51H, 30H, 45H, 77H, 67H
   \              0x67 0x51    
   \              0x30 0x45    
   \              0x77 0x67    
   \      0x178   0x67 0x45          DC8 67H, 45H, 69H, 4DH, 41H, 30H, 47H, 43H
   \              0x69 0x4D    
   \              0x41 0x30    
   \              0x47 0x43    
   \      0x180   0x53 0x71          DC8 53H, 71H, 47H, 53H, 49H, 62H, 33H, 44H
   \              0x47 0x53    
   \              0x49 0x62    
   \              0x33 0x44    
   \      0x188   0x51 0x45          DC8 51H, 45H, 42H, 41H, 51H, 55H, 41H, 41H
   \              0x42 0x41    
   \              0x51 0x55    
   \              0x41 0x41    
   \      0x190   0x34 0x49          DC8 34H, 49H, 42H, 44H, 77H, 41H, 77H, 67H
   \              0x42 0x44    
   \              0x77 0x41    
   \              0x77 0x67    
   \      0x198   0x67 0x45          DC8 67H, 45H, 4BH, 41H, 6FH, 49H, 42H, 41H
   \              0x4B 0x41    
   \              0x6F 0x49    
   \              0x42 0x41    
   \      0x1A0   0x51 0x44          DC8 51H, 44H, 61H, 44H, 75H, 61H, 5AH, 0DH
   \              0x61 0x44    
   \              0x75 0x61    
   \              0x5A 0x0D    
   \      0x1A8   0x0A 0x6A          DC8 0AH, 6AH, 63H, 36H, 6AH, 34H, 30H, 2BH
   \              0x63 0x36    
   \              0x6A 0x34    
   \              0x30 0x2B    
   \      0x1B0   0x4B 0x66          DC8 4BH, 66H, 76H, 76H, 78H, 69H, 34H, 4DH
   \              0x76 0x76    
   \              0x78 0x69    
   \              0x34 0x4D    
   \      0x1B8   0x6C 0x61          DC8 6CH, 61H, 2BH, 70H, 49H, 48H, 2FH, 45H
   \              0x2B 0x70    
   \              0x49 0x48    
   \              0x2F 0x45    
   \      0x1C0   0x71 0x73          DC8 71H, 73H, 4CH, 6DH, 56H, 45H, 51H, 53H
   \              0x4C 0x6D    
   \              0x56 0x45    
   \              0x51 0x53    
   \      0x1C8   0x39 0x38          DC8 39H, 38H, 47H, 50H, 52H, 34H, 6DH, 64H
   \              0x47 0x50    
   \              0x52 0x34    
   \              0x6D 0x64    
   \      0x1D0   0x6D 0x7A          DC8 6DH, 7AH, 78H, 7AH, 64H, 7AH, 78H, 74H
   \              0x78 0x7A    
   \              0x64 0x7A    
   \              0x78 0x74    
   \      0x1D8   0x49 0x4B          DC8 49H, 4BH, 2BH, 36H, 4EH, 69H, 59H, 36H
   \              0x2B 0x36    
   \              0x4E 0x69    
   \              0x59 0x36    
   \      0x1E0   0x61 0x72          DC8 61H, 72H, 79H, 6DH, 41H, 5AH, 61H, 76H
   \              0x79 0x6D    
   \              0x41 0x5A    
   \              0x61 0x76    
   \      0x1E8   0x70 0x0D          DC8 70H, 0DH, 0AH, 78H, 79H, 30H, 53H, 79H
   \              0x0A 0x78    
   \              0x79 0x30    
   \              0x53 0x79    
   \      0x1F0   0x36 0x73          DC8 36H, 73H, 63H, 54H, 48H, 41H, 48H, 6FH
   \              0x63 0x54    
   \              0x48 0x41    
   \              0x48 0x6F    
   \      0x1F8   0x54 0x30          DC8 54H, 30H, 4BH, 4DH, 4DH, 30H, 56H, 6AH
   \              0x4B 0x4D    
   \              0x4D 0x30    
   \              0x56 0x6A    
   \      0x200   0x55 0x2F          DC8 55H, 2FH, 34H, 33H, 64H, 53H, 4DH, 55H
   \              0x34 0x33    
   \              0x64 0x53    
   \              0x4D 0x55    
   \      0x208   0x42 0x55          DC8 42H, 55H, 63H, 37H, 31H, 44H, 75H, 78H
   \              0x63 0x37    
   \              0x31 0x44    
   \              0x75 0x78    
   \      0x210   0x43 0x37          DC8 43H, 37H, 33H, 2FH, 4FH, 6CH, 53H, 38H
   \              0x33 0x2F    
   \              0x4F 0x6C    
   \              0x53 0x38    
   \      0x218   0x70 0x46          DC8 70H, 46H, 39H, 34H, 47H, 33H, 56H, 4EH
   \              0x39 0x34    
   \              0x47 0x33    
   \              0x56 0x4E    
   \      0x220   0x54 0x43          DC8 54H, 43H, 4FH, 58H, 6BH, 4EH, 7AH, 38H
   \              0x4F 0x58    
   \              0x6B 0x4E    
   \              0x7A 0x38    
   \      0x228   0x6B 0x48          DC8 6BH, 48H, 70H, 0DH, 0AH, 31H, 57H, 72H
   \              0x70 0x0D    
   \              0x0A 0x31    
   \              0x57 0x72    
   \      0x230   0x6A 0x73          DC8 6AH, 73H, 6FH, 6BH, 36H, 56H, 6AH, 6BH
   \              0x6F 0x6B    
   \              0x36 0x56    
   \              0x6A 0x6B    
   \      0x238   0x34 0x62          DC8 34H, 62H, 77H, 59H, 38H, 69H, 47H, 6CH
   \              0x77 0x59    
   \              0x38 0x69    
   \              0x47 0x6C    
   \      0x240   0x62 0x4B          DC8 62H, 4BH, 6BH, 33H, 46H, 70H, 31H, 53H
   \              0x6B 0x33    
   \              0x46 0x70    
   \              0x31 0x53    
   \      0x248   0x34 0x62          DC8 34H, 62H, 49H, 6EH, 4DH, 6DH, 2FH, 6BH
   \              0x49 0x6E    
   \              0x4D 0x6D    
   \              0x2F 0x6B    
   \      0x250   0x38 0x79          DC8 38H, 79H, 75H, 58H, 39H, 69H, 66H, 55H
   \              0x75 0x58    
   \              0x39 0x69    
   \              0x66 0x55    
   \      0x258   0x53 0x50          DC8 53H, 50H, 4AH, 4AH, 34H, 6CH, 74H, 62H
   \              0x4A 0x4A    
   \              0x34 0x6C    
   \              0x74 0x62    
   \      0x260   0x63 0x64          DC8 63H, 64H, 47H, 36H, 54H, 52H, 47H, 48H
   \              0x47 0x36    
   \              0x54 0x52    
   \              0x47 0x48    
   \      0x268   0x52 0x6A          DC8 52H, 6AH, 63H, 64H, 47H, 0DH, 0AH, 73H
   \              0x63 0x64    
   \              0x47 0x0D    
   \              0x0A 0x73    
   \      0x270   0x6E 0x55          DC8 6EH, 55H, 4FH, 68H, 75H, 67H, 5AH, 69H
   \              0x4F 0x68    
   \              0x75 0x67    
   \              0x5A 0x69    
   \      0x278   0x74 0x56          DC8 74H, 56H, 74H, 62H, 4EH, 56H, 34H, 46H
   \              0x74 0x62    
   \              0x4E 0x56    
   \              0x34 0x46    
   \      0x280   0x70 0x57          DC8 70H, 57H, 69H, 36H, 63H, 67H, 4BH, 4FH
   \              0x69 0x36    
   \              0x63 0x67    
   \              0x4B 0x4F    
   \      0x288   0x4F 0x76          DC8 4FH, 76H, 79H, 4AH, 42H, 4EH, 50H, 63H
   \              0x79 0x4A    
   \              0x42 0x4E    
   \              0x50 0x63    
   \      0x290   0x31 0x53          DC8 31H, 53H, 54H, 45H, 34H, 55H, 36H, 47H
   \              0x54 0x45    
   \              0x34 0x55    
   \              0x36 0x47    
   \      0x298   0x37 0x77          DC8 37H, 77H, 65H, 4EH, 4CH, 57H, 4CH, 42H
   \              0x65 0x4E    
   \              0x4C 0x57    
   \              0x4C 0x42    
   \      0x2A0   0x59 0x79          DC8 59H, 79H, 35H, 64H, 34H, 75H, 78H, 32H
   \              0x35 0x64    
   \              0x34 0x75    
   \              0x78 0x32    
   \      0x2A8   0x78 0x38          DC8 78H, 38H, 67H, 6BH, 61H, 73H, 4AH, 0DH
   \              0x67 0x6B    
   \              0x61 0x73    
   \              0x4A 0x0D    
   \      0x2B0   0x0A 0x55          DC8 0AH, 55H, 32H, 36H, 51H, 7AH, 6EH, 73H
   \              0x32 0x36    
   \              0x51 0x7A    
   \              0x6E 0x73    
   \      0x2B8   0x33 0x64          DC8 33H, 64H, 4CH, 6CH, 77H, 52H, 35H, 45H
   \              0x4C 0x6C    
   \              0x77 0x52    
   \              0x35 0x45    
   \      0x2C0   0x69 0x55          DC8 69H, 55H, 57H, 4DH, 57H, 65H, 61H, 36H
   \              0x57 0x4D    
   \              0x57 0x65    
   \              0x61 0x36    
   \      0x2C8   0x78 0x72          DC8 78H, 72H, 6BH, 45H, 6DH, 43H, 4DH, 67H
   \              0x6B 0x45    
   \              0x6D 0x43    
   \              0x4D 0x67    
   \      0x2D0   0x5A 0x4B          DC8 5AH, 4BH, 39H, 46H, 47H, 71H, 6BH, 6AH
   \              0x39 0x46    
   \              0x47 0x71    
   \              0x6B 0x6A    
   \      0x2D8   0x57 0x5A          DC8 57H, 5AH, 43H, 72H, 58H, 67H, 7AH, 54H
   \              0x43 0x72    
   \              0x58 0x67    
   \              0x7A 0x54    
   \      0x2E0   0x2F 0x4C          DC8 2FH, 4CH, 43H, 72H, 42H, 62H, 42H, 6CH
   \              0x43 0x72    
   \              0x42 0x62    
   \              0x42 0x6C    
   \      0x2E8   0x44 0x53          DC8 44H, 53H, 67H, 65H, 46H, 35H, 39H, 4EH
   \              0x67 0x65    
   \              0x46 0x35    
   \              0x39 0x4E    
   \      0x2F0   0x38 0x0D          DC8 38H, 0DH, 0AH, 39H, 69H, 46H, 6FH, 37H
   \              0x0A 0x39    
   \              0x69 0x46    
   \              0x6F 0x37    
   \      0x2F8   0x2B 0x72          DC8 2BH, 72H, 79H, 55H, 70H, 39H, 2FH, 6BH
   \              0x79 0x55    
   \              0x70 0x39    
   \              0x2F 0x6B    
   \      0x300   0x35 0x44          DC8 35H, 44H, 50H, 41H, 67H, 4DH, 42H, 41H
   \              0x50 0x41    
   \              0x67 0x4D    
   \              0x42 0x41    
   \      0x308   0x41 0x47          DC8 41H, 47H, 6AH, 51H, 6AH, 42H, 41H, 4DH
   \              0x6A 0x51    
   \              0x6A 0x42    
   \              0x41 0x4D    
   \      0x310   0x41 0x34          DC8 41H, 34H, 47H, 41H, 31H, 55H, 64H, 44H
   \              0x47 0x41    
   \              0x31 0x55    
   \              0x64 0x44    
   \      0x318   0x77 0x45          DC8 77H, 45H, 42H, 2FH, 77H, 51H, 45H, 41H
   \              0x42 0x2F    
   \              0x77 0x51    
   \              0x45 0x41    
   \      0x320   0x77 0x49          DC8 77H, 49H, 42H, 42H, 6AH, 41H, 50H, 42H
   \              0x42 0x42    
   \              0x6A 0x41    
   \              0x50 0x42    
   \      0x328   0x67 0x4E          DC8 67H, 4EH, 56H, 48H, 52H, 4DH, 42H, 41H
   \              0x56 0x48    
   \              0x52 0x4D    
   \              0x42 0x41    
   \      0x330   0x66 0x38          DC8 66H, 38H, 45H, 0DH, 0AH, 42H, 54H, 41H
   \              0x45 0x0D    
   \              0x0A 0x42    
   \              0x54 0x41    
   \      0x338   0x44 0x41          DC8 44H, 41H, 51H, 48H, 2FH, 4DH, 42H, 30H
   \              0x51 0x48    
   \              0x2F 0x4D    
   \              0x42 0x30    
   \      0x340   0x47 0x41          DC8 47H, 41H, 31H, 55H, 64H, 44H, 67H, 51H
   \              0x31 0x55    
   \              0x64 0x44    
   \              0x67 0x51    
   \      0x348   0x57 0x42          DC8 57H, 42H, 42H, 52H, 67H, 65H, 32H, 59H
   \              0x42 0x52    
   \              0x67 0x65    
   \              0x32 0x59    
   \      0x350   0x61 0x52          DC8 61H, 52H, 51H, 32H, 58H, 79H, 6FH, 6CH
   \              0x51 0x32    
   \              0x58 0x79    
   \              0x6F 0x6C    
   \      0x358   0x51 0x4C          DC8 51H, 4CH, 33H, 30H, 45H, 7AH, 54H, 53H
   \              0x33 0x30    
   \              0x45 0x7A    
   \              0x54 0x53    
   \      0x360   0x6F 0x2F          DC8 6FH, 2FH, 2FH, 7AH, 39H, 53H, 7AH, 41H
   \              0x2F 0x7A    
   \              0x39 0x53    
   \              0x7A 0x41    
   \      0x368   0x4E 0x42          DC8 4EH, 42H, 67H, 6BH, 71H, 68H, 6BH, 69H
   \              0x67 0x6B    
   \              0x71 0x68    
   \              0x6B 0x69    
   \      0x370   0x47 0x39          DC8 47H, 39H, 77H, 30H, 42H, 0DH, 0AH, 41H
   \              0x77 0x30    
   \              0x42 0x0D    
   \              0x0A 0x41    
   \      0x378   0x51 0x55          DC8 51H, 55H, 46H, 41H, 41H, 4FH, 43H, 41H
   \              0x46 0x41    
   \              0x41 0x4F    
   \              0x43 0x41    
   \      0x380   0x51 0x45          DC8 51H, 45H, 41H, 31H, 6EH, 50H, 6EH, 66H
   \              0x41 0x31    
   \              0x6E 0x50    
   \              0x6E 0x66    
   \      0x388   0x45 0x39          DC8 45H, 39H, 32H, 30H, 49H, 32H, 2FH, 37H
   \              0x32 0x30    
   \              0x49 0x32    
   \              0x2F 0x37    
   \      0x390   0x4C 0x71          DC8 4CH, 71H, 69H, 76H, 6AH, 54H, 46H, 4BH
   \              0x69 0x76    
   \              0x6A 0x54    
   \              0x46 0x4B    
   \      0x398   0x44 0x4B          DC8 44H, 4BH, 31H, 66H, 50H, 78H, 73H, 6EH
   \              0x31 0x66    
   \              0x50 0x78    
   \              0x73 0x6E    
   \      0x3A0   0x43 0x77          DC8 43H, 77H, 72H, 76H, 51H, 6DH, 65H, 55H
   \              0x72 0x76    
   \              0x51 0x6D    
   \              0x65 0x55    
   \      0x3A8   0x37 0x39          DC8 37H, 39H, 72H, 58H, 71H, 6FH, 52H, 53H
   \              0x72 0x58    
   \              0x71 0x6F    
   \              0x52 0x53    
   \      0x3B0   0x4C 0x62          DC8 4CH, 62H, 6CH, 43H, 4BH, 4FH, 7AH, 0DH
   \              0x6C 0x43    
   \              0x4B 0x4F    
   \              0x7A 0x0D    
   \      0x3B8   0x0A 0x79          DC8 0AH, 79H, 6AH, 31H, 68H, 54H, 64H, 4EH
   \              0x6A 0x31    
   \              0x68 0x54    
   \              0x64 0x4E    
   \      0x3C0   0x47 0x43          DC8 47H, 43H, 62H, 4DH, 2BH, 77H, 36H, 44H
   \              0x62 0x4D    
   \              0x2B 0x77    
   \              0x36 0x44    
   \      0x3C8   0x6A 0x59          DC8 6AH, 59H, 31H, 55H, 62H, 38H, 72H, 72H
   \              0x31 0x55    
   \              0x62 0x38    
   \              0x72 0x72    
   \      0x3D0   0x76 0x72          DC8 76H, 72H, 54H, 6EH, 68H, 51H, 37H, 6BH
   \              0x54 0x6E    
   \              0x68 0x51    
   \              0x37 0x6B    
   \      0x3D8   0x34 0x6F          DC8 34H, 6FH, 2BH, 59H, 76H, 69H, 69H, 59H
   \              0x2B 0x59    
   \              0x76 0x69    
   \              0x69 0x59    
   \      0x3E0   0x37 0x37          DC8 37H, 37H, 36H, 42H, 51H, 56H, 76H, 6EH
   \              0x36 0x42    
   \              0x51 0x56    
   \              0x76 0x6E    
   \      0x3E8   0x47 0x43          DC8 47H, 43H, 76H, 30H, 34H, 7AH, 63H, 51H
   \              0x76 0x30    
   \              0x34 0x7A    
   \              0x63 0x51    
   \      0x3F0   0x4C 0x63          DC8 4CH, 63H, 46H, 47H, 55H, 6CH, 35H, 67H
   \              0x46 0x47    
   \              0x55 0x6C    
   \              0x35 0x67    
   \      0x3F8   0x45 0x0D          DC8 45H, 0DH, 0AH, 33H, 38H, 4EH, 66H, 6CH
   \              0x0A 0x33    
   \              0x38 0x4E    
   \              0x66 0x6C    
   \      0x400   0x4E 0x55          DC8 4EH, 55H, 56H, 79H, 52H, 52H, 42H, 6EH
   \              0x56 0x79    
   \              0x52 0x52    
   \              0x42 0x6E    
   \      0x408   0x4D 0x52          DC8 4DH, 52H, 64H, 64H, 57H, 51H, 56H, 44H
   \              0x64 0x64    
   \              0x57 0x51    
   \              0x56 0x44    
   \      0x410   0x66 0x39          DC8 66H, 39H, 56H, 4DH, 4FH, 79H, 47H, 6AH
   \              0x56 0x4D    
   \              0x4F 0x79    
   \              0x47 0x6A    
   \      0x418   0x2F 0x38          DC8 2FH, 38H, 4EH, 37H, 79H, 79H, 35H, 59H
   \              0x4E 0x37    
   \              0x79 0x79    
   \              0x35 0x59    
   \      0x420   0x30 0x62          DC8 30H, 62H, 32H, 71H, 76H, 7AH, 66H, 76H
   \              0x32 0x71    
   \              0x76 0x7A    
   \              0x66 0x76    
   \      0x428   0x47 0x6E          DC8 47H, 6EH, 39H, 4CH, 68H, 4AH, 49H, 5AH
   \              0x39 0x4C    
   \              0x68 0x4A    
   \              0x49 0x5A    
   \      0x430   0x4A 0x72          DC8 4AH, 72H, 67H, 6CH, 66H, 43H, 6DH, 37H
   \              0x67 0x6C    
   \              0x66 0x43    
   \              0x6D 0x37    
   \      0x438   0x79 0x6D          DC8 79H, 6DH, 50H, 0DH, 0AH, 41H, 62H, 45H
   \              0x50 0x0D    
   \              0x0A 0x41    
   \              0x62 0x45    
   \      0x440   0x56 0x74          DC8 56H, 74H, 51H, 77H, 64H, 70H, 66H, 35H
   \              0x51 0x77    
   \              0x64 0x70    
   \              0x66 0x35    
   \      0x448   0x70 0x4C          DC8 70H, 4CH, 47H, 6BH, 6BH, 65H, 42H, 36H
   \              0x47 0x6B    
   \              0x6B 0x65    
   \              0x42 0x36    
   \      0x450   0x7A 0x70          DC8 7AH, 70H, 78H, 78H, 78H, 59H, 75H, 37H
   \              0x78 0x78    
   \              0x78 0x59    
   \              0x75 0x37    
   \      0x458   0x4B 0x79          DC8 4BH, 79H, 4AH, 65H, 73H, 46H, 31H, 32H
   \              0x4A 0x65    
   \              0x73 0x46    
   \              0x31 0x32    
   \      0x460   0x4B 0x77          DC8 4BH, 77H, 76H, 68H, 48H, 68H, 6DH, 34H
   \              0x76 0x68    
   \              0x48 0x68    
   \              0x6D 0x34    
   \      0x468   0x71 0x78          DC8 71H, 78H, 46H, 59H, 78H, 6CH, 64H, 42H
   \              0x46 0x59    
   \              0x78 0x6C    
   \              0x64 0x42    
   \      0x470   0x6E 0x69          DC8 6EH, 69H, 59H, 55H, 72H, 2BH, 57H, 79H
   \              0x59 0x55    
   \              0x72 0x2B    
   \              0x57 0x79    
   \      0x478   0x6D 0x58          DC8 6DH, 58H, 55H, 61H, 64H, 0DH, 0AH, 44H
   \              0x55 0x61    
   \              0x64 0x0D    
   \              0x0A 0x44    
   \      0x480   0x4B 0x71          DC8 4BH, 71H, 43H, 35H, 4AH, 6CH, 52H, 33H
   \              0x43 0x35    
   \              0x4A 0x6C    
   \              0x52 0x33    
   \      0x488   0x58 0x43          DC8 58H, 43H, 33H, 32H, 31H, 59H, 39H, 59H
   \              0x33 0x32    
   \              0x31 0x59    
   \              0x39 0x59    
   \      0x490   0x65 0x52          DC8 65H, 52H, 71H, 34H, 56H, 7AH, 57H, 39H
   \              0x71 0x34    
   \              0x56 0x7A    
   \              0x57 0x39    
   \      0x498   0x76 0x34          DC8 76H, 34H, 39H, 33H, 6BH, 48H, 4DH, 42H
   \              0x39 0x33    
   \              0x6B 0x48    
   \              0x4D 0x42    
   \      0x4A0   0x36 0x35          DC8 36H, 35H, 6AH, 55H, 72H, 39H, 54H, 55H
   \              0x6A 0x55    
   \              0x72 0x39    
   \              0x54 0x55    
   \      0x4A8   0x2F 0x51          DC8 2FH, 51H, 72H, 36H, 63H, 66H, 39H, 74H
   \              0x72 0x36    
   \              0x63 0x66    
   \              0x39 0x74    
   \      0x4B0   0x76 0x65          DC8 76H, 65H, 43H, 58H, 34H, 58H, 53H, 51H
   \              0x43 0x58    
   \              0x34 0x58    
   \              0x53 0x51    
   \      0x4B8   0x52 0x6A          DC8 52H, 6AH, 62H, 67H, 62H, 4DH, 45H, 0DH
   \              0x62 0x67    
   \              0x62 0x4D    
   \              0x45 0x0D    
   \      0x4C0   0x0A 0x48          DC8 0AH, 48H, 4DH, 55H, 66H, 70H, 49H, 42H
   \              0x4D 0x55    
   \              0x66 0x70    
   \              0x49 0x42    
   \      0x4C8   0x76 0x46          DC8 76H, 46H, 53H, 44H, 4AH, 33H, 67H, 79H
   \              0x53 0x44    
   \              0x4A 0x33    
   \              0x67 0x79    
   \      0x4D0   0x49 0x43          DC8 49H, 43H, 68H, 33H, 57H, 5AH, 6CH, 58H
   \              0x68 0x33    
   \              0x57 0x5A    
   \              0x6C 0x58    
   \      0x4D8   0x69 0x2F          DC8 69H, 2FH, 45H, 6AH, 4AH, 4BH, 53H, 5AH
   \              0x45 0x6A    
   \              0x4A 0x4B    
   \              0x53 0x5A    
   \      0x4E0   0x70 0x34          DC8 70H, 34H, 41H, 3DH, 3DH, 0DH, 0AH, 2DH
   \              0x41 0x3D    
   \              0x3D 0x0D    
   \              0x0A 0x2D    
   \      0x4E8   0x2D 0x2D          DC8 2DH, 2DH, 2DH, 2DH, 45H, 4EH, 44H, 20H
   \              0x2D 0x2D    
   \              0x45 0x4E    
   \              0x44 0x20    
   \      0x4F0   0x43 0x45          DC8 43H, 45H, 52H, 54H, 49H, 46H, 49H, 43H
   \              0x52 0x54    
   \              0x49 0x46    
   \              0x49 0x43    
   \      0x4F8   0x41 0x54          DC8 41H, 54H, 45H, 2DH, 2DH, 2DH, 2DH, 2DH
   \              0x45 0x2D    
   \              0x2D 0x2D    
   \              0x2D 0x2D    
   \      0x500   0x00               DC8 0
   \      0x501   0x00 0x00          DC8 0, 0, 0
   \              0x00         
      8          {
      9              \
     10              "-----BEGIN CERTIFICATE-----\r\n"
     11              "MIIDdTCCAl2gAwIBAgILBAAAAAABFUtaw5QwDQYJKoZIhvcNAQEFBQAwVzELMAkG\r\n" \
     12              "A1UEBhMCQkUxGTAXBgNVBAoTEEdsb2JhbFNpZ24gbnYtc2ExEDAOBgNVBAsTB1Jv\r\n" \
     13              "b3QgQ0ExGzAZBgNVBAMTEkdsb2JhbFNpZ24gUm9vdCBDQTAeFw05ODA5MDExMjAw\r\n" \
     14              "MDBaFw0yODAxMjgxMjAwMDBaMFcxCzAJBgNVBAYTAkJFMRkwFwYDVQQKExBHbG9i\r\n" \
     15              "YWxTaWduIG52LXNhMRAwDgYDVQQLEwdSb290IENBMRswGQYDVQQDExJHbG9iYWxT\r\n" \
     16              "aWduIFJvb3QgQ0EwggEiMA0GCSqGSIb3DQEBAQUAA4IBDwAwggEKAoIBAQDaDuaZ\r\n" \
     17              "jc6j40+Kfvvxi4Mla+pIH/EqsLmVEQS98GPR4mdmzxzdzxtIK+6NiY6arymAZavp\r\n" \
     18              "xy0Sy6scTHAHoT0KMM0VjU/43dSMUBUc71DuxC73/OlS8pF94G3VNTCOXkNz8kHp\r\n" \
     19              "1Wrjsok6Vjk4bwY8iGlbKk3Fp1S4bInMm/k8yuX9ifUSPJJ4ltbcdG6TRGHRjcdG\r\n" \
     20              "snUOhugZitVtbNV4FpWi6cgKOOvyJBNPc1STE4U6G7weNLWLBYy5d4ux2x8gkasJ\r\n" \
     21              "U26Qzns3dLlwR5EiUWMWea6xrkEmCMgZK9FGqkjWZCrXgzT/LCrBbBlDSgeF59N8\r\n" \
     22              "9iFo7+ryUp9/k5DPAgMBAAGjQjBAMA4GA1UdDwEB/wQEAwIBBjAPBgNVHRMBAf8E\r\n" \
     23              "BTADAQH/MB0GA1UdDgQWBBRge2YaRQ2XyolQL30EzTSo//z9SzANBgkqhkiG9w0B\r\n" \
     24              "AQUFAAOCAQEA1nPnfE920I2/7LqivjTFKDK1fPxsnCwrvQmeU79rXqoRSLblCKOz\r\n" \
     25              "yj1hTdNGCbM+w6DjY1Ub8rrvrTnhQ7k4o+YviiY776BQVvnGCv04zcQLcFGUl5gE\r\n" \
     26              "38NflNUVyRRBnMRddWQVDf9VMOyGj/8N7yy5Y0b2qvzfvGn9LhJIZJrglfCm7ymP\r\n" \
     27              "AbEVtQwdpf5pLGkkeB6zpxxxYu7KyJesF12KwvhHhm4qxFYxldBniYUr+WymXUad\r\n" \
     28              "DKqC5JlR3XC321Y9YeRq4VzW9v493kHMB65jUr9TU/Qr6cf9tveCX4XSQRjbgbME\r\n" \
     29              "HMUfpIBvFSDJ3gyICh3WZlXi/EjJKSZp4A==\r\n" \
     30              "-----END CERTIFICATE-----"
     31          };


   Section sizes:

   Bytes  Function/Label
   -----  --------------
    1284  ?_0
       4  iotx_ca_crt

 
     4 bytes in section .data
 1 284 bytes in section .rodata
 
 1 284 bytes of CONST memory
     4 bytes of DATA  memory

Errors: none
Warnings: none
