###############################################################################
#
# IAR ANSI C/C++ Compiler V8.32.3.193/W32 for ARM         06/Jun/2019  11:29:26
# Copyright 1999-2019 IAR Systems AB.
#
#    Cpu mode     =  
#    Endian       =  little
#    Source file  =  
#        C:\nxp\SDK_2.6.0_EVKB-IMXRT1050\boards\evkbimxrt1050\rtos_examples\csdk\csdk.c
#    Command line =  
#        -f C:\Users\nxf42695\AppData\Local\Temp\1\EWCACE.tmp
#        (C:\nxp\SDK_2.6.0_EVKB-IMXRT1050\boards\evkbimxrt1050\rtos_examples\csdk\csdk.c
#        -D DEBUG -D USE_RTOS -D XIP_EXTERNAL_FLASH=1 -D
#        XIP_BOOT_HEADER_ENABLE=1 -D CPU_MIMXRT1052DVL6B -D FSL_RTOS_FREE_RTOS
#        -D "MBEDTLS_CONFIG_FILE=\"ksdk_mbedtls_config.h\"" -lC
#        C:\nxp\SDK_2.6.0_EVKB-IMXRT1050\boards\evkbimxrt1050\rtos_examples\csdk\iar\flexspi_nor_debug\list
#        -lA
#        C:\nxp\SDK_2.6.0_EVKB-IMXRT1050\boards\evkbimxrt1050\rtos_examples\csdk\iar\flexspi_nor_debug\list
#        --diag_suppress Pa082,Pa050 -o
#        C:\nxp\SDK_2.6.0_EVKB-IMXRT1050\boards\evkbimxrt1050\rtos_examples\csdk\iar\flexspi_nor_debug\obj
#        --no_cse --no_unroll --no_inline --no_code_motion --no_tbaa
#        --no_clustering --no_scheduling --debug --endian=little
#        --cpu=Cortex-M7 -e --fpu=VFPv5_d16 --dlib_config "C:\Program Files
#        (x86)\IAR Systems\Embedded Workbench
#        8.2\arm\inc\c\DLib_Config_Normal.h" --preinclude
#        C:\nxp\SDK_2.6.0_EVKB-IMXRT1050\boards\evkbimxrt1050\rtos_examples\csdk\iar/../../../../../boards\evkbimxrt1050\rtos_examples\csdk\app_preinclude.h
#        -I
#        C:\nxp\SDK_2.6.0_EVKB-IMXRT1050\boards\evkbimxrt1050\rtos_examples\csdk\iar/../../../../../rtos/amazon-freertos/lib/FreeRTOS/portable/IAR/ARM_CM4F\
#        -I
#        C:\nxp\SDK_2.6.0_EVKB-IMXRT1050\boards\evkbimxrt1050\rtos_examples\csdk\iar/..\
#        -I
#        C:\nxp\SDK_2.6.0_EVKB-IMXRT1050\boards\evkbimxrt1050\rtos_examples\csdk\iar/../../..\
#        -I
#        C:\nxp\SDK_2.6.0_EVKB-IMXRT1050\boards\evkbimxrt1050\rtos_examples\csdk\iar/../../../../../CMSIS/Include\
#        -I
#        C:\nxp\SDK_2.6.0_EVKB-IMXRT1050\boards\evkbimxrt1050\rtos_examples\csdk\iar/../../../../../devices\
#        -I
#        C:\nxp\SDK_2.6.0_EVKB-IMXRT1050\boards\evkbimxrt1050\rtos_examples\csdk\iar/../../../../../rtos/amazon-freertos/lib/include\
#        -I
#        C:\nxp\SDK_2.6.0_EVKB-IMXRT1050\boards\evkbimxrt1050\rtos_examples\csdk\iar/../../../../../rtos/amazon-freertos/lib/include/private\
#        -I
#        C:\nxp\SDK_2.6.0_EVKB-IMXRT1050\boards\evkbimxrt1050\rtos_examples\csdk\iar/../../../../../devices/MIMXRT1052/drivers\
#        -I
#        C:\nxp\SDK_2.6.0_EVKB-IMXRT1050\boards\evkbimxrt1050\rtos_examples\csdk\iar/../../../../../devices/MIMXRT1052/utilities\
#        -I
#        C:\nxp\SDK_2.6.0_EVKB-IMXRT1050\boards\evkbimxrt1050\rtos_examples\csdk\iar/../../../../../devices/MIMXRT1052\
#        -I
#        C:\nxp\SDK_2.6.0_EVKB-IMXRT1050\boards\evkbimxrt1050\rtos_examples\csdk\iar/../../../../../devices/MIMXRT1052/utilities/str\
#        -I
#        C:\nxp\SDK_2.6.0_EVKB-IMXRT1050\boards\evkbimxrt1050\rtos_examples\csdk\iar/../../../../../devices/MIMXRT1052/utilities/debug_console\
#        -I
#        C:\nxp\SDK_2.6.0_EVKB-IMXRT1050\boards\evkbimxrt1050\rtos_examples\csdk\iar/../../../../../components/uart\
#        -I
#        C:\nxp\SDK_2.6.0_EVKB-IMXRT1050\boards\evkbimxrt1050\rtos_examples\csdk\iar/../../../../../components/serial_manager\
#        -I
#        C:\nxp\SDK_2.6.0_EVKB-IMXRT1050\boards\evkbimxrt1050\rtos_examples\csdk\iar/../../../../../components/kv\
#        -I
#        C:\nxp\SDK_2.6.0_EVKB-IMXRT1050\boards\evkbimxrt1050\rtos_examples\csdk\iar/../../../../../components/kv/include\
#        -I
#        C:\nxp\SDK_2.6.0_EVKB-IMXRT1050\boards\evkbimxrt1050\rtos_examples\csdk\iar/../../../../../devices/MIMXRT1052/drivers\
#        -I
#        C:\nxp\SDK_2.6.0_EVKB-IMXRT1050\boards\evkbimxrt1050\rtos_examples\csdk\iar/../../../../../components/lists\
#        -I
#        C:\nxp\SDK_2.6.0_EVKB-IMXRT1050\boards\evkbimxrt1050\rtos_examples\csdk\iar/../../../../../devices/MIMXRT1052/drivers\
#        -I
#        C:\nxp\SDK_2.6.0_EVKB-IMXRT1050\boards\evkbimxrt1050\rtos_examples\csdk\iar/../../../../../devices/MIMXRT1052/drivers\
#        -I
#        C:\nxp\SDK_2.6.0_EVKB-IMXRT1050\boards\evkbimxrt1050\rtos_examples\csdk\iar/../../../../../devices/MIMXRT1052/xip\
#        -I
#        C:\nxp\SDK_2.6.0_EVKB-IMXRT1050\boards\evkbimxrt1050\rtos_examples\csdk\iar/../../../xip\
#        -I
#        C:\nxp\SDK_2.6.0_EVKB-IMXRT1050\boards\evkbimxrt1050\rtos_examples\csdk\iar\..\..\..\..\..\middleware\csdk\eng\
#        -I
#        C:\nxp\SDK_2.6.0_EVKB-IMXRT1050\boards\evkbimxrt1050\rtos_examples\csdk\iar\..\..\..\..\..\middleware\csdk\eng\atm\
#        -I
#        C:\nxp\SDK_2.6.0_EVKB-IMXRT1050\boards\evkbimxrt1050\rtos_examples\csdk\iar\..\..\..\..\..\middleware\csdk\eng\dev_model\
#        -I
#        C:\nxp\SDK_2.6.0_EVKB-IMXRT1050\boards\evkbimxrt1050\rtos_examples\csdk\iar\..\..\..\..\..\middleware\csdk\eng\dev_sign\
#        -I
#        C:\nxp\SDK_2.6.0_EVKB-IMXRT1050\boards\evkbimxrt1050\rtos_examples\csdk\iar\..\..\..\..\..\middleware\csdk\eng\infra\
#        -I
#        C:\nxp\SDK_2.6.0_EVKB-IMXRT1050\boards\evkbimxrt1050\rtos_examples\csdk\iar\..\..\..\..\..\middleware\csdk\eng\mqtt\
#        -I
#        C:\nxp\SDK_2.6.0_EVKB-IMXRT1050\boards\evkbimxrt1050\rtos_examples\csdk\iar\..\..\..\..\..\middleware\csdk\eng\wrappers\
#        -I
#        C:\nxp\SDK_2.6.0_EVKB-IMXRT1050\boards\evkbimxrt1050\rtos_examples\csdk\iar\..\..\..\..\..\middleware\csdk\eng\wrappers\external_libs\
#        -I
#        C:\nxp\SDK_2.6.0_EVKB-IMXRT1050\boards\evkbimxrt1050\rtos_examples\csdk\iar\..\..\..\..\..\middleware\csdk\wifi\mk3060\
#        -I
#        C:\nxp\SDK_2.6.0_EVKB-IMXRT1050\boards\evkbimxrt1050\rtos_examples\csdk\iar\..\..\..\..\..\middleware\csdk\eng\coap_cloud\
#        -I
#        C:\nxp\SDK_2.6.0_EVKB-IMXRT1050\boards\evkbimxrt1050\rtos_examples\csdk\iar\..\..\..\..\..\middleware\csdk\eng\coap_server\
#        -I
#        C:\nxp\SDK_2.6.0_EVKB-IMXRT1050\boards\evkbimxrt1050\rtos_examples\csdk\iar\..\..\..\..\..\middleware\csdk\eng\coap_server\CoAPPacket\
#        -I
#        C:\nxp\SDK_2.6.0_EVKB-IMXRT1050\boards\evkbimxrt1050\rtos_examples\csdk\iar\..\..\..\..\..\middleware\csdk\eng\coap_server\server\
#        -I
#        C:\nxp\SDK_2.6.0_EVKB-IMXRT1050\boards\evkbimxrt1050\rtos_examples\csdk\iar\..\..\..\..\..\middleware\csdk\eng\dev_bind\
#        -I
#        C:\nxp\SDK_2.6.0_EVKB-IMXRT1050\boards\evkbimxrt1050\rtos_examples\csdk\iar\..\..\..\..\..\middleware\csdk\eng\dev_bind\impl\
#        -I
#        C:\nxp\SDK_2.6.0_EVKB-IMXRT1050\boards\evkbimxrt1050\rtos_examples\csdk\iar\..\..\..\..\..\middleware\csdk\eng\dev_bind\impl\os\
#        -I
#        C:\nxp\SDK_2.6.0_EVKB-IMXRT1050\boards\evkbimxrt1050\rtos_examples\csdk\iar\..\..\..\..\..\middleware\csdk\eng\dev_bind\impl\awss_reset\
#        -I
#        C:\nxp\SDK_2.6.0_EVKB-IMXRT1050\boards\evkbimxrt1050\rtos_examples\csdk\iar\..\..\..\..\..\middleware\mbedtls\include\mbedtls\
#        -I
#        C:\nxp\SDK_2.6.0_EVKB-IMXRT1050\boards\evkbimxrt1050\rtos_examples\csdk\iar\..\..\..\..\..\middleware\mbedtls\include\
#        -I
#        C:\nxp\SDK_2.6.0_EVKB-IMXRT1050\boards\evkbimxrt1050\rtos_examples\csdk\iar\..\..\..\..\..\middleware\mbedtls\port\ksdk\
#        -Om)
#    Locale       =  C
#    List file    =  
#        C:\nxp\SDK_2.6.0_EVKB-IMXRT1050\boards\evkbimxrt1050\rtos_examples\csdk\iar\flexspi_nor_debug\list\csdk.lst
#    Object file  =  
#        C:\nxp\SDK_2.6.0_EVKB-IMXRT1050\boards\evkbimxrt1050\rtos_examples\csdk\iar\flexspi_nor_debug\obj\csdk.o
#
###############################################################################

C:\nxp\SDK_2.6.0_EVKB-IMXRT1050\boards\evkbimxrt1050\rtos_examples\csdk\csdk.c
      1          /*
      2           * Copyright (c) 2015, Freescale Semiconductor, Inc.
      3           * Copyright 2016-2017 NXP
      4           * All rights reserved.
      5           *
      6           * SPDX-License-Identifier: BSD-3-Clause
      7           */
      8          
      9          /* FreeRTOS kernel includes. */
     10          #include <stdarg.h>
     11          #include <stdlib.h>
     12          #include "FreeRTOS.h"
     13          #include "task.h"
     14          #include "queue.h"
     15          #include "timers.h"
     16          
     17          /* Freescale includes. */
     18          #include "fsl_device_registers.h"
     19          #include "fsl_debug_console.h"
     20          #include "board.h"
     21          
     22          #include "fsl_shell.h"
     23          #include "atcmd_config_module.h"
     24          #include "fsl_lpuart_freertos.h"
     25          #include "fsl_lpuart.h"
     26          #include "pin_mux.h"
     27          #include "clock_config.h"
     28          /*******************************************************************************
     29           * Definitions
     30           ******************************************************************************/
     31          
     32          
     33          /*******************************************************************************
     34           * Prototypes
     35           ******************************************************************************/
     36          
     37          /*******************************************************************************
     38           * Code
     39           ******************************************************************************/
     40          /*!
     41           * @brief Main function
     42           */
     43          /*******************************************************************************
     44           * Variables
     45           ******************************************************************************/
     46          #define MAX_SSID_SIZE  32
     47          #define MAX_PWD_SIZE   64
     48          
     49          #ifndef MAX_SSID_LEN
     50          #define MAX_SSID_LEN (MAX_SSID_SIZE+1)
     51          #endif
     52          #ifndef ETH_ALEN
     53          #define ETH_ALEN                        (6)
     54          #endif
     55          
     56          #define NETMGR_WIFI_KEY "wifi"
     57          /* 1 bigger than actual size for holding \0 */
     58          typedef struct {
     59              char ssid[MAX_SSID_SIZE + 1];
     60              uint8_t bssid[ETH_ALEN];
     61              char pwd[MAX_PWD_SIZE + 1];
     62          } netmgr_ap_config_t;
     63          
     64          extern hal_wifi_module_t aos_wifi_module_mk3060;
     65          SDK_ALIGN(static uint8_t s_shellHandleBuffer[SHELL_HANDLE_SIZE], 4);
     66          static shell_handle_t s_shellHandle;
     67          extern serial_handle_t g_serialHandle;
     68          static shell_status_t netManage(shell_handle_t shellHandle, int32_t argc, char **argv);

   \                                 In section .data, align 4
     69          SHELL_COMMAND_DEFINE(netmgr,
     70                               "\r\n\"netmgr arg1 [arg2 arg3]\":\r\n Usage:\r\n    arg1: start|clear|connect ssid password.",
     71                               netManage,
     72                               4);
   \                     g_shellCommandnetmgr:
   \        0x0   0x....'....        DC32 ?_0, ?_1, netManage
   \              0x....'....  
   \              0x....'....  
   \        0xC   0x04 0x00          DC8 4, 0, 0, 0
   \              0x00 0x00    
   \       0x10   0x0000'0000        DC32 0H
   \       0x14   0x00 0x00          DC8 0, 0, 0, 0, 0, 0, 0, 0
   \              0x00 0x00    
   \              0x00 0x00    
   \              0x00 0x00    
     73          
     74          SDK_ALIGN(static uint8_t s_shellHandleBuffer[SHELL_HANDLE_SIZE], 4);
     75          

   \                                 In section .text, align 2, keep-with-next
     76          static shell_status_t netManage(shell_handle_t shellHandle, int32_t argc, char **argv){
   \                     netManage: (+1)
   \        0x0   0xB510             PUSH     {R4,LR}
   \        0x2   0xB0B2             SUB      SP,SP,#+200
   \        0x4   0x4614             MOV      R4,R2
     77            if(strcmp(argv[1],"start")==0){
   \        0x6   0x....             LDR.N    R1,??DataTable4
   \        0x8   0x6860             LDR      R0,[R4, #+4]
   \        0xA   0x....'....        BL       strcmp
   \        0xE   0x2800             CMP      R0,#+0
   \       0x10   0xD029             BEQ.N    ??netManage_0
     78              
     79              
     80            }else if(strcmp(argv[1],"clear") == 0){
   \       0x12   0x....             LDR.N    R1,??DataTable4_1
   \       0x14   0x6860             LDR      R0,[R4, #+4]
   \       0x16   0x....'....        BL       strcmp
   \       0x1A   0x2800             CMP      R0,#+0
   \       0x1C   0xD023             BEQ.N    ??netManage_0
     81            	//memset(g_netmgr_cxt.ap_config.ssid, 0, sizeof(g_netmgr_cxt.ap_config.ssid));
     82             // memset(g_netmgr_cxt.ap_config.pwd, 0, sizeof(g_netmgr_cxt.ap_config.pwd));
     83              //memset(g_netmgr_cxt.ap_config.bssid, 0,
     84              //       sizeof(g_netmgr_cxt.ap_config.bssid));
     85          
     86              //memset(&g_netmgr_cxt.saved_conf, 0, sizeof(netmgr_ap_config_t));
     87              //aos_wifi_module_mk3060.mesh_set_bssid;
     88              
     89            }else if(strcmp(argv[1],"connect")==0){
   \       0x1E   0x....             LDR.N    R1,??DataTable4_2
   \       0x20   0x6860             LDR      R0,[R4, #+4]
   \       0x22   0x....'....        BL       strcmp
   \       0x26   0x2800             CMP      R0,#+0
   \       0x28   0xD11A             BNE.N    ??netManage_1
     90              hal_wifi_init_type_t type;
     91          	memset(&type, 0, sizeof(type));
   \       0x2A   0x2200             MOVS     R2,#+0
   \       0x2C   0x21C8             MOVS     R1,#+200
   \       0x2E   0x4668             MOV      R0,SP
   \       0x30   0x....'....        BL       __aeabi_memset4
     92              type.wifi_mode = STATION;
   \       0x34   0x2001             MOVS     R0,#+1
   \       0x36   0xF88D 0x0000      STRB     R0,[SP, #+0]
     93              type.dhcp_mode = DHCP_CLIENT;
   \       0x3A   0xF88D 0x00A3      STRB     R0,[SP, #+163]
     94              strncpy(type.wifi_ssid, argv[2], sizeof(type.wifi_ssid) - 1);
   \       0x3E   0x2220             MOVS     R2,#+32
   \       0x40   0x68A1             LDR      R1,[R4, #+8]
   \       0x42   0xF10D 0x0001      ADD      R0,SP,#+1
   \       0x46   0x....'....        BL       strncpy
     95              strncpy(type.wifi_key, argv[3], sizeof(type.wifi_key) - 1);
   \       0x4A   0x2240             MOVS     R2,#+64
   \       0x4C   0x68E1             LDR      R1,[R4, #+12]
   \       0x4E   0xF10D 0x0022      ADD      R0,SP,#+34
   \       0x52   0x....'....        BL       strncpy
     96              aos_wifi_module_mk3060.start(&aos_wifi_module_mk3060,&type);
   \       0x56   0x....             LDR.N    R0,??DataTable4_3
   \       0x58   0x4669             MOV      R1,SP
   \       0x5A   0x6A42             LDR      R2,[R0, #+36]
   \       0x5C   0x4790             BLX      R2
   \       0x5E   0xE002             B.N      ??netManage_0
     97              
     98            }else{
     99              HAL_Printf("Error command\r\n");
                     ^
Warning[Pe223]: function "HAL_Printf" declared implicitly
   \                     ??netManage_1: (+1)
   \       0x60   0x....             LDR.N    R0,??DataTable4_4
   \       0x62   0x....'....        BL       HAL_Printf
    100            }
    101            
    102            
    103          }
                 ^
Warning[Pe940]: missing return statement at end of non-void function
          "netManage"
   \                     ??netManage_0: (+1)
   \       0x66   0xB032             ADD      SP,SP,#+200
   \       0x68   0xBD10             POP      {R4,PC}          ;; return
    104          

   \                                 In section .text, align 2, keep-with-next
    105          void app_wait_wifi_connect(void ){
   \                     app_wait_wifi_connect: (+1)
   \        0x0   0xB580             PUSH     {R7,LR}
   \        0x2   0xB096             SUB      SP,SP,#+88
    106          
    107          	char wifi_ssid[40]={0};
   \        0x4   0xA80C             ADD      R0,SP,#+48
   \        0x6   0x2128             MOVS     R1,#+40
   \        0x8   0x....'....        BL       __aeabi_memclr4
    108          	char wifi_key[40] = {0};
   \        0xC   0xA802             ADD      R0,SP,#+8
   \        0xE   0x2128             MOVS     R1,#+40
   \       0x10   0x....'....        BL       __aeabi_memclr4
    109          	int ssid_len = 40;
   \       0x14   0x2028             MOVS     R0,#+40
   \       0x16   0x9001             STR      R0,[SP, #+4]
    110          	int key_len = 40;
   \       0x18   0x9000             STR      R0,[SP, #+0]
    111          	if(HAL_Kv_Get("wifi_ssid", wifi_ssid, &ssid_len) == 0){
                 	   ^
Warning[Pe223]: function "HAL_Kv_Get" declared implicitly
   \       0x1A   0xAA01             ADD      R2,SP,#+4
   \       0x1C   0xA90C             ADD      R1,SP,#+48
   \       0x1E   0x....             LDR.N    R0,??DataTable4_5
   \       0x20   0x....'....        BL       HAL_Kv_Get
   \       0x24   0x2800             CMP      R0,#+0
   \       0x26   0xD112             BNE.N    ??app_wait_wifi_connect_0
    112          	    if(HAL_Kv_Get("wifi_key", wifi_key, &key_len) == 0){
   \       0x28   0x466A             MOV      R2,SP
   \       0x2A   0xA902             ADD      R1,SP,#+8
   \       0x2C   0x....             LDR.N    R0,??DataTable4_6
   \       0x2E   0x....'....        BL       HAL_Kv_Get
   \       0x32   0x2800             CMP      R0,#+0
   \       0x34   0xD10B             BNE.N    ??app_wait_wifi_connect_0
    113          	            at_wifi_join(wifi_ssid,wifi_key);
                 	            ^
Warning[Pe223]: function "at_wifi_join" declared implicitly
   \       0x36   0xA902             ADD      R1,SP,#+8
   \       0x38   0xA80C             ADD      R0,SP,#+48
   \       0x3A   0x....'....        BL       at_wifi_join
    114          	HAL_Printf("join wifi:%s....\r\n",wifi_ssid);
                 	^
Warning[Pe223]: function "HAL_Printf" declared implicitly
   \       0x3E   0xA90C             ADD      R1,SP,#+48
   \       0x40   0x....             LDR.N    R0,??DataTable4_7
   \       0x42   0x....'....        BL       HAL_Printf
    115          	            HAL_SleepMs(2000);
                 	            ^
Warning[Pe223]: function "HAL_SleepMs" declared implicitly
   \       0x46   0xF44F 0x60FA      MOV      R0,#+2000
   \       0x4A   0x....'....        BL       HAL_SleepMs
    116          	    }
    117          	}
    118          	if(!HAL_Wifi_Connected()){
                 	    ^
Warning[Pe223]: function "HAL_Wifi_Connected" declared implicitly
   \                     ??app_wait_wifi_connect_0: (+1)
   \       0x4E   0x....'....        BL       HAL_Wifi_Connected
   \       0x52   0x2800             CMP      R0,#+0
   \       0x54   0xD10F             BNE.N    ??app_wait_wifi_connect_1
    119          	    HAL_Printf("Wifi not connected, join the AP first\r\n");
                 	    ^
Warning[Pe223]: function "HAL_Printf" declared implicitly
   \       0x56   0x....             LDR.N    R0,??DataTable4_8
   \       0x58   0x....'....        BL       HAL_Printf
    120          	    HAL_SleepMs(1000);
                 	    ^
Warning[Pe223]: function "HAL_SleepMs" declared implicitly
   \       0x5C   0xF44F 0x707A      MOV      R0,#+1000
   \       0x60   0x....'....        BL       HAL_SleepMs
   \       0x64   0xE003             B.N      ??app_wait_wifi_connect_2
    121          	    while(!HAL_Wifi_Connected()){
    122          	      HAL_SleepMs(500);
   \                     ??app_wait_wifi_connect_3: (+1)
   \       0x66   0xF44F 0x70FA      MOV      R0,#+500
   \       0x6A   0x....'....        BL       HAL_SleepMs
    123          	    }
   \                     ??app_wait_wifi_connect_2: (+1)
   \       0x6E   0x....'....        BL       HAL_Wifi_Connected
   \       0x72   0x2800             CMP      R0,#+0
   \       0x74   0xD0F7             BEQ.N    ??app_wait_wifi_connect_3
    124          	}
    125          
    126          }
   \                     ??app_wait_wifi_connect_1: (+1)
   \       0x76   0xB017             ADD      SP,SP,#+92
   \       0x78   0xBD00             POP      {PC}             ;; return

   \                                 In section .text, align 2, keep-with-next
    127          static uint8_t app_wifi_ib_same(char *ssid, char *key){
   \                     app_wifi_ib_same: (+1)
   \        0x0   0xB538             PUSH     {R3-R5,LR}
   \        0x2   0xB096             SUB      SP,SP,#+88
   \        0x4   0x4605             MOV      R5,R0
   \        0x6   0x460C             MOV      R4,R1
    128          	char wifi_ssid[40]={0};
   \        0x8   0xA80C             ADD      R0,SP,#+48
   \        0xA   0x2128             MOVS     R1,#+40
   \        0xC   0x....'....        BL       __aeabi_memclr4
    129          	char wifi_key[40] = {0};
   \       0x10   0xA802             ADD      R0,SP,#+8
   \       0x12   0x2128             MOVS     R1,#+40
   \       0x14   0x....'....        BL       __aeabi_memclr4
    130          	int ssid_len = 40;
   \       0x18   0x2028             MOVS     R0,#+40
   \       0x1A   0x9001             STR      R0,[SP, #+4]
    131          	int key_len = 40;
   \       0x1C   0x9000             STR      R0,[SP, #+0]
    132          	if((HAL_Kv_Get("wifi_ssid", wifi_ssid, &ssid_len) == 0) && (strncmp(ssid,wifi_ssid,strlen(wifi_ssid)) == 0)){
                 	    ^
Warning[Pe223]: function "HAL_Kv_Get" declared implicitly
   \       0x1E   0xAA01             ADD      R2,SP,#+4
   \       0x20   0xA90C             ADD      R1,SP,#+48
   \       0x22   0x....             LDR.N    R0,??DataTable4_5
   \       0x24   0x....'....        BL       HAL_Kv_Get
   \       0x28   0x2800             CMP      R0,#+0
   \       0x2A   0xD11F             BNE.N    ??app_wifi_ib_same_0
   \       0x2C   0xA80C             ADD      R0,SP,#+48
   \       0x2E   0x....'....        BL       strlen
   \       0x32   0x4602             MOV      R2,R0
   \       0x34   0xA90C             ADD      R1,SP,#+48
   \       0x36   0x4628             MOV      R0,R5
   \       0x38   0x....'....        BL       strncmp
   \       0x3C   0x2800             CMP      R0,#+0
   \       0x3E   0xD115             BNE.N    ??app_wifi_ib_same_0
    133          	    if((HAL_Kv_Get("wifi_key", wifi_key, &key_len) == 0) &&(strncmp(key,wifi_key,strlen(wifi_key)) == 0)){
   \       0x40   0x466A             MOV      R2,SP
   \       0x42   0xA902             ADD      R1,SP,#+8
   \       0x44   0x....             LDR.N    R0,??DataTable4_6
   \       0x46   0x....'....        BL       HAL_Kv_Get
   \       0x4A   0x2800             CMP      R0,#+0
   \       0x4C   0xD10E             BNE.N    ??app_wifi_ib_same_0
   \       0x4E   0xA802             ADD      R0,SP,#+8
   \       0x50   0x....'....        BL       strlen
   \       0x54   0x4602             MOV      R2,R0
   \       0x56   0xA902             ADD      R1,SP,#+8
   \       0x58   0x4620             MOV      R0,R4
   \       0x5A   0x....'....        BL       strncmp
   \       0x5E   0x2800             CMP      R0,#+0
   \       0x60   0xD104             BNE.N    ??app_wifi_ib_same_0
    134          	 
    135          			HAL_Printf("Same WiFi IB inputed\r\n");
                 			^
Warning[Pe223]: function "HAL_Printf" declared implicitly
   \       0x62   0x....             LDR.N    R0,??DataTable4_9
   \       0x64   0x....'....        BL       HAL_Printf
    136          			return 1;
   \       0x68   0x2001             MOVS     R0,#+1
   \       0x6A   0xE000             B.N      ??app_wifi_ib_same_1
    137          
    138          	    }
    139          	}
    140          	return 0;
   \                     ??app_wifi_ib_same_0: (+1)
   \       0x6C   0x2000             MOVS     R0,#+0
   \                     ??app_wifi_ib_same_1: (+1)
   \       0x6E   0xB017             ADD      SP,SP,#+92
   \       0x70   0xBD30             POP      {R4,R5,PC}       ;; return
    141          
    142          
    143          }
    144          

   \                                 In section .text, align 2, keep-with-next
    145          void app_process_recive_cmd(char *buff, uint8_t len){
   \                     app_process_recive_cmd: (+1)
   \        0x0   0xB5F8             PUSH     {R3-R7,LR}
   \        0x2   0xB094             SUB      SP,SP,#+80
   \        0x4   0x4605             MOV      R5,R0
   \        0x6   0x460C             MOV      R4,R1
    146            uint8_t ptr = 2;
   \        0x8   0x2602             MOVS     R6,#+2
    147            uint8_t i = 0;
   \        0xA   0x2700             MOVS     R7,#+0
    148            if(buff[0] == 'c'){//connect wifi
   \        0xC   0x7828             LDRB     R0,[R5, #+0]
   \        0xE   0x2863             CMP      R0,#+99
   \       0x10   0xD126             BNE.N    ??app_process_recive_cmd_0
    149          		char wifi_ssid[40]={0};
   \       0x12   0x4668             MOV      R0,SP
   \       0x14   0x2128             MOVS     R1,#+40
   \       0x16   0x....'....        BL       __aeabi_memclr4
    150          		char wifi_key[40] = {0};
   \       0x1A   0xA80A             ADD      R0,SP,#+40
   \       0x1C   0x2128             MOVS     R1,#+40
   \       0x1E   0x....'....        BL       __aeabi_memclr4
    151          		if(buff[1] = ' '){
                 		   ^
Warning[Pe187]: use of "=" where "==" may have been intended
   \       0x22   0x2020             MOVS     R0,#+32
   \       0x24   0x7068             STRB     R0,[R5, #+1]
   \       0x26   0x4669             MOV      R1,SP
   \       0x28   0xE005             B.N      ??app_process_recive_cmd_1
    152          			while(buff[ptr] != ' '){
    153          				wifi_ssid[i++] = buff[ptr++];
   \                     ??app_process_recive_cmd_2: (+1)
   \       0x2A   0x463A             MOV      R2,R7
   \       0x2C   0xB2D2             UXTB     R2,R2
   \       0x2E   0x5488             STRB     R0,[R1, R2]
   \       0x30   0x1C76             ADDS     R6,R6,#+1
   \       0x32   0xB2F6             UXTB     R6,R6
   \       0x34   0x1C7F             ADDS     R7,R7,#+1
    154          			}
   \                     ??app_process_recive_cmd_1: (+1)
   \       0x36   0x5DA8             LDRB     R0,[R5, R6]
   \       0x38   0x2820             CMP      R0,#+32
   \       0x3A   0xD1F6             BNE.N    ??app_process_recive_cmd_2
    155          			ptr++;
   \       0x3C   0x1C76             ADDS     R6,R6,#+1
   \       0x3E   0xB2F6             UXTB     R6,R6
    156          			i=0;
   \       0x40   0x2000             MOVS     R0,#+0
   \       0x42   0xAA0A             ADD      R2,SP,#+40
    157          			while(buff[ptr] != '\r' && (ptr<len)){
   \                     ??app_process_recive_cmd_3: (+1)
   \       0x44   0x5DA9             LDRB     R1,[R5, R6]
   \       0x46   0x290D             CMP      R1,#+13
   \       0x48   0xD026             BEQ.N    ??app_process_recive_cmd_4
   \       0x4A   0x4621             MOV      R1,R4
   \       0x4C   0x428E             CMP      R6,R1
   \       0x4E   0xDA23             BGE.N    ??app_process_recive_cmd_4
    158          				wifi_key[i++] = buff[ptr++];
   \       0x50   0x5DA9             LDRB     R1,[R5, R6]
   \       0x52   0x4603             MOV      R3,R0
   \       0x54   0xB2DB             UXTB     R3,R3
   \       0x56   0x54D1             STRB     R1,[R2, R3]
   \       0x58   0x1C76             ADDS     R6,R6,#+1
   \       0x5A   0xB2F6             UXTB     R6,R6
   \       0x5C   0x1C40             ADDS     R0,R0,#+1
   \       0x5E   0xE7F1             B.N      ??app_process_recive_cmd_3
    159          			}
    160          			if(app_wifi_ib_same(wifi_ssid,wifi_key) == 0){
    161          				HAL_Kv_Set("wifi_ssid", wifi_ssid, strlen(wifi_ssid), 0);
                 				^
Warning[Pe223]: function "HAL_Kv_Set" declared implicitly
    162          				HAL_Kv_Set("wifi_key", wifi_key, strlen(wifi_key), 0);
    163          			}
    164          			at_wifi_join(wifi_ssid,wifi_key);
                 			^
Warning[Pe223]: function "at_wifi_join" declared implicitly
    165                                  HAL_Printf("join wifi:%s....\r\n",wifi_ssid);
                                         ^
Warning[Pe223]: function "HAL_Printf" declared implicitly
    166          		}
    167          
    168            }else if(buff[0] == 'f'){//factory new module
   \                     ??app_process_recive_cmd_0: (+1)
   \       0x60   0x2866             CMP      R0,#+102
   \       0x62   0xD114             BNE.N    ??app_process_recive_cmd_5
    169            	uint8_t value_invalid = 0xff;
   \       0x64   0x20FF             MOVS     R0,#+255
   \       0x66   0xF88D 0x0000      STRB     R0,[SP, #+0]
    170          	HAL_Kv_Set("wifi_ssid", &value_invalid, 1, 0);
                 	^
Warning[Pe223]: function "HAL_Kv_Set" declared implicitly
   \       0x6A   0x463B             MOV      R3,R7
   \       0x6C   0x2201             MOVS     R2,#+1
   \       0x6E   0x4669             MOV      R1,SP
   \       0x70   0x....             LDR.N    R0,??DataTable4_5
   \       0x72   0x....'....        BL       HAL_Kv_Set
    171          	HAL_Kv_Set("wifi_key", &value_invalid, 1, 0);
   \       0x76   0x463B             MOV      R3,R7
   \       0x78   0x2201             MOVS     R2,#+1
   \       0x7A   0x4669             MOV      R1,SP
   \       0x7C   0x....             LDR.N    R0,??DataTable4_6
   \       0x7E   0x....'....        BL       HAL_Kv_Set
    172          	at_wifi_factory_new();
                 	^
Warning[Pe223]: function "at_wifi_factory_new" declared implicitly
   \       0x82   0x....'....        BL       at_wifi_factory_new
    173                  HAL_Printf("Factory wifi module....\r\n");
                         ^
Warning[Pe223]: function "HAL_Printf" declared implicitly
   \       0x86   0x....             LDR.N    R0,??DataTable4_10
   \       0x88   0x....'....        BL       HAL_Printf
   \       0x8C   0xE002             B.N      ??app_process_recive_cmd_6
    174            }else{
    175          
    176            	HAL_Printf("Unknown command\r\n");
                   	^
Warning[Pe223]: function "HAL_Printf" declared implicitly
   \                     ??app_process_recive_cmd_5: (+1)
   \       0x8E   0x....             LDR.N    R0,??DataTable4_11
   \       0x90   0x....'....        BL       HAL_Printf
    177          
    178            }
    179            
    180          }
   \                     ??app_process_recive_cmd_6: (+1)
   \       0x94   0xB015             ADD      SP,SP,#+84
   \       0x96   0xBDF0             POP      {R4-R7,PC}       ;; return
   \                     ??app_process_recive_cmd_4: (+1)
   \       0x98   0xA90A             ADD      R1,SP,#+40
   \       0x9A   0x4668             MOV      R0,SP
   \       0x9C   0x....'....        BL       app_wifi_ib_same
   \       0xA0   0x2800             CMP      R0,#+0
   \       0xA2   0xD111             BNE.N    ??app_process_recive_cmd_7
   \       0xA4   0x4668             MOV      R0,SP
   \       0xA6   0x....'....        BL       strlen
   \       0xAA   0x4602             MOV      R2,R0
   \       0xAC   0x2300             MOVS     R3,#+0
   \       0xAE   0x4669             MOV      R1,SP
   \       0xB0   0x....             LDR.N    R0,??DataTable4_5
   \       0xB2   0x....'....        BL       HAL_Kv_Set
   \       0xB6   0xA80A             ADD      R0,SP,#+40
   \       0xB8   0x....'....        BL       strlen
   \       0xBC   0x4602             MOV      R2,R0
   \       0xBE   0x2300             MOVS     R3,#+0
   \       0xC0   0xA90A             ADD      R1,SP,#+40
   \       0xC2   0x....             LDR.N    R0,??DataTable4_6
   \       0xC4   0x....'....        BL       HAL_Kv_Set
   \                     ??app_process_recive_cmd_7: (+1)
   \       0xC8   0xA90A             ADD      R1,SP,#+40
   \       0xCA   0x4668             MOV      R0,SP
   \       0xCC   0x....'....        BL       at_wifi_join
   \       0xD0   0x4669             MOV      R1,SP
   \       0xD2   0x....             LDR.N    R0,??DataTable4_7
   \       0xD4   0x....'....        BL       HAL_Printf
   \       0xD8   0xE7DC             B.N      ??app_process_recive_cmd_6
    181          
    182          
    183          /*******************************************************************************
    184           * Definitions
    185           ******************************************************************************/
    186          
    187          /* Task priorities. */
    188          
    189          /*******************************************************************************
    190           * Prototypes
    191           ******************************************************************************/
    192          
    193          /*******************************************************************************
    194           * Code
    195           ******************************************************************************/
    196          /*!
    197           * @brief Application entry point.
    198           */

   \                                 In section .text, align 2, keep-with-next
    199          int main(void)
    200          {
   \                     main: (+1)
   \        0x0   0xB580             PUSH     {R7,LR}
    201              /* Init board hardware. */
    202              BOARD_ConfigMPU();
   \        0x2   0x....'....        BL       BOARD_ConfigMPU
    203              BOARD_InitPins();
   \        0x6   0x....'....        BL       BOARD_InitPins
    204          	
    205              BOARD_BootClockRUN();
   \        0xA   0x....'....        BL       BOARD_BootClockRUN
    206              flexspi_hyper_flash_init();
                     ^
Warning[Pe223]: function "flexspi_hyper_flash_init" declared implicitly
   \        0xE   0x....'....        BL       flexspi_hyper_flash_init
    207              kv_init();
                     ^
Warning[Pe223]: function "kv_init" declared implicitly
   \       0x12   0x....'....        BL       kv_init
    208              
    209              
    210              gpio_pin_config_t led_config = {kGPIO_DigitalOutput, 0, kGPIO_NoIntmode};
   \       0x16   0x....             LDR.N    R0,??DataTable4_12
   \       0x18   0x6800             LDR      R0,[R0, #+0]
   \       0x1A   0x9000             STR      R0,[SP, #+0]
    211          	/* Init output LED GPIO. */
    212              GPIO_PinInit(BOARD_USER_LED_GPIO, BOARD_USER_LED_GPIO_PIN, &led_config);
   \       0x1C   0x466A             MOV      R2,SP
   \       0x1E   0x2109             MOVS     R1,#+9
   \       0x20   0x....             LDR.N    R0,??DataTable4_13  ;; 0x401b8000
   \       0x22   0x....'....        BL       GPIO_PinInit
    213              log_init();
                     ^
Warning[Pe223]: function "log_init" declared implicitly
   \       0x26   0x....'....        BL       log_init
    214              //linkkit_init();
    215          	linkkitcsdk_init();
                 	^
Warning[Pe223]: function "linkkitcsdk_init" declared implicitly

  SDK_ALIGN(static uint8_t s_shellHandleBuffer[SHELL_HANDLE_SIZE], 4);
                           ^
"C:\nxp\SDK_2.6.0_EVKB-IMXRT1050\boards\evkbimxrt1050\rtos_examples\csdk\csdk.c",65  Warning[Pe177]: 
          variable "s_shellHandleBuffer" was declared but never referenced

  static shell_handle_t s_shellHandle;
                        ^
"C:\nxp\SDK_2.6.0_EVKB-IMXRT1050\boards\evkbimxrt1050\rtos_examples\csdk\csdk.c",66  Warning[Pe177]: 
          variable "s_shellHandle" was declared but never referenced
   \       0x2A   0x....'....        BL       linkkitcsdk_init
    216              vTaskStartScheduler();
   \       0x2E   0x....'....        BL       vTaskStartScheduler
    217              while(1);
   \                     ??main_0: (+1)
   \       0x32   0xE7FE             B.N      ??main_0
    218          }

   \                                 In section .text, align 4, keep-with-next
   \                     ??DataTable4:
   \        0x0   0x....'....        DC32     ?_2

   \                                 In section .text, align 4, keep-with-next
   \                     ??DataTable4_1:
   \        0x0   0x....'....        DC32     ?_3

   \                                 In section .text, align 4, keep-with-next
   \                     ??DataTable4_2:
   \        0x0   0x....'....        DC32     ?_4

   \                                 In section .text, align 4, keep-with-next
   \                     ??DataTable4_3:
   \        0x0   0x....'....        DC32     aos_wifi_module_mk3060

   \                                 In section .text, align 4, keep-with-next
   \                     ??DataTable4_4:
   \        0x0   0x....'....        DC32     ?_5

   \                                 In section .text, align 4, keep-with-next
   \                     ??DataTable4_5:
   \        0x0   0x....'....        DC32     ?_8

   \                                 In section .text, align 4, keep-with-next
   \                     ??DataTable4_6:
   \        0x0   0x....'....        DC32     ?_9

   \                                 In section .text, align 4, keep-with-next
   \                     ??DataTable4_7:
   \        0x0   0x....'....        DC32     ?_10

   \                                 In section .text, align 4, keep-with-next
   \                     ??DataTable4_8:
   \        0x0   0x....'....        DC32     ?_11

   \                                 In section .text, align 4, keep-with-next
   \                     ??DataTable4_9:
   \        0x0   0x....'....        DC32     ?_14

   \                                 In section .text, align 4, keep-with-next
   \                     ??DataTable4_10:
   \        0x0   0x....'....        DC32     ?_17

   \                                 In section .text, align 4, keep-with-next
   \                     ??DataTable4_11:
   \        0x0   0x....'....        DC32     ?_18

   \                                 In section .text, align 4, keep-with-next
   \                     ??DataTable4_12:
   \        0x0   0x....'....        DC32     ?_19

   \                                 In section .text, align 4, keep-with-next
   \                     ??DataTable4_13:
   \        0x0   0x401B'8000        DC32     0x401b8000

   \                                 In section .rodata, align 4
   \                     ?_0:
   \        0x0   0x6E 0x65          DC8 "netmgr"
   \              0x74 0x6D    
   \              0x67 0x72    
   \              0x00         
   \        0x7   0x00               DC8 0

   \                                 In section .rodata, align 4
   \                     ?_1:
   \        0x0   0x0D 0x0A          DC8 0DH, 0AH, 22H, 6EH, 65H, 74H, 6DH, 67H
   \              0x22 0x6E    
   \              0x65 0x74    
   \              0x6D 0x67    
   \        0x8   0x72 0x20          DC8 72H, 20H, 61H, 72H, 67H, 31H, 20H, 5BH
   \              0x61 0x72    
   \              0x67 0x31    
   \              0x20 0x5B    
   \       0x10   0x61 0x72          DC8 61H, 72H, 67H, 32H, 20H, 61H, 72H, 67H
   \              0x67 0x32    
   \              0x20 0x61    
   \              0x72 0x67    
   \       0x18   0x33 0x5D          DC8 33H, 5DH, 22H, 3AH, 0DH, 0AH, 20H, 55H
   \              0x22 0x3A    
   \              0x0D 0x0A    
   \              0x20 0x55    
   \       0x20   0x73 0x61          DC8 73H, 61H, 67H, 65H, 3AH, 0DH, 0AH, 20H
   \              0x67 0x65    
   \              0x3A 0x0D    
   \              0x0A 0x20    
   \       0x28   0x20 0x20          DC8 20H, 20H, 20H, 61H, 72H, 67H, 31H, 3AH
   \              0x20 0x61    
   \              0x72 0x67    
   \              0x31 0x3A    
   \       0x30   0x20 0x73          DC8 20H, 73H, 74H, 61H, 72H, 74H, 7CH, 63H
   \              0x74 0x61    
   \              0x72 0x74    
   \              0x7C 0x63    
   \       0x38   0x6C 0x65          DC8 6CH, 65H, 61H, 72H, 7CH, 63H, 6FH, 6EH
   \              0x61 0x72    
   \              0x7C 0x63    
   \              0x6F 0x6E    
   \       0x40   0x6E 0x65          DC8 6EH, 65H, 63H, 74H, 20H, 73H, 73H, 69H
   \              0x63 0x74    
   \              0x20 0x73    
   \              0x73 0x69    
   \       0x48   0x64 0x20          DC8 64H, 20H, 70H, 61H, 73H, 73H, 77H, 6FH
   \              0x70 0x61    
   \              0x73 0x73    
   \              0x77 0x6F    
   \       0x50   0x72 0x64          DC8 72H, 64H, 2EH, 0
   \              0x2E 0x00    

   \                                 In section .rodata, align 4
   \                     ?_2:
   \        0x0   0x73 0x74          DC8 "start"
   \              0x61 0x72    
   \              0x74 0x00    
   \        0x6   0x00 0x00          DC8 0, 0

   \                                 In section .rodata, align 4
   \                     ?_3:
   \        0x0   0x63 0x6C          DC8 "clear"
   \              0x65 0x61    
   \              0x72 0x00    
   \        0x6   0x00 0x00          DC8 0, 0

   \                                 In section .rodata, align 4
   \                     ?_4:
   \        0x0   0x63 0x6F          DC8 "connect"
   \              0x6E 0x6E    
   \              0x65 0x63    
   \              0x74 0x00    

   \                                 In section .rodata, align 4
   \                     ?_5:
   \        0x0   0x45 0x72          DC8 "Error command\015\012"
   \              0x72 0x6F    
   \              0x72 0x20    
   \              0x63 0x6F    
   \              0x6D 0x6D    
   \              0x61 0x6E    
   \              0x64 0x0D    
   \              0x0A 0x00    

   \                                 In section .rodata, align 4
   \        0x0   0x00 0x00          DC8 0, 0, 0, 0, 0, 0, 0, 0, 0, 0, 0, 0, 0, 0, 0, 0, 0, 0, 0, 0, 0, 0, 0
   \              0x00 0x00    
   \              0x00 0x00    
   \              0x00 0x00    
   \              0x00 0x00    
   \              0x00 0x00    
   \              0x00 0x00    
   \              0x00 0x00    
   \              0x00 0x00    
   \              0x00 0x00    
   \              0x00 0x00    
   \              0x00         
   \       0x17   0x00 0x00          DC8 0, 0, 0, 0, 0, 0, 0, 0, 0, 0, 0, 0, 0, 0, 0, 0, 0
   \              0x00 0x00    
   \              0x00 0x00    
   \              0x00 0x00    
   \              0x00 0x00    
   \              0x00 0x00    
   \              0x00 0x00    
   \              0x00 0x00    
   \              0x00         

   \                                 In section .rodata, align 4
   \        0x0   0x00 0x00          DC8 0, 0, 0, 0, 0, 0, 0, 0, 0, 0, 0, 0, 0, 0, 0, 0, 0, 0, 0, 0, 0, 0, 0
   \              0x00 0x00    
   \              0x00 0x00    
   \              0x00 0x00    
   \              0x00 0x00    
   \              0x00 0x00    
   \              0x00 0x00    
   \              0x00 0x00    
   \              0x00 0x00    
   \              0x00 0x00    
   \              0x00 0x00    
   \              0x00         
   \       0x17   0x00 0x00          DC8 0, 0, 0, 0, 0, 0, 0, 0, 0, 0, 0, 0, 0, 0, 0, 0, 0
   \              0x00 0x00    
   \              0x00 0x00    
   \              0x00 0x00    
   \              0x00 0x00    
   \              0x00 0x00    
   \              0x00 0x00    
   \              0x00 0x00    
   \              0x00         

   \                                 In section .rodata, align 4
   \                     ?_8:
   \        0x0   0x77 0x69          DC8 "wifi_ssid"
   \              0x66 0x69    
   \              0x5F 0x73    
   \              0x73 0x69    
   \              0x64 0x00    
   \        0xA   0x00 0x00          DC8 0, 0

   \                                 In section .rodata, align 4
   \                     ?_9:
   \        0x0   0x77 0x69          DC8 "wifi_key"
   \              0x66 0x69    
   \              0x5F 0x6B    
   \              0x65 0x79    
   \              0x00         
   \        0x9   0x00 0x00          DC8 0, 0, 0
   \              0x00         

   \                                 In section .rodata, align 4
   \                     ?_10:
   \        0x0   0x6A 0x6F          DC8 "join wifi:%s....\015\012"
   \              0x69 0x6E    
   \              0x20 0x77    
   \              0x69 0x66    
   \              0x69 0x3A    
   \              0x25 0x73    
   \              0x2E 0x2E    
   \              0x2E 0x2E    
   \              0x0D 0x0A    
   \              0x00         
   \       0x13   0x00               DC8 0

   \                                 In section .rodata, align 4
   \                     ?_11:
   \        0x0   0x57 0x69          DC8 "Wifi not connected, join the AP first\015\012"
   \              0x66 0x69    
   \              0x20 0x6E    
   \              0x6F 0x74    
   \              0x20 0x63    
   \              0x6F 0x6E    
   \              0x6E 0x65    
   \              0x63 0x74    
   \              0x65 0x64    
   \              0x2C 0x20    
   \              0x6A 0x6F    
   \              0x69 0x6E    
   \              0x20 0x74    
   \              0x68 0x65    
   \              0x20 0x41    
   \              0x50 0x20    
   \              0x66 0x69    
   \              0x72 0x73    
   \              0x74 0x0D    
   \              0x0A 0x00    

   \                                 In section .rodata, align 4
   \        0x0   0x00 0x00          DC8 0, 0, 0, 0, 0, 0, 0, 0, 0, 0, 0, 0, 0, 0, 0, 0, 0, 0, 0, 0, 0, 0, 0
   \              0x00 0x00    
   \              0x00 0x00    
   \              0x00 0x00    
   \              0x00 0x00    
   \              0x00 0x00    
   \              0x00 0x00    
   \              0x00 0x00    
   \              0x00 0x00    
   \              0x00 0x00    
   \              0x00 0x00    
   \              0x00         
   \       0x17   0x00 0x00          DC8 0, 0, 0, 0, 0, 0, 0, 0, 0, 0, 0, 0, 0, 0, 0, 0, 0
   \              0x00 0x00    
   \              0x00 0x00    
   \              0x00 0x00    
   \              0x00 0x00    
   \              0x00 0x00    
   \              0x00 0x00    
   \              0x00 0x00    
   \              0x00         

   \                                 In section .rodata, align 4
   \        0x0   0x00 0x00          DC8 0, 0, 0, 0, 0, 0, 0, 0, 0, 0, 0, 0, 0, 0, 0, 0, 0, 0, 0, 0, 0, 0, 0
   \              0x00 0x00    
   \              0x00 0x00    
   \              0x00 0x00    
   \              0x00 0x00    
   \              0x00 0x00    
   \              0x00 0x00    
   \              0x00 0x00    
   \              0x00 0x00    
   \              0x00 0x00    
   \              0x00 0x00    
   \              0x00         
   \       0x17   0x00 0x00          DC8 0, 0, 0, 0, 0, 0, 0, 0, 0, 0, 0, 0, 0, 0, 0, 0, 0
   \              0x00 0x00    
   \              0x00 0x00    
   \              0x00 0x00    
   \              0x00 0x00    
   \              0x00 0x00    
   \              0x00 0x00    
   \              0x00 0x00    
   \              0x00         

   \                                 In section .rodata, align 4
   \                     ?_14:
   \        0x0   0x53 0x61          DC8 "Same WiFi IB inputed\015\012"
   \              0x6D 0x65    
   \              0x20 0x57    
   \              0x69 0x46    
   \              0x69 0x20    
   \              0x49 0x42    
   \              0x20 0x69    
   \              0x6E 0x70    
   \              0x75 0x74    
   \              0x65 0x64    
   \              0x0D 0x0A    
   \              0x00         
   \       0x17   0x00               DC8 0

   \                                 In section .rodata, align 4
   \        0x0   0x00 0x00          DC8 0, 0, 0, 0, 0, 0, 0, 0, 0, 0, 0, 0, 0, 0, 0, 0, 0, 0, 0, 0, 0, 0, 0
   \              0x00 0x00    
   \              0x00 0x00    
   \              0x00 0x00    
   \              0x00 0x00    
   \              0x00 0x00    
   \              0x00 0x00    
   \              0x00 0x00    
   \              0x00 0x00    
   \              0x00 0x00    
   \              0x00 0x00    
   \              0x00         
   \       0x17   0x00 0x00          DC8 0, 0, 0, 0, 0, 0, 0, 0, 0, 0, 0, 0, 0, 0, 0, 0, 0
   \              0x00 0x00    
   \              0x00 0x00    
   \              0x00 0x00    
   \              0x00 0x00    
   \              0x00 0x00    
   \              0x00 0x00    
   \              0x00 0x00    
   \              0x00         

   \                                 In section .rodata, align 4
   \        0x0   0x00 0x00          DC8 0, 0, 0, 0, 0, 0, 0, 0, 0, 0, 0, 0, 0, 0, 0, 0, 0, 0, 0, 0, 0, 0, 0
   \              0x00 0x00    
   \              0x00 0x00    
   \              0x00 0x00    
   \              0x00 0x00    
   \              0x00 0x00    
   \              0x00 0x00    
   \              0x00 0x00    
   \              0x00 0x00    
   \              0x00 0x00    
   \              0x00 0x00    
   \              0x00         
   \       0x17   0x00 0x00          DC8 0, 0, 0, 0, 0, 0, 0, 0, 0, 0, 0, 0, 0, 0, 0, 0, 0
   \              0x00 0x00    
   \              0x00 0x00    
   \              0x00 0x00    
   \              0x00 0x00    
   \              0x00 0x00    
   \              0x00 0x00    
   \              0x00 0x00    
   \              0x00         

   \                                 In section .rodata, align 4
   \                     ?_17:
   \        0x0   0x46 0x61          DC8 "Factory wifi module....\015\012"
   \              0x63 0x74    
   \              0x6F 0x72    
   \              0x79 0x20    
   \              0x77 0x69    
   \              0x66 0x69    
   \              0x20 0x6D    
   \              0x6F 0x64    
   \              0x75 0x6C    
   \              0x65 0x2E    
   \              0x2E 0x2E    
   \              0x2E 0x0D    
   \              0x0A 0x00    
   \       0x1A   0x00 0x00          DC8 0, 0

   \                                 In section .rodata, align 4
   \                     ?_18:
   \        0x0   0x55 0x6E          DC8 "Unknown command\015\012"
   \              0x6B 0x6E    
   \              0x6F 0x77    
   \              0x6E 0x20    
   \              0x63 0x6F    
   \              0x6D 0x6D    
   \              0x61 0x6E    
   \              0x64 0x0D    
   \              0x0A 0x00    
   \       0x12   0x00 0x00          DC8 0, 0

   \                                 In section .rodata, align 4
   \                     ?_19:
   \        0x0   0x01 0x00          DC8 1, 0, 0, 0
   \              0x00 0x00    
    219          
    220          

   Maximum stack usage in bytes:

   .cstack Function
   ------- --------
     104   app_process_recive_cmd
       104   -> HAL_Kv_Set
       104   -> HAL_Printf
       104   -> __aeabi_memclr4
       104   -> app_wifi_ib_same
       104   -> at_wifi_factory_new
       104   -> at_wifi_join
       104   -> strlen
      96   app_wait_wifi_connect
        96   -> HAL_Kv_Get
        96   -> HAL_Printf
        96   -> HAL_SleepMs
        96   -> HAL_Wifi_Connected
        96   -> __aeabi_memclr4
        96   -> at_wifi_join
     104   app_wifi_ib_same
       104   -> HAL_Kv_Get
       104   -> HAL_Printf
       104   -> __aeabi_memclr4
       104   -> strlen
       104   -> strncmp
       8   main
         8   -> BOARD_BootClockRUN
         8   -> BOARD_ConfigMPU
         8   -> BOARD_InitPins
         8   -> GPIO_PinInit
         8   -> flexspi_hyper_flash_init
         8   -> kv_init
         8   -> linkkitcsdk_init
         8   -> log_init
         8   -> vTaskStartScheduler
     208   netManage
       208   -- Indirect call
       208   -> HAL_Printf
       208   -> __aeabi_memset4
       208   -> strcmp
       208   -> strncpy


   Section sizes:

   Bytes  Function/Label
   -----  --------------
       4  ??DataTable4
       4  ??DataTable4_1
       4  ??DataTable4_10
       4  ??DataTable4_11
       4  ??DataTable4_12
       4  ??DataTable4_13
       4  ??DataTable4_2
       4  ??DataTable4_3
       4  ??DataTable4_4
       4  ??DataTable4_5
       4  ??DataTable4_6
       4  ??DataTable4_7
       4  ??DataTable4_8
       4  ??DataTable4_9
       8  ?_0
      84  ?_1
      20  ?_10
      40  ?_11
      40  ?_12
      40  ?_13
      24  ?_14
      40  ?_15
      40  ?_16
      28  ?_17
      20  ?_18
       4  ?_19
       8  ?_2
       8  ?_3
       8  ?_4
      16  ?_5
      40  ?_6
      40  ?_7
      12  ?_8
      12  ?_9
     218  app_process_recive_cmd
     122  app_wait_wifi_connect
     114  app_wifi_ib_same
      28  g_shellCommandnetmgr
      52  main
     106  netManage

 
  28 bytes in section .data
 532 bytes in section .rodata
 668 bytes in section .text
 
 668 bytes of CODE  memory
 532 bytes of CONST memory
  28 bytes of DATA  memory

Errors: none
Warnings: 25
